Change Physical Footprint: Designator=C1 Old Footprint=CAPC3216 New Footprint=CAPC3216
Change Physical Footprint: Designator=C2 Old Footprint=CAPC3216 New Footprint=CAPC3216
Change Physical Footprint: Designator=C3 Old Footprint=CAPC3216 New Footprint=CAPC3216
Change Physical Footprint: Designator=C4 Old Footprint=CAPC3216 New Footprint=CAPC3216
Change Physical Footprint: Designator=C5 Old Footprint=CAPC3216 New Footprint=CAPC3216
Change Physical Footprint: Designator=C6 Old Footprint=CAPC3216 New Footprint=CAPC3216
Change Physical Footprint: Designator=C7 Old Footprint=CAPC3225 New Footprint=CAPC3225
Change Physical Footprint: Designator=C8 Old Footprint=CAPC3216 New Footprint=CAPC3216
Change Physical Footprint: Designator=C9 Old Footprint=CAPC3216 New Footprint=CAPC3216
Change Physical Footprint: Designator=C10 Old Footprint=CAPC3216 New Footprint=CAPC3216
Change Physical Footprint: Designator=C11 Old Footprint=CAPC3216 New Footprint=CAPC3216
Change Physical Footprint: Designator=C12 Old Footprint=CAPC3216 New Footprint=CAPC3216
Change Physical Footprint: Designator=C13 Old Footprint=CAPC3216 New Footprint=CAPC3216
Change Physical Footprint: Designator=C14 Old Footprint=CAPC3216 New Footprint=CAPC3216
Change Physical Footprint: Designator=C15 Old Footprint=CAPC3225 New Footprint=CAPC3225
Change Physical Footprint: Designator=C16 Old Footprint=CAPC1608 New Footprint=CAPC1608
Change Physical Footprint: Designator=C17 Old Footprint=CAPC3225 New Footprint=CAPC3225
Change Physical Footprint: Designator=C18 Old Footprint=CAPC1608 New Footprint=CAPC1608
Change Physical Footprint: Designator=C19 Old Footprint=CAPC1608 New Footprint=CAPC1608
Change Physical Footprint: Designator=C20 Old Footprint=CAPC3225 New Footprint=CAPC3225
Change Physical Footprint: Designator=C21 Old Footprint=CAPC1608 New Footprint=CAPC1608
Change Physical Footprint: Designator=C22 Old Footprint=CAPC3225 New Footprint=CAPC3225
Change Physical Footprint: Designator=C23 Old Footprint=CAPC1608 New Footprint=CAPC1608
Change Physical Footprint: Designator=C24 Old Footprint=CAPPRD500W60D800H1150 New Footprint=CAPPRD500W60D800H1150
Change Physical Footprint: Designator=C25 Old Footprint=CAPPRD500W60D800H1150 New Footprint=CAPPRD500W60D800H1150
Change Physical Footprint: Designator=C26 Old Footprint=CAPC1608 New Footprint=CAPC1608
Change Physical Footprint: Designator=C27 Old Footprint=CAPC1608 New Footprint=CAPC1608
Change Physical Footprint: Designator=C28 Old Footprint=CAPC3216 New Footprint=CAPC3216
Change Physical Footprint: Designator=C29 Old Footprint=CAPC3216 New Footprint=CAPC3216
Change Physical Footprint: Designator=C30 Old Footprint=CAPPRD500W60D800H1150 New Footprint=CAPPRD500W60D800H1150
Change Physical Footprint: Designator=C31 Old Footprint=CAPPRD500W60D800H1150 New Footprint=CAPPRD500W60D800H1150
Change Physical Footprint: Designator=C32 Old Footprint=CAPPRD500W60D800H1150 New Footprint=CAPPRD500W60D800H1150
Change Physical Footprint: Designator=C33 Old Footprint=CAPPRD500W60D800H1150 New Footprint=CAPPRD500W60D800H1150
Change Physical Footprint: Designator=C34 Old Footprint=CAPC3216 New Footprint=CAPC3216
Change Physical Footprint: Designator=C35 Old Footprint=CAPC3216 New Footprint=CAPC3216
Change Physical Footprint: Designator=C36 Old Footprint=CAPC1608 New Footprint=CAPC1608
Change Physical Footprint: Designator=C37 Old Footprint=CAPC1608 New Footprint=CAPC1608
Change Physical Footprint: Designator=C38 Old Footprint=CAPC2012 New Footprint=CAPC2012
Change Physical Footprint: Designator=C39 Old Footprint=CAPC2012 New Footprint=CAPC2012
Change Physical Footprint: Designator=C40 Old Footprint=CAPC2012 New Footprint=CAPC2012
Change Physical Footprint: Designator=C41 Old Footprint=CAPC3216 New Footprint=CAPC3216
Change Physical Footprint: Designator=C42 Old Footprint=CAPC2012 New Footprint=CAPC2012
Change Physical Footprint: Designator=C43 Old Footprint=CAPC2012 New Footprint=CAPC2012
Change Physical Footprint: Designator=C44 Old Footprint=CAPC2012 New Footprint=CAPC2012
Change Physical Footprint: Designator=C45 Old Footprint=CAPC2012 New Footprint=CAPC2012
Change Physical Footprint: Designator=CN7 Old Footprint=SAMTEC_TSW-110-07-G-D New Footprint=SAMTEC_TSW-110-07-G-D
Change Physical Footprint: Designator=CN8 Old Footprint=SAMTEC_TSW-108-07-G-D New Footprint=SAMTEC_TSW-108-07-G-D
Change Physical Footprint: Designator=CN9 Old Footprint=SAMTEC_TSW-115-07-G-D New Footprint=SAMTEC_TSW-115-07-G-D
Change Physical Footprint: Designator=CN10 Old Footprint=SAMTEC_TSW-117-07-G-D-LL New Footprint=SAMTEC_TSW-117-07-G-D-LL
Change Physical Footprint: Designator=CN11 Old Footprint=SAMTEC_SSW-135-01-F-D New Footprint=SAMTEC_SSW-135-01-F-D
Change Physical Footprint: Designator=CN12 Old Footprint=SAMTEC_SSW-135-01-F-D New Footprint=SAMTEC_SSW-135-01-F-D
Change Physical Footprint: Designator=F1 Old Footprint=FUSC1608X31N New Footprint=FUSC1608X31N
Change Physical Footprint: Designator=FB1 Old Footprint=FP-BLM21-0_2-t0_85-e0_5-MFG New Footprint=FP-BLM21-0_2-t0_85-e0_5-MFG
Change Physical Footprint: Designator=J1 Old Footprint=HARWIN_M20-9990346 New Footprint=HARWIN_M20-9990346
Change Physical Footprint: Designator=J2 Old Footprint=SAMESKY_SJ1-3515-SMT New Footprint=SAMESKY_SJ1-3515-SMT
Change Physical Footprint: Designator=J3 Old Footprint=MOLEX_0397730003 New Footprint=MOLEX_0397730003
Change Physical Footprint: Designator=J4 Old Footprint=MOLEX_0397730003 New Footprint=MOLEX_0397730003
Change Physical Footprint: Designator=J5 Old Footprint=SAMTEC_HTSW-102-XX-X-S New Footprint=SAMTEC_HTSW-102-XX-X-S
Change Physical Footprint: Designator=J6 Old Footprint=SAMTEC_HTSW-102-XX-X-S New Footprint=SAMTEC_HTSW-102-XX-X-S
Change Physical Footprint: Designator=J7 Old Footprint=MOLEX_0397730003 New Footprint=MOLEX_0397730003
Change Physical Footprint: Designator=J8 Old Footprint=SAMTEC_HTSW-102-XX-X-S New Footprint=SAMTEC_HTSW-102-XX-X-S
Change Physical Footprint: Designator=J9 Old Footprint=SAMTEC_HTSW-102-XX-X-S New Footprint=SAMTEC_HTSW-102-XX-X-S
Change Physical Footprint: Designator=J10 Old Footprint=SAMTEC_HTSW-102-XX-X-S New Footprint=SAMTEC_HTSW-102-XX-X-S
Change Physical Footprint: Designator=J11 Old Footprint=SAMTEC_HTSW-102-XX-X-S New Footprint=SAMTEC_HTSW-102-XX-X-S
Change Physical Footprint: Designator=J12 Old Footprint=SAMTEC_HTSW-102-XX-X-S New Footprint=SAMTEC_HTSW-102-XX-X-S
Change Physical Footprint: Designator=J13 Old Footprint=SAMESKY_SJ1-3515-SMT New Footprint=SAMESKY_SJ1-3515-SMT
Change Physical Footprint: Designator=J14 Old Footprint=SAMTEC_HTSW-102-XX-X-S New Footprint=SAMTEC_HTSW-102-XX-X-S
Change Physical Footprint: Designator=J15 Old Footprint=SAMTEC_HTSW-102-XX-X-S New Footprint=SAMTEC_HTSW-102-XX-X-S
Change Physical Footprint: Designator=J16 Old Footprint=MOLEX_0397730002 New Footprint=MOLEX_0397730002
Change Physical Footprint: Designator=J17 Old Footprint=MOLEX_0397730002 New Footprint=MOLEX_0397730002
Change Physical Footprint: Designator=J18 Old Footprint=MOLEX_0397730003 New Footprint=MOLEX_0397730003
Change Physical Footprint: Designator=J19 Old Footprint=MOLEX_0397730003 New Footprint=MOLEX_0397730003
Change Physical Footprint: Designator=J20 Old Footprint=SAMTEC_HTSW-102-XX-X-S New Footprint=SAMTEC_HTSW-102-XX-X-S
Change Physical Footprint: Designator=J21 Old Footprint=SAMTEC_HTSW-102-XX-X-S New Footprint=SAMTEC_HTSW-102-XX-X-S
Change Physical Footprint: Designator=J22 Old Footprint=GCT_USB4105-GF-A-120 New Footprint=GCT_USB4105-GF-A-120
Change Physical Footprint: Designator=MIC1 Old Footprint=MIC_PUIAUDIO_AOM-4544P-2-R New Footprint=MIC_PUIAUDIO_AOM-4544P-2-R
Change Physical Footprint: Designator=R1 Old Footprint=RESC3216 New Footprint=RESC3216
Change Physical Footprint: Designator=R2 Old Footprint=RESC3216 New Footprint=RESC3216
Change Physical Footprint: Designator=R3 Old Footprint=RESC3216 New Footprint=RESC3216
Change Physical Footprint: Designator=R4 Old Footprint=RESC3216 New Footprint=RESC3216
Change Physical Footprint: Designator=R5 Old Footprint=RESC3216 New Footprint=RESC3216
Change Physical Footprint: Designator=R6 Old Footprint=RESC1608 New Footprint=RESC1608
Change Physical Footprint: Designator=R7 Old Footprint=RESC1608 New Footprint=RESC1608
Change Physical Footprint: Designator=R8 Old Footprint=RESC1608 New Footprint=RESC1608
Change Physical Footprint: Designator=R9 Old Footprint=RESC1608 New Footprint=RESC1608
Change Physical Footprint: Designator=R10 Old Footprint=RESC1608 New Footprint=RESC1608
Change Physical Footprint: Designator=R11 Old Footprint=RESC3216 New Footprint=RESC3216
Change Physical Footprint: Designator=R12 Old Footprint=RESC3216 New Footprint=RESC3216
Change Physical Footprint: Designator=R13 Old Footprint=RESC3216 New Footprint=RESC3216
Change Physical Footprint: Designator=R14 Old Footprint=RESC3216 New Footprint=RESC3216
Change Physical Footprint: Designator=R15 Old Footprint=RESC1608 New Footprint=RESC1608
Change Physical Footprint: Designator=R16 Old Footprint=RESC1608 New Footprint=RESC1608
Change Physical Footprint: Designator=R17 Old Footprint=RESC1608 New Footprint=RESC1608
Change Physical Footprint: Designator=R18 Old Footprint=RESC1608 New Footprint=RESC1608
Change Physical Footprint: Designator=S1 Old Footprint=SW_EG4208 New Footprint=SW_EG4208
Change Physical Footprint: Designator=TP1 Old Footprint=KEYSTONE_5000 New Footprint=KEYSTONE_5000
Change Physical Footprint: Designator=TP2 Old Footprint=KEYSTONE_5000 New Footprint=KEYSTONE_5000
Change Physical Footprint: Designator=TP3 Old Footprint=KEYSTONE_5000 New Footprint=KEYSTONE_5000
Change Physical Footprint: Designator=TP4 Old Footprint=KEYSTONE_5000 New Footprint=KEYSTONE_5000
Change Physical Footprint: Designator=TP5 Old Footprint=KEYSTONE_5000 New Footprint=KEYSTONE_5000
Change Physical Footprint: Designator=TP6 Old Footprint=KEYSTONE_5000 New Footprint=KEYSTONE_5000
Change Physical Footprint: Designator=TP7 Old Footprint=KEYSTONE_5000 New Footprint=KEYSTONE_5000
Change Physical Footprint: Designator=TP8 Old Footprint=KEYSTONE_5000 New Footprint=KEYSTONE_5000
Change Physical Footprint: Designator=TP9 Old Footprint=KEYSTONE_5000 New Footprint=KEYSTONE_5000
Change Physical Footprint: Designator=TP10 Old Footprint=KEYSTONE_5000 New Footprint=KEYSTONE_5000
Change Physical Footprint: Designator=TP11 Old Footprint=KEYSTONE_5000 New Footprint=KEYSTONE_5000
Change Physical Footprint: Designator=TP12 Old Footprint=KEYSTONE_5000 New Footprint=KEYSTONE_5000
Change Physical Footprint: Designator=TP13 Old Footprint=KEYSTONE_5000 New Footprint=KEYSTONE_5000
Change Physical Footprint: Designator=TP14 Old Footprint=KEYSTONE_5000 New Footprint=KEYSTONE_5000
Change Physical Footprint: Designator=TP15 Old Footprint=KEYSTONE_5000 New Footprint=KEYSTONE_5000
Change Physical Footprint: Designator=TP16 Old Footprint=KEYSTONE_5000 New Footprint=KEYSTONE_5000
Change Physical Footprint: Designator=TP17 Old Footprint=KEYSTONE_5000 New Footprint=KEYSTONE_5000
Change Physical Footprint: Designator=TP18 Old Footprint=KEYSTONE_5000 New Footprint=KEYSTONE_5000
Change Physical Footprint: Designator=TP19 Old Footprint=KEYSTONE_5000 New Footprint=KEYSTONE_5000
Change Physical Footprint: Designator=TP20 Old Footprint=KEYSTONE_5000 New Footprint=KEYSTONE_5000
Change Physical Footprint: Designator=TP21 Old Footprint=KEYSTONE_5000 New Footprint=KEYSTONE_5000
Change Physical Footprint: Designator=TP22 Old Footprint=KEYSTONE_5000 New Footprint=KEYSTONE_5000
Change Physical Footprint: Designator=TP23 Old Footprint=KEYSTONE_5000 New Footprint=KEYSTONE_5000
Change Physical Footprint: Designator=TP24 Old Footprint=KEYSTONE_5000 New Footprint=KEYSTONE_5000
Change Physical Footprint: Designator=TP25 Old Footprint=KEYSTONE_5000 New Footprint=KEYSTONE_5000
Change Physical Footprint: Designator=TP26 Old Footprint=KEYSTONE_5000 New Footprint=KEYSTONE_5000
Change Physical Footprint: Designator=U1 Old Footprint=QFN50P500X500X100_HS-33N New Footprint=QFN50P500X500X100_HS-33N
Change Physical Footprint: Designator=U2 Old Footprint=SOT50P160X60-6N New Footprint=SOT50P160X60-6N
Change Physical Footprint: Designator=U3 Old Footprint=SOT95P280X110-5N New Footprint=SOT95P280X110-5N
Change Physical Footprint: Designator=U4 Old Footprint=SOT95P280X110-5N New Footprint=SOT95P280X110-5N
