Added Component: Designator=C1(CAPC3216)
Add component (AddParameter): Name = "Value"; Value = "DNP"; VariantName = "[No Variations]"
Added Component: Designator=C2(CAPC3216)
Add component (AddParameter): Name = "Manufacturer"; Value = "TDK"; VariantName = "[No Variations]"
Add component (AddParameter): Name = "Manufacturer Part Number"; Value = "C3216X7R2A104K160AA"; VariantName = "[No Variations]"
Add component (AddParameter): Name = "Package/Case"; Value = "1206 (3216 Metric)"; VariantName = "[No Variations]"
Add component (AddParameter): Name = "Supplier"; Value = "DigiKey"; VariantName = "[No Variations]"
Add component (AddParameter): Name = "Supplier Part Number"; Value = "445-1377-1-ND"; VariantName = "[No Variations]"
Add component (AddParameter): Name = "Value"; Value = "0.1湩"; VariantName = "[No Variations]"
Added Component: Designator=C3(CAPC3216)
Add component (AddParameter): Name = "Manufacturer"; Value = "TDK"; VariantName = "[No Variations]"
Add component (AddParameter): Name = "Manufacturer Part Number"; Value = "C3216X7R2A104K160AA"; VariantName = "[No Variations]"
Add component (AddParameter): Name = "Package/Case"; Value = "1206 (3216 Metric)"; VariantName = "[No Variations]"
Add component (AddParameter): Name = "Supplier"; Value = "DigiKey"; VariantName = "[No Variations]"
Add component (AddParameter): Name = "Supplier Part Number"; Value = "445-1377-1-ND"; VariantName = "[No Variations]"
Add component (AddParameter): Name = "Value"; Value = "0.1湩"; VariantName = "[No Variations]"
Added Component: Designator=C4(CAPC3216)
Add component (AddParameter): Name = "Value"; Value = "DNP"; VariantName = "[No Variations]"
Added Component: Designator=C5(CAPC3216)
Add component (AddParameter): Name = "Value"; Value = "DNP"; VariantName = "[No Variations]"
Added Component: Designator=C6(CAPC3216)
Add component (AddParameter): Name = "Manufacturer"; Value = "TDK"; VariantName = "[No Variations]"
Add component (AddParameter): Name = "Manufacturer Part Number"; Value = "C3216X7R2A104K160AA"; VariantName = "[No Variations]"
Add component (AddParameter): Name = "Package/Case"; Value = "1206 (3216 Metric)"; VariantName = "[No Variations]"
Add component (AddParameter): Name = "Supplier"; Value = "DigiKey"; VariantName = "[No Variations]"
Add component (AddParameter): Name = "Supplier Part Number"; Value = "445-1377-1-ND"; VariantName = "[No Variations]"
Add component (AddParameter): Name = "Value"; Value = "0.1湩"; VariantName = "[No Variations]"
Added Component: Designator=C7(CAPC3225)
Add component (AddParameter): Name = "Manufacturer"; Value = "TDK Corporation"; VariantName = "[No Variations]"
Add component (AddParameter): Name = "Manufacturer Part Number"; Value = "C3225X7R1H106K250AC"; VariantName = "[No Variations]"
Add component (AddParameter): Name = "Package/Case"; Value = "1210 (3225 Metric)"; VariantName = "[No Variations]"
Add component (AddParameter): Name = "Supplier"; Value = "DigiKey"; VariantName = "[No Variations]"
Add component (AddParameter): Name = "Supplier Part Number"; Value = "445-C3225X7R1H106K250ACCT-ND"; VariantName = "[No Variations]"
Add component (AddParameter): Name = "Value"; Value = "10湩"; VariantName = "[No Variations]"
Added Component: Designator=C8(CAPC3216)
Add component (AddParameter): Name = "Value"; Value = "DNP"; VariantName = "[No Variations]"
Added Component: Designator=C9(CAPC3216)
Add component (AddParameter): Name = "Manufacturer"; Value = "TDK"; VariantName = "[No Variations]"
Add component (AddParameter): Name = "Manufacturer Part Number"; Value = "C3216X7R2A104K160AA"; VariantName = "[No Variations]"
Add component (AddParameter): Name = "Package/Case"; Value = "1206 (3216 Metric)"; VariantName = "[No Variations]"
Add component (AddParameter): Name = "Supplier"; Value = "DigiKey"; VariantName = "[No Variations]"
Add component (AddParameter): Name = "Supplier Part Number"; Value = "445-1377-1-ND"; VariantName = "[No Variations]"
Add component (AddParameter): Name = "Value"; Value = "0.1湩"; VariantName = "[No Variations]"
Added Component: Designator=C10(CAPC3216)
Add component (AddParameter): Name = "Manufacturer"; Value = "TDK"; VariantName = "[No Variations]"
Add component (AddParameter): Name = "Manufacturer Part Number"; Value = "C3216X7R2A104K160AA"; VariantName = "[No Variations]"
Add component (AddParameter): Name = "Package/Case"; Value = "1206 (3216 Metric)"; VariantName = "[No Variations]"
Add component (AddParameter): Name = "Supplier"; Value = "DigiKey"; VariantName = "[No Variations]"
Add component (AddParameter): Name = "Supplier Part Number"; Value = "445-1377-1-ND"; VariantName = "[No Variations]"
Add component (AddParameter): Name = "Value"; Value = "0.1湩"; VariantName = "[No Variations]"
Added Component: Designator=C11(CAPC3216)
Add component (AddParameter): Name = "Value"; Value = "DNP"; VariantName = "[No Variations]"
Added Component: Designator=C12(CAPC3216)
Add component (AddParameter): Name = "Value"; Value = "DNP"; VariantName = "[No Variations]"
Added Component: Designator=C13(CAPC3216)
Add component (AddParameter): Name = "Manufacturer"; Value = "TDK"; VariantName = "[No Variations]"
Add component (AddParameter): Name = "Manufacturer Part Number"; Value = "C3216X7R2A104K160AA"; VariantName = "[No Variations]"
Add component (AddParameter): Name = "Package/Case"; Value = "1206 (3216 Metric)"; VariantName = "[No Variations]"
Add component (AddParameter): Name = "Supplier"; Value = "DigiKey"; VariantName = "[No Variations]"
Add component (AddParameter): Name = "Supplier Part Number"; Value = "445-1377-1-ND"; VariantName = "[No Variations]"
Add component (AddParameter): Name = "Value"; Value = "0.1湩"; VariantName = "[No Variations]"
Added Component: Designator=C14(CAPC3216)
Add component (AddParameter): Name = "Value"; Value = "DNP"; VariantName = "[No Variations]"
Added Component: Designator=C15(CAPC3225)
Add component (AddParameter): Name = "Manufacturer"; Value = "TDK Corporation"; VariantName = "[No Variations]"
Add component (AddParameter): Name = "Manufacturer Part Number"; Value = "C3225X7R1H106K250AC"; VariantName = "[No Variations]"
Add component (AddParameter): Name = "Package/Case"; Value = "1210 (3225 Metric)"; VariantName = "[No Variations]"
Add component (AddParameter): Name = "Supplier"; Value = "DigiKey"; VariantName = "[No Variations]"
Add component (AddParameter): Name = "Supplier Part Number"; Value = "445-C3225X7R1H106K250ACCT-ND"; VariantName = "[No Variations]"
Add component (AddParameter): Name = "Value"; Value = "10湩"; VariantName = "[No Variations]"
Added Component: Designator=C16(CAPC1608)
Add component (AddParameter): Name = "Manufacturer"; Value = "KEMET"; VariantName = "[No Variations]"
Add component (AddParameter): Name = "Manufacturer Part Number"; Value = "C0603G104K5RACT500"; VariantName = "[No Variations]"
Add component (AddParameter): Name = "Package/Case"; Value = "0603 (1608 Metric)"; VariantName = "[No Variations]"
Add component (AddParameter): Name = "Supplier"; Value = "DigiKey"; VariantName = "[No Variations]"
Add component (AddParameter): Name = "Supplier Part Number"; Value = "399-13261-1-ND"; VariantName = "[No Variations]"
Add component (AddParameter): Name = "Value"; Value = "0.1湩"; VariantName = "[No Variations]"
Added Component: Designator=C17(CAPC3225)
Add component (AddParameter): Name = "Manufacturer"; Value = "TDK Corporation"; VariantName = "[No Variations]"
Add component (AddParameter): Name = "Manufacturer Part Number"; Value = "C3225X7R1H106K250AC"; VariantName = "[No Variations]"
Add component (AddParameter): Name = "Package/Case"; Value = "1210 (3225 Metric)"; VariantName = "[No Variations]"
Add component (AddParameter): Name = "Supplier"; Value = "DigiKey"; VariantName = "[No Variations]"
Add component (AddParameter): Name = "Supplier Part Number"; Value = "445-C3225X7R1H106K250ACCT-ND"; VariantName = "[No Variations]"
Add component (AddParameter): Name = "Value"; Value = "10湩"; VariantName = "[No Variations]"
Added Component: Designator=C18(CAPC1608)
Add component (AddParameter): Name = "Manufacturer"; Value = "KEMET"; VariantName = "[No Variations]"
Add component (AddParameter): Name = "Manufacturer Part Number"; Value = "C0603G104K5RACT500"; VariantName = "[No Variations]"
Add component (AddParameter): Name = "Package/Case"; Value = "0603 (1608 Metric)"; VariantName = "[No Variations]"
Add component (AddParameter): Name = "Supplier"; Value = "DigiKey"; VariantName = "[No Variations]"
Add component (AddParameter): Name = "Supplier Part Number"; Value = "399-13261-1-ND"; VariantName = "[No Variations]"
Add component (AddParameter): Name = "Value"; Value = "0.1湩"; VariantName = "[No Variations]"
Added Component: Designator=C19(CAPC1608)
Add component (AddParameter): Name = "Manufacturer"; Value = "KEMET"; VariantName = "[No Variations]"
Add component (AddParameter): Name = "Manufacturer Part Number"; Value = "C0603G104K5RACT500"; VariantName = "[No Variations]"
Add component (AddParameter): Name = "Package/Case"; Value = "0603 (1608 Metric)"; VariantName = "[No Variations]"
Add component (AddParameter): Name = "Supplier"; Value = "DigiKey"; VariantName = "[No Variations]"
Add component (AddParameter): Name = "Supplier Part Number"; Value = "399-13261-1-ND"; VariantName = "[No Variations]"
Add component (AddParameter): Name = "Value"; Value = "0.1湩"; VariantName = "[No Variations]"
Added Component: Designator=C20(CAPC3225)
Add component (AddParameter): Name = "Manufacturer"; Value = "TDK Corporation"; VariantName = "[No Variations]"
Add component (AddParameter): Name = "Manufacturer Part Number"; Value = "C3225X7R1H106K250AC"; VariantName = "[No Variations]"
Add component (AddParameter): Name = "Package/Case"; Value = "1210 (3225 Metric)"; VariantName = "[No Variations]"
Add component (AddParameter): Name = "Supplier"; Value = "DigiKey"; VariantName = "[No Variations]"
Add component (AddParameter): Name = "Supplier Part Number"; Value = "445-C3225X7R1H106K250ACCT-ND"; VariantName = "[No Variations]"
Add component (AddParameter): Name = "Value"; Value = "10湩"; VariantName = "[No Variations]"
Added Component: Designator=C21(CAPC1608)
Add component (AddParameter): Name = "Manufacturer"; Value = "KEMET"; VariantName = "[No Variations]"
Add component (AddParameter): Name = "Manufacturer Part Number"; Value = "C0603G104K5RACT500"; VariantName = "[No Variations]"
Add component (AddParameter): Name = "Package/Case"; Value = "0603 (1608 Metric)"; VariantName = "[No Variations]"
Add component (AddParameter): Name = "Supplier"; Value = "DigiKey"; VariantName = "[No Variations]"
Add component (AddParameter): Name = "Supplier Part Number"; Value = "399-13261-1-ND"; VariantName = "[No Variations]"
Add component (AddParameter): Name = "Value"; Value = "0.1湩"; VariantName = "[No Variations]"
Added Component: Designator=C22(CAPC3225)
Add component (AddParameter): Name = "Manufacturer"; Value = "TDK Corporation"; VariantName = "[No Variations]"
Add component (AddParameter): Name = "Manufacturer Part Number"; Value = "C3225X7R1H106K250AC"; VariantName = "[No Variations]"
Add component (AddParameter): Name = "Package/Case"; Value = "1210 (3225 Metric)"; VariantName = "[No Variations]"
Add component (AddParameter): Name = "Supplier"; Value = "DigiKey"; VariantName = "[No Variations]"
Add component (AddParameter): Name = "Supplier Part Number"; Value = "445-C3225X7R1H106K250ACCT-ND"; VariantName = "[No Variations]"
Add component (AddParameter): Name = "Value"; Value = "10湩"; VariantName = "[No Variations]"
Added Component: Designator=C23(CAPC1608)
Add component (AddParameter): Name = "Manufacturer"; Value = "KEMET"; VariantName = "[No Variations]"
Add component (AddParameter): Name = "Manufacturer Part Number"; Value = "C0603G104K5RACT500"; VariantName = "[No Variations]"
Add component (AddParameter): Name = "Package/Case"; Value = "0603 (1608 Metric)"; VariantName = "[No Variations]"
Add component (AddParameter): Name = "Supplier"; Value = "DigiKey"; VariantName = "[No Variations]"
Add component (AddParameter): Name = "Supplier Part Number"; Value = "399-13261-1-ND"; VariantName = "[No Variations]"
Add component (AddParameter): Name = "Value"; Value = "0.1湩"; VariantName = "[No Variations]"
Added Component: Designator=C24(CAPPRD500W60D800H1150)
Add component (AddParameter): Name = "Manufacturer"; Value = "Panasonic Electronic Components"; VariantName = "[No Variations]"
Add component (AddParameter): Name = "Manufacturer Part Number"; Value = "EEU-FR1E221B"; VariantName = "[No Variations]"
Add component (AddParameter): Name = "Package/Case"; Value = "Radial, Can"; VariantName = "[No Variations]"
Add component (AddParameter): Name = "Supplier"; Value = "DigiKey"; VariantName = "[No Variations]"
Add component (AddParameter): Name = "Supplier Part Number"; Value = "P124224CT-ND"; VariantName = "[No Variations]"
Add component (AddParameter): Name = "Value"; Value = "220湩"; VariantName = "[No Variations]"
Added Component: Designator=C25(CAPPRD500W60D800H1150)
Add component (AddParameter): Name = "Manufacturer"; Value = "Panasonic Electronic Components"; VariantName = "[No Variations]"
Add component (AddParameter): Name = "Manufacturer Part Number"; Value = "EEU-FR1E221B"; VariantName = "[No Variations]"
Add component (AddParameter): Name = "Package/Case"; Value = "Radial, Can"; VariantName = "[No Variations]"
Add component (AddParameter): Name = "Supplier"; Value = "DigiKey"; VariantName = "[No Variations]"
Add component (AddParameter): Name = "Supplier Part Number"; Value = "P124224CT-ND"; VariantName = "[No Variations]"
Add component (AddParameter): Name = "Value"; Value = "220湩"; VariantName = "[No Variations]"
Added Component: Designator=C26(CAPC1608)
Add component (AddParameter): Name = "Manufacturer"; Value = "TDK"; VariantName = "[No Variations]"
Add component (AddParameter): Name = "Manufacturer Part Number"; Value = "C1608X7R1H473K080AE"; VariantName = "[No Variations]"
Add component (AddParameter): Name = "Package/Case"; Value = "0603 (1608 Metric)"; VariantName = "[No Variations]"
Add component (AddParameter): Name = "Supplier"; Value = "DigiKey"; VariantName = "[No Variations]"
Add component (AddParameter): Name = "Supplier Part Number"; Value = "445-173621-1-ND"; VariantName = "[No Variations]"
Add component (AddParameter): Name = "Value"; Value = "47nF"; VariantName = "[No Variations]"
Added Component: Designator=C27(CAPC1608)
Add component (AddParameter): Name = "Manufacturer"; Value = "TDK"; VariantName = "[No Variations]"
Add component (AddParameter): Name = "Manufacturer Part Number"; Value = "C1608X7R1H473K080AE"; VariantName = "[No Variations]"
Add component (AddParameter): Name = "Package/Case"; Value = "0603 (1608 Metric)"; VariantName = "[No Variations]"
Add component (AddParameter): Name = "Supplier"; Value = "DigiKey"; VariantName = "[No Variations]"
Add component (AddParameter): Name = "Supplier Part Number"; Value = "445-173621-1-ND"; VariantName = "[No Variations]"
Add component (AddParameter): Name = "Value"; Value = "47nF"; VariantName = "[No Variations]"
Added Component: Designator=C28(CAPC3216)
Add component (AddParameter): Name = "Value"; Value = "DNP"; VariantName = "[No Variations]"
Added Component: Designator=C29(CAPC3216)
Add component (AddParameter): Name = "Value"; Value = "DNP"; VariantName = "[No Variations]"
Added Component: Designator=C30(CAPPRD500W60D800H1150)
Add component (AddParameter): Name = "Manufacturer"; Value = "Panasonic Electronic Components"; VariantName = "[No Variations]"
Add component (AddParameter): Name = "Manufacturer Part Number"; Value = "EEU-FR1E221B"; VariantName = "[No Variations]"
Add component (AddParameter): Name = "Package/Case"; Value = "Radial, Can"; VariantName = "[No Variations]"
Add component (AddParameter): Name = "Supplier"; Value = "DigiKey"; VariantName = "[No Variations]"
Add component (AddParameter): Name = "Supplier Part Number"; Value = "P124224CT-ND"; VariantName = "[No Variations]"
Add component (AddParameter): Name = "Value"; Value = "220湩"; VariantName = "[No Variations]"
Added Component: Designator=C31(CAPPRD500W60D800H1150)
Add component (AddParameter): Name = "Manufacturer"; Value = "Panasonic Electronic Components"; VariantName = "[No Variations]"
Add component (AddParameter): Name = "Manufacturer Part Number"; Value = "EEU-FR1E221B"; VariantName = "[No Variations]"
Add component (AddParameter): Name = "Package/Case"; Value = "Radial, Can"; VariantName = "[No Variations]"
Add component (AddParameter): Name = "Supplier"; Value = "DigiKey"; VariantName = "[No Variations]"
Add component (AddParameter): Name = "Supplier Part Number"; Value = "P124224CT-ND"; VariantName = "[No Variations]"
Add component (AddParameter): Name = "Value"; Value = "220湩"; VariantName = "[No Variations]"
Added Component: Designator=C32(CAPPRD500W60D800H1150)
Add component (AddParameter): Name = "Manufacturer"; Value = "Panasonic Electronic Components"; VariantName = "[No Variations]"
Add component (AddParameter): Name = "Manufacturer Part Number"; Value = "EEU-FR1E221B"; VariantName = "[No Variations]"
Add component (AddParameter): Name = "Package/Case"; Value = "Radial, Can"; VariantName = "[No Variations]"
Add component (AddParameter): Name = "Supplier"; Value = "DigiKey"; VariantName = "[No Variations]"
Add component (AddParameter): Name = "Supplier Part Number"; Value = "P124224CT-ND"; VariantName = "[No Variations]"
Add component (AddParameter): Name = "Value"; Value = "220湩"; VariantName = "[No Variations]"
Added Component: Designator=C33(CAPPRD500W60D800H1150)
Add component (AddParameter): Name = "Manufacturer"; Value = "Panasonic Electronic Components"; VariantName = "[No Variations]"
Add component (AddParameter): Name = "Manufacturer Part Number"; Value = "EEU-FR1E221B"; VariantName = "[No Variations]"
Add component (AddParameter): Name = "Package/Case"; Value = "Radial, Can"; VariantName = "[No Variations]"
Add component (AddParameter): Name = "Supplier"; Value = "DigiKey"; VariantName = "[No Variations]"
Add component (AddParameter): Name = "Supplier Part Number"; Value = "P124224CT-ND"; VariantName = "[No Variations]"
Add component (AddParameter): Name = "Value"; Value = "220湩"; VariantName = "[No Variations]"
Added Component: Designator=C34(CAPC3216)
Add component (AddParameter): Name = "Value"; Value = "DNP"; VariantName = "[No Variations]"
Added Component: Designator=C35(CAPC3216)
Add component (AddParameter): Name = "Value"; Value = "DNP"; VariantName = "[No Variations]"
Added Component: Designator=C36(CAPC1608)
Add component (AddParameter): Name = "Manufacturer"; Value = "TDK"; VariantName = "[No Variations]"
Add component (AddParameter): Name = "Manufacturer Part Number"; Value = "C1608X7R1H473K080AE"; VariantName = "[No Variations]"
Add component (AddParameter): Name = "Package/Case"; Value = "0603 (1608 Metric)"; VariantName = "[No Variations]"
Add component (AddParameter): Name = "Supplier"; Value = "DigiKey"; VariantName = "[No Variations]"
Add component (AddParameter): Name = "Supplier Part Number"; Value = "445-173621-1-ND"; VariantName = "[No Variations]"
Add component (AddParameter): Name = "Value"; Value = "47nF"; VariantName = "[No Variations]"
Added Component: Designator=C37(CAPC1608)
Add component (AddParameter): Name = "Manufacturer"; Value = "TDK"; VariantName = "[No Variations]"
Add component (AddParameter): Name = "Manufacturer Part Number"; Value = "C1608X7R1H473K080AE"; VariantName = "[No Variations]"
Add component (AddParameter): Name = "Package/Case"; Value = "0603 (1608 Metric)"; VariantName = "[No Variations]"
Add component (AddParameter): Name = "Supplier"; Value = "DigiKey"; VariantName = "[No Variations]"
Add component (AddParameter): Name = "Supplier Part Number"; Value = "445-173621-1-ND"; VariantName = "[No Variations]"
Add component (AddParameter): Name = "Value"; Value = "47nF"; VariantName = "[No Variations]"
Added Component: Designator=C38(CAPC2012)
Add component (AddParameter): Name = "Manufacturer"; Value = "YAGEO"; VariantName = "[No Variations]"
Add component (AddParameter): Name = "Manufacturer Part Number"; Value = "CC0805KRX7R9BB104"; VariantName = "[No Variations]"
Add component (AddParameter): Name = "Package/Case"; Value = "0805 (2012 Metric)"; VariantName = "[No Variations]"
Add component (AddParameter): Name = "Supplier"; Value = "DigiKey"; VariantName = "[No Variations]"
Add component (AddParameter): Name = "Supplier Part Number"; Value = "311-1140-1-ND"; VariantName = "[No Variations]"
Add component (AddParameter): Name = "Value"; Value = "100nF"; VariantName = "[No Variations]"
Added Component: Designator=C39(CAPC2012)
Add component (AddParameter): Name = "Manufacturer"; Value = "YAGEO"; VariantName = "[No Variations]"
Add component (AddParameter): Name = "Manufacturer Part Number"; Value = "CC0805KRX7R9BB104"; VariantName = "[No Variations]"
Add component (AddParameter): Name = "Package/Case"; Value = "0805 (2012 Metric)"; VariantName = "[No Variations]"
Add component (AddParameter): Name = "Supplier"; Value = "DigiKey"; VariantName = "[No Variations]"
Add component (AddParameter): Name = "Supplier Part Number"; Value = "311-1140-1-ND"; VariantName = "[No Variations]"
Add component (AddParameter): Name = "Value"; Value = "100nF"; VariantName = "[No Variations]"
Added Component: Designator=C40(CAPC2012)
Add component (AddParameter): Name = "Manufacturer"; Value = "Samsung Electro-Mechanics"; VariantName = "[No Variations]"
Add component (AddParameter): Name = "Manufacturer Part Number"; Value = "CL21B105KBFNNNE"; VariantName = "[No Variations]"
Add component (AddParameter): Name = "Package/Case"; Value = "0805 (2012 Metric)"; VariantName = "[No Variations]"
Add component (AddParameter): Name = "Supplier"; Value = "DigiKey"; VariantName = "[No Variations]"
Add component (AddParameter): Name = "Supplier Part Number"; Value = "1276-1029-1-ND"; VariantName = "[No Variations]"
Add component (AddParameter): Name = "Value"; Value = "1湩"; VariantName = "[No Variations]"
Added Component: Designator=C41(CAPC3216)
Add component (AddParameter): Name = "Manufacturer"; Value = "TDK"; VariantName = "[No Variations]"
Add component (AddParameter): Name = "Manufacturer Part Number"; Value = "C3216X5R1C106K160AA"; VariantName = "[No Variations]"
Add component (AddParameter): Name = "Package/Case"; Value = "1206 (3216 Metric)"; VariantName = "[No Variations]"
Add component (AddParameter): Name = "Supplier"; Value = "DigiKey"; VariantName = "[No Variations]"
Add component (AddParameter): Name = "Supplier Part Number"; Value = "445-4052-1-ND"; VariantName = "[No Variations]"
Add component (AddParameter): Name = "Value"; Value = "10湩"; VariantName = "[No Variations]"
Added Component: Designator=C42(CAPC2012)
Add component (AddParameter): Name = "Manufacturer"; Value = "Samsung Electro-Mechanics"; VariantName = "[No Variations]"
Add component (AddParameter): Name = "Manufacturer Part Number"; Value = "CL21B105KBFNNNE"; VariantName = "[No Variations]"
Add component (AddParameter): Name = "Package/Case"; Value = "0805 (2012 Metric)"; VariantName = "[No Variations]"
Add component (AddParameter): Name = "Supplier"; Value = "DigiKey"; VariantName = "[No Variations]"
Add component (AddParameter): Name = "Supplier Part Number"; Value = "1276-1029-1-ND"; VariantName = "[No Variations]"
Add component (AddParameter): Name = "Value"; Value = "1湩"; VariantName = "[No Variations]"
Added Component: Designator=C43(CAPC2012)
Add component (AddParameter): Name = "Manufacturer"; Value = "Samsung Electro-Mechanics"; VariantName = "[No Variations]"
Add component (AddParameter): Name = "Manufacturer Part Number"; Value = "CL21B105KBFNNNE"; VariantName = "[No Variations]"
Add component (AddParameter): Name = "Package/Case"; Value = "0805 (2012 Metric)"; VariantName = "[No Variations]"
Add component (AddParameter): Name = "Supplier"; Value = "DigiKey"; VariantName = "[No Variations]"
Add component (AddParameter): Name = "Supplier Part Number"; Value = "1276-1029-1-ND"; VariantName = "[No Variations]"
Add component (AddParameter): Name = "Value"; Value = "1湩"; VariantName = "[No Variations]"
Added Component: Designator=C44(CAPC2012)
Add component (AddParameter): Name = "Manufacturer"; Value = "Samsung Electro-Mechanics"; VariantName = "[No Variations]"
Add component (AddParameter): Name = "Manufacturer Part Number"; Value = "CL21B105KBFNNNE"; VariantName = "[No Variations]"
Add component (AddParameter): Name = "Package/Case"; Value = "0805 (2012 Metric)"; VariantName = "[No Variations]"
Add component (AddParameter): Name = "Supplier"; Value = "DigiKey"; VariantName = "[No Variations]"
Add component (AddParameter): Name = "Supplier Part Number"; Value = "1276-1029-1-ND"; VariantName = "[No Variations]"
Add component (AddParameter): Name = "Value"; Value = "1湩"; VariantName = "[No Variations]"
Added Component: Designator=C45(CAPC2012)
Add component (AddParameter): Name = "Manufacturer"; Value = "Samsung Electro-Mechanics"; VariantName = "[No Variations]"
Add component (AddParameter): Name = "Manufacturer Part Number"; Value = "CL21B105KBFNNNE"; VariantName = "[No Variations]"
Add component (AddParameter): Name = "Package/Case"; Value = "0805 (2012 Metric)"; VariantName = "[No Variations]"
Add component (AddParameter): Name = "Supplier"; Value = "DigiKey"; VariantName = "[No Variations]"
Add component (AddParameter): Name = "Supplier Part Number"; Value = "1276-1029-1-ND"; VariantName = "[No Variations]"
Add component (AddParameter): Name = "Value"; Value = "1湩"; VariantName = "[No Variations]"
Added Component: Designator=CN7(SAMTEC_TSW-110-07-G-D)
Added Component: Designator=CN8(SAMTEC_TSW-108-07-G-D)
Added Component: Designator=CN9(SAMTEC_TSW-115-07-G-D)
Added Component: Designator=CN10(SAMTEC_TSW-117-07-G-D-LL)
Added Component: Designator=CN11(SAMTEC_SSW-135-01-F-D)
Added Component: Designator=CN12(SAMTEC_SSW-135-01-F-D)
Added Component: Designator=F1(FUSC1608X31N)
Add component (AddParameter): Name = "Manufacturer"; Value = "Littelfuse Inc"; VariantName = "[No Variations]"
Add component (AddParameter): Name = "Manufacturer Part Number"; Value = "0467002.NR"; VariantName = "[No Variations]"
Add component (AddParameter): Name = "Package/Case"; Value = "0603 (1608 Metric)"; VariantName = "[No Variations]"
Add component (AddParameter): Name = "Supplier"; Value = "DigiKey"; VariantName = "[No Variations]"
Add component (AddParameter): Name = "Supplier Part Number"; Value = "F1397CT-ND"; VariantName = "[No Variations]"
Add component (AddParameter): Name = "Value"; Value = ""; VariantName = "[No Variations]"
Added Component: Designator=FB1(FP-BLM21-0_2-t0_85-e0_5-MFG)
Added Component: Designator=J1(HARWIN_M20-9990346)
Added Component: Designator=J2(SAMESKY_SJ1-3515-SMT)
Added Component: Designator=J3(MOLEX_0397730003)
Add component (AddParameter): Name = "Manufacturer"; Value = "Molex"; VariantName = "[No Variations]"
Add component (AddParameter): Name = "Manufacturer Part Number"; Value = "0397730003"; VariantName = "[No Variations]"
Add component (AddParameter): Name = "Package/Case"; Value = "Bulk"; VariantName = "[No Variations]"
Add component (AddParameter): Name = "Supplier"; Value = "DigiKey"; VariantName = "[No Variations]"
Add component (AddParameter): Name = "Supplier Part Number"; Value = "0397730003-ND"; VariantName = "[No Variations]"
Add component (AddParameter): Name = "Value"; Value = ""; VariantName = "[No Variations]"
Added Component: Designator=J4(MOLEX_0397730003)
Add component (AddParameter): Name = "Manufacturer"; Value = "Molex"; VariantName = "[No Variations]"
Add component (AddParameter): Name = "Manufacturer Part Number"; Value = "0397730003"; VariantName = "[No Variations]"
Add component (AddParameter): Name = "Package/Case"; Value = "Bulk"; VariantName = "[No Variations]"
Add component (AddParameter): Name = "Supplier"; Value = "DigiKey"; VariantName = "[No Variations]"
Add component (AddParameter): Name = "Supplier Part Number"; Value = "0397730003-ND"; VariantName = "[No Variations]"
Add component (AddParameter): Name = "Value"; Value = ""; VariantName = "[No Variations]"
Added Component: Designator=J5(SAMTEC_HTSW-102-XX-X-S)
Added Component: Designator=J6(SAMTEC_HTSW-102-XX-X-S)
Added Component: Designator=J7(MOLEX_0397730003)
Add component (AddParameter): Name = "Manufacturer"; Value = "Molex"; VariantName = "[No Variations]"
Add component (AddParameter): Name = "Manufacturer Part Number"; Value = "0397730003"; VariantName = "[No Variations]"
Add component (AddParameter): Name = "Package/Case"; Value = "Bulk"; VariantName = "[No Variations]"
Add component (AddParameter): Name = "Supplier"; Value = "DigiKey"; VariantName = "[No Variations]"
Add component (AddParameter): Name = "Supplier Part Number"; Value = "0397730003-ND"; VariantName = "[No Variations]"
Add component (AddParameter): Name = "Value"; Value = ""; VariantName = "[No Variations]"
Added Component: Designator=J8(SAMTEC_HTSW-102-XX-X-S)
Added Component: Designator=J9(SAMTEC_HTSW-102-XX-X-S)
Added Component: Designator=J10(SAMTEC_HTSW-102-XX-X-S)
Added Component: Designator=J11(SAMTEC_HTSW-102-XX-X-S)
Added Component: Designator=J12(SAMTEC_HTSW-102-XX-X-S)
Added Component: Designator=J13(SAMESKY_SJ1-3515-SMT)
Added Component: Designator=J14(SAMTEC_HTSW-102-XX-X-S)
Added Component: Designator=J15(SAMTEC_HTSW-102-XX-X-S)
Added Component: Designator=J16(MOLEX_0397730002)
Add component (AddParameter): Name = "Manufacturer"; Value = "Molex"; VariantName = "[No Variations]"
Add component (AddParameter): Name = "Manufacturer Part Number"; Value = "0397730002"; VariantName = "[No Variations]"
Add component (AddParameter): Name = "Package/Case"; Value = "Bulk"; VariantName = "[No Variations]"
Add component (AddParameter): Name = "Supplier"; Value = "DigiKey"; VariantName = "[No Variations]"
Add component (AddParameter): Name = "Supplier Part Number"; Value = "0397730002-ND"; VariantName = "[No Variations]"
Add component (AddParameter): Name = "Value"; Value = ""; VariantName = "[No Variations]"
Added Component: Designator=J17(MOLEX_0397730002)
Add component (AddParameter): Name = "Manufacturer"; Value = "Molex"; VariantName = "[No Variations]"
Add component (AddParameter): Name = "Manufacturer Part Number"; Value = "0397730002"; VariantName = "[No Variations]"
Add component (AddParameter): Name = "Package/Case"; Value = "Bulk"; VariantName = "[No Variations]"
Add component (AddParameter): Name = "Supplier"; Value = "DigiKey"; VariantName = "[No Variations]"
Add component (AddParameter): Name = "Supplier Part Number"; Value = "0397730002-ND"; VariantName = "[No Variations]"
Add component (AddParameter): Name = "Value"; Value = ""; VariantName = "[No Variations]"
Added Component: Designator=J18(MOLEX_0397730003)
Add component (AddParameter): Name = "Manufacturer"; Value = "Molex"; VariantName = "[No Variations]"
Add component (AddParameter): Name = "Manufacturer Part Number"; Value = "0397730003"; VariantName = "[No Variations]"
Add component (AddParameter): Name = "Package/Case"; Value = "Bulk"; VariantName = "[No Variations]"
Add component (AddParameter): Name = "Supplier"; Value = "DigiKey"; VariantName = "[No Variations]"
Add component (AddParameter): Name = "Supplier Part Number"; Value = "0397730003-ND"; VariantName = "[No Variations]"
Add component (AddParameter): Name = "Value"; Value = ""; VariantName = "[No Variations]"
Added Component: Designator=J19(MOLEX_0397730003)
Add component (AddParameter): Name = "Manufacturer"; Value = "Molex"; VariantName = "[No Variations]"
Add component (AddParameter): Name = "Manufacturer Part Number"; Value = "0397730003"; VariantName = "[No Variations]"
Add component (AddParameter): Name = "Package/Case"; Value = "Bulk"; VariantName = "[No Variations]"
Add component (AddParameter): Name = "Supplier"; Value = "DigiKey"; VariantName = "[No Variations]"
Add component (AddParameter): Name = "Supplier Part Number"; Value = "0397730003-ND"; VariantName = "[No Variations]"
Add component (AddParameter): Name = "Value"; Value = ""; VariantName = "[No Variations]"
Added Component: Designator=J20(SAMTEC_HTSW-102-XX-X-S)
Added Component: Designator=J21(SAMTEC_HTSW-102-XX-X-S)
Added Component: Designator=J22(GCT_USB4105-GF-A-120)
Added Component: Designator=MIC1(MIC_PUIAUDIO_AOM-4544P-2-R)
Added Component: Designator=R1(RESC3216)
Add component (AddParameter): Name = "Manufacturer"; Value = "Panasonic Industry"; VariantName = "[No Variations]"
Add component (AddParameter): Name = "Manufacturer Part Number"; Value = "ERJ-8GEYJ222V"; VariantName = "[No Variations]"
Add component (AddParameter): Name = "Package/Case"; Value = "1206 (3216 Metric)"; VariantName = "[No Variations]"
Add component (AddParameter): Name = "Supplier"; Value = "DigiKey"; VariantName = "[No Variations]"
Add component (AddParameter): Name = "Supplier Part Number"; Value = "P2.2KECT-ND"; VariantName = "[No Variations]"
Add component (AddParameter): Name = "Value"; Value = "2.2kO"; VariantName = "[No Variations]"
Added Component: Designator=R2(RESC3216)
Add component (AddParameter): Name = "Manufacturer"; Value = "Panasonic Industry"; VariantName = "[No Variations]"
Add component (AddParameter): Name = "Manufacturer Part Number"; Value = "ERJ-8GEYJ222V"; VariantName = "[No Variations]"
Add component (AddParameter): Name = "Package/Case"; Value = "1206 (3216 Metric)"; VariantName = "[No Variations]"
Add component (AddParameter): Name = "Supplier"; Value = "DigiKey"; VariantName = "[No Variations]"
Add component (AddParameter): Name = "Supplier Part Number"; Value = "P2.2KECT-ND"; VariantName = "[No Variations]"
Add component (AddParameter): Name = "Value"; Value = "2.2kO"; VariantName = "[No Variations]"
Added Component: Designator=R3(RESC3216)
Add component (AddParameter): Name = "Value"; Value = "DNP"; VariantName = "[No Variations]"
Added Component: Designator=R4(RESC3216)
Add component (AddParameter): Name = "Manufacturer"; Value = "Panasonic Industry"; VariantName = "[No Variations]"
Add component (AddParameter): Name = "Manufacturer Part Number"; Value = "ERJ-8GEY0R00V"; VariantName = "[No Variations]"
Add component (AddParameter): Name = "Package/Case"; Value = "1206 (3216 Metric)"; VariantName = "[No Variations]"
Add component (AddParameter): Name = "Supplier"; Value = "DigiKey"; VariantName = "[No Variations]"
Add component (AddParameter): Name = "Supplier Part Number"; Value = "P0.0ECT-ND"; VariantName = "[No Variations]"
Add component (AddParameter): Name = "Value"; Value = "0O"; VariantName = "[No Variations]"
Added Component: Designator=R5(RESC3216)
Add component (AddParameter): Name = "Manufacturer"; Value = "Panasonic Industry"; VariantName = "[No Variations]"
Add component (AddParameter): Name = "Manufacturer Part Number"; Value = "ERJ-8GEY0R00V"; VariantName = "[No Variations]"
Add component (AddParameter): Name = "Package/Case"; Value = "1206 (3216 Metric)"; VariantName = "[No Variations]"
Add component (AddParameter): Name = "Supplier"; Value = "DigiKey"; VariantName = "[No Variations]"
Add component (AddParameter): Name = "Supplier Part Number"; Value = "P0.0ECT-ND"; VariantName = "[No Variations]"
Add component (AddParameter): Name = "Value"; Value = "0O"; VariantName = "[No Variations]"
Added Component: Designator=R6(RESC1608)
Add component (AddParameter): Name = "Manufacturer"; Value = "Panasonic Industry"; VariantName = "[No Variations]"
Add component (AddParameter): Name = "Manufacturer Part Number"; Value = "ERJ-3GEYJ272V"; VariantName = "[No Variations]"
Add component (AddParameter): Name = "Package/Case"; Value = "0603 (1608 Metric)"; VariantName = "[No Variations]"
Add component (AddParameter): Name = "Supplier"; Value = "DigiKey"; VariantName = "[No Variations]"
Add component (AddParameter): Name = "Supplier Part Number"; Value = "P2.7KGCT-ND"; VariantName = "[No Variations]"
Add component (AddParameter): Name = "Value"; Value = "2.7kO"; VariantName = "[No Variations]"
Added Component: Designator=R7(RESC1608)
Add component (AddParameter): Name = "Manufacturer"; Value = "Panasonic Industry"; VariantName = "[No Variations]"
Add component (AddParameter): Name = "Manufacturer Part Number"; Value = "ERJ-3GEYJ272V"; VariantName = "[No Variations]"
Add component (AddParameter): Name = "Package/Case"; Value = "0603 (1608 Metric)"; VariantName = "[No Variations]"
Add component (AddParameter): Name = "Supplier"; Value = "DigiKey"; VariantName = "[No Variations]"
Add component (AddParameter): Name = "Supplier Part Number"; Value = "P2.7KGCT-ND"; VariantName = "[No Variations]"
Add component (AddParameter): Name = "Value"; Value = "2.7kO"; VariantName = "[No Variations]"
Added Component: Designator=R8(RESC1608)
Add component (AddParameter): Name = "Manufacturer"; Value = "Yageo Group"; VariantName = "[No Variations]"
Add component (AddParameter): Name = "Manufacturer Part Number"; Value = "RC0603FR-07100KL"; VariantName = "[No Variations]"
Add component (AddParameter): Name = "Package/Case"; Value = "0603 (1608 Metric)"; VariantName = "[No Variations]"
Add component (AddParameter): Name = "Supplier"; Value = "DigiKey"; VariantName = "[No Variations]"
Add component (AddParameter): Name = "Supplier Part Number"; Value = "311-100KHRCT-ND"; VariantName = "[No Variations]"
Add component (AddParameter): Name = "Value"; Value = "100kO"; VariantName = "[No Variations]"
Added Component: Designator=R9(RESC1608)
Add component (AddParameter): Name = "Manufacturer"; Value = "Yageo Group"; VariantName = "[No Variations]"
Add component (AddParameter): Name = "Manufacturer Part Number"; Value = "RC0603FR-07100RL"; VariantName = "[No Variations]"
Add component (AddParameter): Name = "Package/Case"; Value = "0603 (1608 Metric)"; VariantName = "[No Variations]"
Add component (AddParameter): Name = "Supplier"; Value = "DigiKey"; VariantName = "[No Variations]"
Add component (AddParameter): Name = "Supplier Part Number"; Value = "311-100HRCT-ND"; VariantName = "[No Variations]"
Add component (AddParameter): Name = "Value"; Value = "100O"; VariantName = "[No Variations]"
Added Component: Designator=R10(RESC1608)
Add component (AddParameter): Name = "Manufacturer"; Value = "Yageo Group"; VariantName = "[No Variations]"
Add component (AddParameter): Name = "Manufacturer Part Number"; Value = "RC0603FR-07100RL"; VariantName = "[No Variations]"
Add component (AddParameter): Name = "Package/Case"; Value = "0603 (1608 Metric)"; VariantName = "[No Variations]"
Add component (AddParameter): Name = "Supplier"; Value = "DigiKey"; VariantName = "[No Variations]"
Add component (AddParameter): Name = "Supplier Part Number"; Value = "311-100HRCT-ND"; VariantName = "[No Variations]"
Add component (AddParameter): Name = "Value"; Value = "100O"; VariantName = "[No Variations]"
Added Component: Designator=R11(RESC3216)
Add component (AddParameter): Name = "Manufacturer"; Value = "Panasonic Industry"; VariantName = "[No Variations]"
Add component (AddParameter): Name = "Manufacturer Part Number"; Value = "ERJ-8GEY0R00V"; VariantName = "[No Variations]"
Add component (AddParameter): Name = "Package/Case"; Value = "1206 (3216 Metric)"; VariantName = "[No Variations]"
Add component (AddParameter): Name = "Supplier"; Value = "DigiKey"; VariantName = "[No Variations]"
Add component (AddParameter): Name = "Supplier Part Number"; Value = "P0.0ECT-ND"; VariantName = "[No Variations]"
Add component (AddParameter): Name = "Value"; Value = "0O"; VariantName = "[No Variations]"
Added Component: Designator=R12(RESC3216)
Add component (AddParameter): Name = "Manufacturer"; Value = "Panasonic Industry"; VariantName = "[No Variations]"
Add component (AddParameter): Name = "Manufacturer Part Number"; Value = "ERJ-8GEY0R00V"; VariantName = "[No Variations]"
Add component (AddParameter): Name = "Package/Case"; Value = "1206 (3216 Metric)"; VariantName = "[No Variations]"
Add component (AddParameter): Name = "Supplier"; Value = "DigiKey"; VariantName = "[No Variations]"
Add component (AddParameter): Name = "Supplier Part Number"; Value = "P0.0ECT-ND"; VariantName = "[No Variations]"
Add component (AddParameter): Name = "Value"; Value = "0O"; VariantName = "[No Variations]"
Added Component: Designator=R13(RESC3216)
Add component (AddParameter): Name = "Manufacturer"; Value = "Panasonic Industry"; VariantName = "[No Variations]"
Add component (AddParameter): Name = "Manufacturer Part Number"; Value = "ERJ-8GEY0R00V"; VariantName = "[No Variations]"
Add component (AddParameter): Name = "Package/Case"; Value = "1206 (3216 Metric)"; VariantName = "[No Variations]"
Add component (AddParameter): Name = "Supplier"; Value = "DigiKey"; VariantName = "[No Variations]"
Add component (AddParameter): Name = "Supplier Part Number"; Value = "P0.0ECT-ND"; VariantName = "[No Variations]"
Add component (AddParameter): Name = "Value"; Value = "0O"; VariantName = "[No Variations]"
Added Component: Designator=R14(RESC3216)
Add component (AddParameter): Name = "Manufacturer"; Value = "Panasonic Industry"; VariantName = "[No Variations]"
Add component (AddParameter): Name = "Manufacturer Part Number"; Value = "ERJ-8GEY0R00V"; VariantName = "[No Variations]"
Add component (AddParameter): Name = "Package/Case"; Value = "1206 (3216 Metric)"; VariantName = "[No Variations]"
Add component (AddParameter): Name = "Supplier"; Value = "DigiKey"; VariantName = "[No Variations]"
Add component (AddParameter): Name = "Supplier Part Number"; Value = "P0.0ECT-ND"; VariantName = "[No Variations]"
Add component (AddParameter): Name = "Value"; Value = "0O"; VariantName = "[No Variations]"
Added Component: Designator=R15(RESC1608)
Add component (AddParameter): Name = "Manufacturer"; Value = "Yageo Group"; VariantName = "[No Variations]"
Add component (AddParameter): Name = "Manufacturer Part Number"; Value = "RC0603FR-07100RL"; VariantName = "[No Variations]"
Add component (AddParameter): Name = "Package/Case"; Value = "0603 (1608 Metric)"; VariantName = "[No Variations]"
Add component (AddParameter): Name = "Supplier"; Value = "DigiKey"; VariantName = "[No Variations]"
Add component (AddParameter): Name = "Supplier Part Number"; Value = "311-100HRCT-ND"; VariantName = "[No Variations]"
Add component (AddParameter): Name = "Value"; Value = "100O"; VariantName = "[No Variations]"
Added Component: Designator=R16(RESC1608)
Add component (AddParameter): Name = "Manufacturer"; Value = "Yageo Group"; VariantName = "[No Variations]"
Add component (AddParameter): Name = "Manufacturer Part Number"; Value = "RC0603FR-07100RL"; VariantName = "[No Variations]"
Add component (AddParameter): Name = "Package/Case"; Value = "0603 (1608 Metric)"; VariantName = "[No Variations]"
Add component (AddParameter): Name = "Supplier"; Value = "DigiKey"; VariantName = "[No Variations]"
Add component (AddParameter): Name = "Supplier Part Number"; Value = "311-100HRCT-ND"; VariantName = "[No Variations]"
Add component (AddParameter): Name = "Value"; Value = "100O"; VariantName = "[No Variations]"
Added Component: Designator=R17(RESC1608)
Add component (AddParameter): Name = "Manufacturer"; Value = "YAGEO"; VariantName = "[No Variations]"
Add component (AddParameter): Name = "Manufacturer Part Number"; Value = "RC0603FR-075K1L"; VariantName = "[No Variations]"
Add component (AddParameter): Name = "Package/Case"; Value = "0603 (1608 Metric)"; VariantName = "[No Variations]"
Add component (AddParameter): Name = "Supplier"; Value = "DigiKey"; VariantName = "[No Variations]"
Add component (AddParameter): Name = "Supplier Part Number"; Value = "311-5.10KHRCT-ND"; VariantName = "[No Variations]"
Add component (AddParameter): Name = "Value"; Value = "5.1kO"; VariantName = "[No Variations]"
Added Component: Designator=R18(RESC1608)
Add component (AddParameter): Name = "Manufacturer"; Value = "YAGEO"; VariantName = "[No Variations]"
Add component (AddParameter): Name = "Manufacturer Part Number"; Value = "RC0603FR-075K1L"; VariantName = "[No Variations]"
Add component (AddParameter): Name = "Package/Case"; Value = "0603 (1608 Metric)"; VariantName = "[No Variations]"
Add component (AddParameter): Name = "Supplier"; Value = "DigiKey"; VariantName = "[No Variations]"
Add component (AddParameter): Name = "Supplier Part Number"; Value = "311-5.10KHRCT-ND"; VariantName = "[No Variations]"
Add component (AddParameter): Name = "Value"; Value = "5.1kO"; VariantName = "[No Variations]"
Added Component: Designator=S1(SW_EG4208)
Add component (AddParameter): Name = "Check_prices"; Value = "https://www.snapeda.com/parts/EG4208/E-Switch/view-part/?ref=eda"; VariantName = "[No Variations]"
Add component (AddParameter): Name = "MF"; Value = "E-Switch"; VariantName = "[No Variations]"
Add component (AddParameter): Name = "MP"; Value = "EG4208"; VariantName = "[No Variations]"
Add component (AddParameter): Name = "Package"; Value = "None"; VariantName = "[No Variations]"
Add component (AddParameter): Name = "SnapEDA_Link"; Value = "https://www.snapeda.com/parts/EG4208/E-Switch/view-part/?ref=snap"; VariantName = "[No Variations]"
Add component (AddParameter): Name = "Value"; Value = ""; VariantName = "[No Variations]"
Added Component: Designator=TP1(KEYSTONE_5000)
Added Component: Designator=TP2(KEYSTONE_5000)
Added Component: Designator=TP3(KEYSTONE_5000)
Added Component: Designator=TP4(KEYSTONE_5000)
Added Component: Designator=TP5(KEYSTONE_5000)
Added Component: Designator=TP6(KEYSTONE_5000)
Added Component: Designator=TP7(KEYSTONE_5000)
Added Component: Designator=TP8(KEYSTONE_5000)
Added Component: Designator=TP9(KEYSTONE_5000)
Added Component: Designator=TP10(KEYSTONE_5000)
Added Component: Designator=TP11(KEYSTONE_5000)
Added Component: Designator=TP12(KEYSTONE_5000)
Added Component: Designator=TP13(KEYSTONE_5000)
Added Component: Designator=TP14(KEYSTONE_5000)
Added Component: Designator=TP15(KEYSTONE_5000)
Added Component: Designator=TP16(KEYSTONE_5000)
Added Component: Designator=TP17(KEYSTONE_5000)
Added Component: Designator=TP18(KEYSTONE_5000)
Added Component: Designator=TP19(KEYSTONE_5000)
Added Component: Designator=TP20(KEYSTONE_5000)
Added Component: Designator=TP21(KEYSTONE_5000)
Added Component: Designator=TP22(KEYSTONE_5000)
Added Component: Designator=TP23(KEYSTONE_5000)
Added Component: Designator=TP24(KEYSTONE_5000)
Added Component: Designator=TP25(KEYSTONE_5000)
Added Component: Designator=TP26(KEYSTONE_5000)
Added Component: Designator=U1(QFN50P500X500X100_HS-33N)
Add component (AddParameter): Name = "Manufacturer"; Value = "Texas Instruments"; VariantName = "[No Variations]"
Add component (AddParameter): Name = "Manufacturer Part Number"; Value = "TLV320AIC3104IRHBR"; VariantName = "[No Variations]"
Add component (AddParameter): Name = "Package/Case"; Value = "32-VFQFN Exposed Pad"; VariantName = "[No Variations]"
Add component (AddParameter): Name = "Supplier"; Value = "DigiKey"; VariantName = "[No Variations]"
Add component (AddParameter): Name = "Supplier Part Number"; Value = "296-26818-1-ND"; VariantName = "[No Variations]"
Add component (AddParameter): Name = "Value"; Value = ""; VariantName = "[No Variations]"
Added Component: Designator=U2(SOT50P160X60-6N)
Added Component: Designator=U3(SOT95P280X110-5N)
Added Component: Designator=U4(SOT95P280X110-5N)
Added Pin To Net: NetName=1V8 Pin=C45-1
Added Pin To Net: NetName=1V8 Pin=J11-02
Added Pin To Net: NetName=1V8 Pin=U4-5
Added Net: Name=1V8
Added Pin To Net: NetName=3V3 Pin=C43-1
Added Pin To Net: NetName=3V3 Pin=J8-02
Added Pin To Net: NetName=3V3 Pin=J9-02
Added Pin To Net: NetName=3V3 Pin=J10-02
Added Pin To Net: NetName=3V3 Pin=R3-2
Added Pin To Net: NetName=3V3 Pin=U3-5
Added Net: Name=3V3
Added Pin To Net: NetName=5V Pin=C40-1
Added Pin To Net: NetName=5V Pin=C41-1
Added Pin To Net: NetName=5V Pin=C42-1
Added Pin To Net: NetName=5V Pin=C44-1
Added Pin To Net: NetName=5V Pin=CN11-05
Added Pin To Net: NetName=5V Pin=FB1-2
Added Pin To Net: NetName=5V Pin=U3-1
Added Pin To Net: NetName=5V Pin=U3-3
Added Pin To Net: NetName=5V Pin=U4-1
Added Pin To Net: NetName=5V Pin=U4-3
Added Net: Name=5V
Added Pin To Net: NetName=AVDD Pin=C15-2
Added Pin To Net: NetName=AVDD Pin=C16-1
Added Pin To Net: NetName=AVDD Pin=J8-01
Added Pin To Net: NetName=AVDD Pin=U1-25
Added Net: Name=AVDD
Added Pin To Net: NetName=BCLK Pin=CN7-16
Added Pin To Net: NetName=BCLK Pin=TP13-TP
Added Pin To Net: NetName=BCLK Pin=U1-2
Added Net: Name=BCLK
Added Pin To Net: NetName=CODEC_HPLCOM Pin=C32-P
Added Pin To Net: NetName=CODEC_HPLCOM Pin=J12-02
Added Pin To Net: NetName=CODEC_HPLCOM Pin=J20-01
Added Pin To Net: NetName=CODEC_HPLCOM Pin=U1-20
Added Net: Name=CODEC_HPLCOM
Added Pin To Net: NetName=CODEC_HPLOUT Pin=C24-P
Added Pin To Net: NetName=CODEC_HPLOUT Pin=C31-P
Added Pin To Net: NetName=CODEC_HPLOUT Pin=J14-01
Added Pin To Net: NetName=CODEC_HPLOUT Pin=S1-4
Added Pin To Net: NetName=CODEC_HPLOUT Pin=TP21-TP
Added Pin To Net: NetName=CODEC_HPLOUT Pin=U1-19
Added Net: Name=CODEC_HPLOUT
Added Pin To Net: NetName=CODEC_HPRCOM Pin=C33-P
Added Pin To Net: NetName=CODEC_HPRCOM Pin=J12-01
Added Pin To Net: NetName=CODEC_HPRCOM Pin=J21-01
Added Pin To Net: NetName=CODEC_HPRCOM Pin=S1-7
Added Pin To Net: NetName=CODEC_HPRCOM Pin=TP26-TP
Added Pin To Net: NetName=CODEC_HPRCOM Pin=U1-22
Added Net: Name=CODEC_HPRCOM
Added Pin To Net: NetName=CODEC_HPROUT Pin=C25-P
Added Pin To Net: NetName=CODEC_HPROUT Pin=C30-P
Added Pin To Net: NetName=CODEC_HPROUT Pin=J15-01
Added Pin To Net: NetName=CODEC_HPROUT Pin=S1-1
Added Pin To Net: NetName=CODEC_HPROUT Pin=TP20-TP
Added Pin To Net: NetName=CODEC_HPROUT Pin=U1-23
Added Net: Name=CODEC_HPROUT
Added Pin To Net: NetName=CODEC_IN1LM Pin=C9-2
Added Pin To Net: NetName=CODEC_IN1LM Pin=C11-2
Added Pin To Net: NetName=CODEC_IN1LM Pin=TP5-TP
Added Pin To Net: NetName=CODEC_IN1LM Pin=U1-11
Added Net: Name=CODEC_IN1LM
Added Pin To Net: NetName=CODEC_IN1LP Pin=C2-2
Added Pin To Net: NetName=CODEC_IN1LP Pin=C4-2
Added Pin To Net: NetName=CODEC_IN1LP Pin=TP2-TP
Added Pin To Net: NetName=CODEC_IN1LP Pin=U1-10
Added Net: Name=CODEC_IN1LP
Added Pin To Net: NetName=CODEC_IN1RM Pin=C10-2
Added Pin To Net: NetName=CODEC_IN1RM Pin=C12-2
Added Pin To Net: NetName=CODEC_IN1RM Pin=TP6-TP
Added Pin To Net: NetName=CODEC_IN1RM Pin=U1-13
Added Net: Name=CODEC_IN1RM
Added Pin To Net: NetName=CODEC_IN1RP Pin=C3-2
Added Pin To Net: NetName=CODEC_IN1RP Pin=C5-2
Added Pin To Net: NetName=CODEC_IN1RP Pin=TP3-TP
Added Pin To Net: NetName=CODEC_IN1RP Pin=U1-12
Added Net: Name=CODEC_IN1RP
Added Pin To Net: NetName=CODEC_IN2L Pin=C6-2
Added Pin To Net: NetName=CODEC_IN2L Pin=C8-2
Added Pin To Net: NetName=CODEC_IN2L Pin=TP4-TP
Added Pin To Net: NetName=CODEC_IN2L Pin=U1-14
Added Net: Name=CODEC_IN2L
Added Pin To Net: NetName=CODEC_IN2R Pin=C13-2
Added Pin To Net: NetName=CODEC_IN2R Pin=C14-2
Added Pin To Net: NetName=CODEC_IN2R Pin=TP7-TP
Added Pin To Net: NetName=CODEC_IN2R Pin=U1-16
Added Net: Name=CODEC_IN2R
Added Pin To Net: NetName=CODEC_LEFT_LOM Pin=R15-1
Added Pin To Net: NetName=CODEC_LEFT_LOM Pin=U1-28
Added Net: Name=CODEC_LEFT_LOM
Added Pin To Net: NetName=CODEC_LEFT_LOP Pin=R9-1
Added Pin To Net: NetName=CODEC_LEFT_LOP Pin=U1-27
Added Net: Name=CODEC_LEFT_LOP
Added Pin To Net: NetName=CODEC_RIGHT_LOM Pin=R16-1
Added Pin To Net: NetName=CODEC_RIGHT_LOM Pin=U1-30
Added Net: Name=CODEC_RIGHT_LOM
Added Pin To Net: NetName=CODEC_RIGHT_LOP Pin=R10-1
Added Pin To Net: NetName=CODEC_RIGHT_LOP Pin=U1-29
Added Net: Name=CODEC_RIGHT_LOP
Added Pin To Net: NetName=DGND Pin=C19-1
Added Pin To Net: NetName=DGND Pin=C20-1
Added Pin To Net: NetName=DGND Pin=C21-2
Added Pin To Net: NetName=DGND Pin=C22-1
Added Pin To Net: NetName=DGND Pin=C23-2
Added Net: Name=DGND
Added Pin To Net: NetName=DIN Pin=CN7-14
Added Pin To Net: NetName=DIN Pin=TP11-TP
Added Pin To Net: NetName=DIN Pin=U1-4
Added Net: Name=DIN
Added Pin To Net: NetName=DM Pin=CN12-13
Added Pin To Net: NetName=DM Pin=U2-4
Added Net: Name=DM
Added Pin To Net: NetName=DOUT Pin=CN7-20
Added Pin To Net: NetName=DOUT Pin=TP12-TP
Added Pin To Net: NetName=DOUT Pin=U1-5
Added Net: Name=DOUT
Added Pin To Net: NetName=DP Pin=CN12-11
Added Pin To Net: NetName=DP Pin=U2-6
Added Net: Name=DP
Added Pin To Net: NetName=DRVDD Pin=C17-2
Added Pin To Net: NetName=DRVDD Pin=C18-1
Added Pin To Net: NetName=DRVDD Pin=J9-01
Added Pin To Net: NetName=DRVDD Pin=U1-18
Added Pin To Net: NetName=DRVDD Pin=U1-24
Added Net: Name=DRVDD
Added Pin To Net: NetName=DVDD Pin=C22-2
Added Pin To Net: NetName=DVDD Pin=C23-1
Added Pin To Net: NetName=DVDD Pin=J11-01
Added Pin To Net: NetName=DVDD Pin=U1-32
Added Net: Name=DVDD
Added Pin To Net: NetName=EXT_IN1LM Pin=C9-1
Added Pin To Net: NetName=EXT_IN1LM Pin=J3-2
Added Net: Name=EXT_IN1LM
Added Pin To Net: NetName=EXT_IN1LP Pin=C2-1
Added Pin To Net: NetName=EXT_IN1LP Pin=J3-1
Added Net: Name=EXT_IN1LP
Added Pin To Net: NetName=EXT_IN1RM Pin=C10-1
Added Pin To Net: NetName=EXT_IN1RM Pin=J4-2
Added Net: Name=EXT_IN1RM
Added Pin To Net: NetName=EXT_IN1RP Pin=C3-1
Added Pin To Net: NetName=EXT_IN1RP Pin=J4-1
Added Net: Name=EXT_IN1RP
Added Pin To Net: NetName=EXT_IN2L Pin=C6-1
Added Pin To Net: NetName=EXT_IN2L Pin=J7-1
Added Pin To Net: NetName=EXT_IN2L Pin=R4-2
Added Net: Name=EXT_IN2L
Added Pin To Net: NetName=EXT_IN2R Pin=C13-1
Added Pin To Net: NetName=EXT_IN2R Pin=J7-2
Added Pin To Net: NetName=EXT_IN2R Pin=R5-2
Added Net: Name=EXT_IN2R
Added Pin To Net: NetName=GND Pin=C1-1
Added Pin To Net: NetName=GND Pin=C4-1
Added Pin To Net: NetName=GND Pin=C5-1
Added Pin To Net: NetName=GND Pin=C7-1
Added Pin To Net: NetName=GND Pin=C8-1
Added Pin To Net: NetName=GND Pin=C11-1
Added Pin To Net: NetName=GND Pin=C12-1
Added Pin To Net: NetName=GND Pin=C14-1
Added Pin To Net: NetName=GND Pin=C15-1
Added Pin To Net: NetName=GND Pin=C16-2
Added Pin To Net: NetName=GND Pin=C17-1
Added Pin To Net: NetName=GND Pin=C18-2
Added Pin To Net: NetName=GND Pin=C26-2
Added Pin To Net: NetName=GND Pin=C27-2
Added Pin To Net: NetName=GND Pin=C28-1
Added Pin To Net: NetName=GND Pin=C29-1
Added Pin To Net: NetName=GND Pin=C34-1
Added Pin To Net: NetName=GND Pin=C35-1
Added Pin To Net: NetName=GND Pin=C36-2
Added Pin To Net: NetName=GND Pin=C37-2
Added Pin To Net: NetName=GND Pin=C38-1
Added Pin To Net: NetName=GND Pin=C39-1
Added Pin To Net: NetName=GND Pin=C40-2
Added Pin To Net: NetName=GND Pin=C41-2
Added Pin To Net: NetName=GND Pin=C42-2
Added Pin To Net: NetName=GND Pin=C43-2
Added Pin To Net: NetName=GND Pin=C44-2
Added Pin To Net: NetName=GND Pin=C45-2
Added Pin To Net: NetName=GND Pin=CN7-07
Added Pin To Net: NetName=GND Pin=CN8-12
Added Pin To Net: NetName=GND Pin=CN8-14
Added Pin To Net: NetName=GND Pin=CN9-11
Added Pin To Net: NetName=GND Pin=CN9-24
Added Pin To Net: NetName=GND Pin=CN10-06
Added Pin To Net: NetName=GND Pin=CN10-18
Added Pin To Net: NetName=GND Pin=CN10-21
Added Pin To Net: NetName=GND Pin=CN10-28
Added Pin To Net: NetName=GND Pin=CN11-07
Added Pin To Net: NetName=GND Pin=CN11-19
Added Pin To Net: NetName=GND Pin=CN11-20
Added Pin To Net: NetName=GND Pin=CN11-21
Added Pin To Net: NetName=GND Pin=CN11-50
Added Pin To Net: NetName=GND Pin=CN11-59
Added Pin To Net: NetName=GND Pin=CN12-10
Added Pin To Net: NetName=GND Pin=CN12-19
Added Pin To Net: NetName=GND Pin=CN12-40
Added Pin To Net: NetName=GND Pin=CN12-53
Added Pin To Net: NetName=GND Pin=CN12-64
Added Pin To Net: NetName=GND Pin=J2-1
Added Pin To Net: NetName=GND Pin=J3-3
Added Pin To Net: NetName=GND Pin=J4-3
Added Pin To Net: NetName=GND Pin=J7-3
Added Pin To Net: NetName=GND Pin=J18-3
Added Pin To Net: NetName=GND Pin=J19-3
Added Pin To Net: NetName=GND Pin=J22-A1_B12
Added Pin To Net: NetName=GND Pin=J22-B1_A12
Added Pin To Net: NetName=GND Pin=MIC1-N
Added Pin To Net: NetName=GND Pin=R17-1
Added Pin To Net: NetName=GND Pin=R18-1
Added Pin To Net: NetName=GND Pin=S1-9
Added Pin To Net: NetName=GND Pin=U1-6
Added Pin To Net: NetName=GND Pin=U1-17
Added Pin To Net: NetName=GND Pin=U1-21
Added Pin To Net: NetName=GND Pin=U1-26
Added Pin To Net: NetName=GND Pin=U1-33
Added Pin To Net: NetName=GND Pin=U2-2
Added Pin To Net: NetName=GND Pin=U3-2
Added Pin To Net: NetName=GND Pin=U4-2
Added Pin To Net: NetName=GND Pin=U4-4
Added Net: Name=GND
Added Pin To Net: NetName=HPLCOM Pin=J18-2
Added Pin To Net: NetName=HPLCOM Pin=R13-2
Added Net: Name=HPLCOM
Added Pin To Net: NetName=HPLOUT Pin=J18-1
Added Pin To Net: NetName=HPLOUT Pin=R11-2
Added Net: Name=HPLOUT
Added Pin To Net: NetName=HPRCOM Pin=J19-2
Added Pin To Net: NetName=HPRCOM Pin=R14-2
Added Net: Name=HPRCOM
Added Pin To Net: NetName=HPROUT Pin=J19-1
Added Pin To Net: NetName=HPROUT Pin=R12-2
Added Net: Name=HPROUT
Added Pin To Net: NetName=I2C_SCL Pin=CN7-01
Added Pin To Net: NetName=I2C_SCL Pin=R7-1
Added Pin To Net: NetName=I2C_SCL Pin=TP9-TP
Added Pin To Net: NetName=I2C_SCL Pin=U1-8
Added Net: Name=I2C_SCL
Added Pin To Net: NetName=I2C_SDA Pin=CN7-03
Added Pin To Net: NetName=I2C_SDA Pin=R6-1
Added Pin To Net: NetName=I2C_SDA Pin=TP10-TP
Added Pin To Net: NetName=I2C_SDA Pin=U1-9
Added Net: Name=I2C_SDA
Added Pin To Net: NetName=IOVDD Pin=C20-2
Added Pin To Net: NetName=IOVDD Pin=C21-1
Added Pin To Net: NetName=IOVDD Pin=J10-01
Added Pin To Net: NetName=IOVDD Pin=R6-2
Added Pin To Net: NetName=IOVDD Pin=R7-2
Added Pin To Net: NetName=IOVDD Pin=R8-2
Added Pin To Net: NetName=IOVDD Pin=U1-7
Added Net: Name=IOVDD
Added Pin To Net: NetName=LEFT_LOM Pin=C36-1
Added Pin To Net: NetName=LEFT_LOM Pin=J16-1
Added Pin To Net: NetName=LEFT_LOM Pin=R15-2
Added Pin To Net: NetName=LEFT_LOM Pin=TP24-TP
Added Net: Name=LEFT_LOM
Added Pin To Net: NetName=LEFT_LOP Pin=C26-1
Added Pin To Net: NetName=LEFT_LOP Pin=J16-2
Added Pin To Net: NetName=LEFT_LOP Pin=R9-2
Added Pin To Net: NetName=LEFT_LOP Pin=TP16-TP
Added Net: Name=LEFT_LOP
Added Pin To Net: NetName=MCLK Pin=CN7-12
Added Pin To Net: NetName=MCLK Pin=TP15-TP
Added Pin To Net: NetName=MCLK Pin=U1-1
Added Net: Name=MCLK
Added Pin To Net: NetName=MICBIAS Pin=C1-2
Added Pin To Net: NetName=MICBIAS Pin=J1-03
Added Pin To Net: NetName=MICBIAS Pin=TP1-TP
Added Pin To Net: NetName=MICBIAS Pin=U1-15
Added Net: Name=MICBIAS
Added Pin To Net: NetName=NetC7_2 Pin=C7-2
Added Pin To Net: NetName=NetC7_2 Pin=J1-01
Added Pin To Net: NetName=NetC7_2 Pin=R3-1
Added Net: Name=NetC7_2
Added Pin To Net: NetName=NetC24_N Pin=C24-N
Added Pin To Net: NetName=NetC24_N Pin=C28-2
Added Pin To Net: NetName=NetC24_N Pin=J14-02
Added Pin To Net: NetName=NetC24_N Pin=R11-1
Added Pin To Net: NetName=NetC24_N Pin=TP18-TP
Added Net: Name=NetC24_N
Added Pin To Net: NetName=NetC25_N Pin=C25-N
Added Pin To Net: NetName=NetC25_N Pin=C29-2
Added Pin To Net: NetName=NetC25_N Pin=J15-02
Added Pin To Net: NetName=NetC25_N Pin=R12-1
Added Pin To Net: NetName=NetC25_N Pin=TP19-TP
Added Net: Name=NetC25_N
Added Pin To Net: NetName=NetC30_N Pin=C30-N
Added Pin To Net: NetName=NetC30_N Pin=S1-3
Added Net: Name=NetC30_N
Added Pin To Net: NetName=NetC31_N Pin=C31-N
Added Pin To Net: NetName=NetC31_N Pin=S1-6
Added Net: Name=NetC31_N
Added Pin To Net: NetName=NetC32_N Pin=C32-N
Added Pin To Net: NetName=NetC32_N Pin=C34-2
Added Pin To Net: NetName=NetC32_N Pin=J20-02
Added Pin To Net: NetName=NetC32_N Pin=R13-1
Added Pin To Net: NetName=NetC32_N Pin=TP22-TP
Added Net: Name=NetC32_N
Added Pin To Net: NetName=NetC33_N Pin=C33-N
Added Pin To Net: NetName=NetC33_N Pin=C35-2
Added Pin To Net: NetName=NetC33_N Pin=J21-02
Added Pin To Net: NetName=NetC33_N Pin=R14-1
Added Pin To Net: NetName=NetC33_N Pin=TP23-TP
Added Net: Name=NetC33_N
Added Pin To Net: NetName=NetC38_2 Pin=C38-2
Added Pin To Net: NetName=NetC38_2 Pin=J22-SH
Added Pin To Net: NetName=NetC38_2 Pin=J22-SH
Added Pin To Net: NetName=NetC38_2 Pin=J22-SH
Added Pin To Net: NetName=NetC38_2 Pin=J22-SH
Added Net: Name=NetC38_2
Added Pin To Net: NetName=NetF1_1 Pin=F1-1
Added Pin To Net: NetName=NetF1_1 Pin=FB1-1
Added Net: Name=NetF1_1
Added Pin To Net: NetName=NetJ1_02 Pin=J1-02
Added Pin To Net: NetName=NetJ1_02 Pin=R1-1
Added Pin To Net: NetName=NetJ1_02 Pin=R2-1
Added Net: Name=NetJ1_02
Added Pin To Net: NetName=NetJ2_10 Pin=J2-10
Added Pin To Net: NetName=NetJ2_10 Pin=J6-02
Added Net: Name=NetJ2_10
Added Pin To Net: NetName=NetJ2_11 Pin=J2-11
Added Pin To Net: NetName=NetJ2_11 Pin=J5-02
Added Net: Name=NetJ2_11
Added Pin To Net: NetName=NetJ5_01 Pin=J5-01
Added Pin To Net: NetName=NetJ5_01 Pin=J6-01
Added Pin To Net: NetName=NetJ5_01 Pin=MIC1-P
Added Net: Name=NetJ5_01
Added Pin To Net: NetName=NetJ13_1 Pin=J13-1
Added Pin To Net: NetName=NetJ13_1 Pin=S1-8
Added Net: Name=NetJ13_1
Added Pin To Net: NetName=NetJ13_2 Pin=J13-2
Added Pin To Net: NetName=NetJ13_2 Pin=S1-2
Added Net: Name=NetJ13_2
Added Pin To Net: NetName=NetJ13_3 Pin=J13-3
Added Pin To Net: NetName=NetJ13_3 Pin=S1-5
Added Net: Name=NetJ13_3
Added Pin To Net: NetName=NetJ22_A5 Pin=J22-A5
Added Pin To Net: NetName=NetJ22_A5 Pin=R17-2
Added Net: Name=NetJ22_A5
Added Pin To Net: NetName=NetJ22_B5 Pin=J22-B5
Added Pin To Net: NetName=NetJ22_B5 Pin=R18-2
Added Net: Name=NetJ22_B5
Added Pin To Net: NetName=RESET_N Pin=C19-2
Added Pin To Net: NetName=RESET_N Pin=CN10-14
Added Pin To Net: NetName=RESET_N Pin=R8-1
Added Pin To Net: NetName=RESET_N Pin=TP8-TP
Added Pin To Net: NetName=RESET_N Pin=U1-31
Added Net: Name=RESET_N
Added Pin To Net: NetName=RIGHT_LOM Pin=C37-1
Added Pin To Net: NetName=RIGHT_LOM Pin=J17-1
Added Pin To Net: NetName=RIGHT_LOM Pin=R16-2
Added Pin To Net: NetName=RIGHT_LOM Pin=TP25-TP
Added Net: Name=RIGHT_LOM
Added Pin To Net: NetName=RIGHT_LOP Pin=C27-1
Added Pin To Net: NetName=RIGHT_LOP Pin=J17-2
Added Pin To Net: NetName=RIGHT_LOP Pin=R10-2
Added Pin To Net: NetName=RIGHT_LOP Pin=TP17-TP
Added Net: Name=RIGHT_LOP
Added Pin To Net: NetName=SEL_IN2L Pin=J2-2
Added Pin To Net: NetName=SEL_IN2L Pin=R1-2
Added Pin To Net: NetName=SEL_IN2L Pin=R4-1
Added Net: Name=SEL_IN2L
Added Pin To Net: NetName=SEL_IN2R Pin=J2-3
Added Pin To Net: NetName=SEL_IN2R Pin=R2-2
Added Pin To Net: NetName=SEL_IN2R Pin=R5-1
Added Net: Name=SEL_IN2R
Added Pin To Net: NetName=USB_DM1 Pin=J22-A7
Added Pin To Net: NetName=USB_DM1 Pin=J22-B7
Added Pin To Net: NetName=USB_DM1 Pin=U2-3
Added Net: Name=USB_DM1
Added Pin To Net: NetName=USB_DP1 Pin=J22-A6
Added Pin To Net: NetName=USB_DP1 Pin=J22-B6
Added Pin To Net: NetName=USB_DP1 Pin=U2-1
Added Net: Name=USB_DP1
Added Pin To Net: NetName=VBUS Pin=C39-2
Added Pin To Net: NetName=VBUS Pin=F1-2
Added Pin To Net: NetName=VBUS Pin=J22-A4_B9
Added Pin To Net: NetName=VBUS Pin=J22-B4_A9
Added Pin To Net: NetName=VBUS Pin=U2-5
Added Net: Name=VBUS
Added Pin To Net: NetName=WCLK Pin=CN7-10
Added Pin To Net: NetName=WCLK Pin=TP14-TP
Added Pin To Net: NetName=WCLK Pin=U1-3
Added Net: Name=WCLK
Added Class: Name=AudioLab
Added Class: Name=CODEC
Added Class: Name=PS
Added Rule: Name=Schematic Supply Nets
Added Rule: Name=Schematic Supply Nets_1
Added Rule: Name=Schematic Supply Nets_2
Added Rule: Name=Schematic Supply Nets_3
Added Rule: Name=Schematic Supply Nets_4
Added Rule: Name=Schematic Supply Nets_5
Added Rule: Name=Schematic Supply Nets_6
Added Rule: Name=Schematic Supply Nets_7
Added Rule: Name=Schematic Supply Nets_8
Added Rule: Name=Schematic Supply Nets_9
