Change Component Description : Designator=S1 Old Description=Slide Switch, EG Series, 4PDT, ON-ON, 4mm Actuator, 200mA DC, 30VDC, R/A PC New Description=Slide Switch, EG Series, 4PDT, ON-ON, 4mm Actuator, 200mA DC, 30VDC, R/A PC | E-Switch EG4208
Change Component Description : Designator=TP1 Old Description=Test Point Miniature THM H .300 Nylon 46 Insulated Red PhosBronze/Silver New Description=Test Point Miniature THM H .300 Nylon 46 Insulated Red PhosBronze/Silver | Keystone Electronics 5000
Change Component Description : Designator=TP2 Old Description=Test Point Miniature THM H .300 Nylon 46 Insulated Red PhosBronze/Silver New Description=Test Point Miniature THM H .300 Nylon 46 Insulated Red PhosBronze/Silver | Keystone Electronics 5000
Change Component Description : Designator=TP3 Old Description=Test Point Miniature THM H .300 Nylon 46 Insulated Red PhosBronze/Silver New Description=Test Point Miniature THM H .300 Nylon 46 Insulated Red PhosBronze/Silver | Keystone Electronics 5000
Change Component Description : Designator=TP4 Old Description=Test Point Miniature THM H .300 Nylon 46 Insulated Red PhosBronze/Silver New Description=Test Point Miniature THM H .300 Nylon 46 Insulated Red PhosBronze/Silver | Keystone Electronics 5000
Change Component Description : Designator=TP5 Old Description=Test Point Miniature THM H .300 Nylon 46 Insulated Red PhosBronze/Silver New Description=Test Point Miniature THM H .300 Nylon 46 Insulated Red PhosBronze/Silver | Keystone Electronics 5000
Change Component Description : Designator=TP6 Old Description=Test Point Miniature THM H .300 Nylon 46 Insulated Red PhosBronze/Silver New Description=Test Point Miniature THM H .300 Nylon 46 Insulated Red PhosBronze/Silver | Keystone Electronics 5000
Change Component Description : Designator=TP7 Old Description=Test Point Miniature THM H .300 Nylon 46 Insulated Red PhosBronze/Silver New Description=Test Point Miniature THM H .300 Nylon 46 Insulated Red PhosBronze/Silver | Keystone Electronics 5000
Change Component Description : Designator=TP8 Old Description=Test Point Miniature THM H .300 Nylon 46 Insulated Red PhosBronze/Silver New Description=Test Point Miniature THM H .300 Nylon 46 Insulated Red PhosBronze/Silver | Keystone Electronics 5000
Change Component Description : Designator=TP9 Old Description=Test Point Miniature THM H .300 Nylon 46 Insulated Red PhosBronze/Silver New Description=Test Point Miniature THM H .300 Nylon 46 Insulated Red PhosBronze/Silver | Keystone Electronics 5000
Change Component Description : Designator=TP10 Old Description=Test Point Miniature THM H .300 Nylon 46 Insulated Red PhosBronze/Silver New Description=Test Point Miniature THM H .300 Nylon 46 Insulated Red PhosBronze/Silver | Keystone Electronics 5000
Change Component Description : Designator=TP11 Old Description=Test Point Miniature THM H .300 Nylon 46 Insulated Red PhosBronze/Silver New Description=Test Point Miniature THM H .300 Nylon 46 Insulated Red PhosBronze/Silver | Keystone Electronics 5000
Change Component Description : Designator=TP12 Old Description=Test Point Miniature THM H .300 Nylon 46 Insulated Red PhosBronze/Silver New Description=Test Point Miniature THM H .300 Nylon 46 Insulated Red PhosBronze/Silver | Keystone Electronics 5000
Change Component Description : Designator=TP13 Old Description=Test Point Miniature THM H .300 Nylon 46 Insulated Red PhosBronze/Silver New Description=Test Point Miniature THM H .300 Nylon 46 Insulated Red PhosBronze/Silver | Keystone Electronics 5000
Change Component Description : Designator=TP14 Old Description=Test Point Miniature THM H .300 Nylon 46 Insulated Red PhosBronze/Silver New Description=Test Point Miniature THM H .300 Nylon 46 Insulated Red PhosBronze/Silver | Keystone Electronics 5000
Change Component Description : Designator=TP15 Old Description=Test Point Miniature THM H .300 Nylon 46 Insulated Red PhosBronze/Silver New Description=Test Point Miniature THM H .300 Nylon 46 Insulated Red PhosBronze/Silver | Keystone Electronics 5000
Change Component Description : Designator=TP16 Old Description=Test Point Miniature THM H .300 Nylon 46 Insulated Red PhosBronze/Silver New Description=Test Point Miniature THM H .300 Nylon 46 Insulated Red PhosBronze/Silver | Keystone Electronics 5000
Change Component Description : Designator=TP17 Old Description=Test Point Miniature THM H .300 Nylon 46 Insulated Red PhosBronze/Silver New Description=Test Point Miniature THM H .300 Nylon 46 Insulated Red PhosBronze/Silver | Keystone Electronics 5000
Change Component Description : Designator=TP18 Old Description=Test Point Miniature THM H .300 Nylon 46 Insulated Red PhosBronze/Silver New Description=Test Point Miniature THM H .300 Nylon 46 Insulated Red PhosBronze/Silver | Keystone Electronics 5000
Change component parameters: Designator = "C7" ("C7"); Footprint = "CAPC3225"; UniqueID = "\QHYYEVWO\VWLISCPP" ("\QHYYEVWO\VWLISCPP")
Change component parameters (AddParameter): Name = "Manufacturer"; Value = "TDK"; VariantName = "[No Variations]"
Change component parameters (AddParameter): Name = "Manufacturer Part Number"; Value = "C3225X7R1H106K250AC"; VariantName = "[No Variations]"
Change component parameters (AddParameter): Name = "Package/Case"; Value = "1210 (3225 Metric)"; VariantName = "[No Variations]"
Change component parameters (AddParameter): Name = "Supplier"; Value = "DigiKey"; VariantName = "[No Variations]"
Change component parameters (AddParameter): Name = "Supplier Part Number"; Value = "445-C3225X7R1H106K250ACCT-ND"; VariantName = "[No Variations]"
Change component parameters (AddParameter): Name = "Value"; Value = "10µF"; VariantName = "[No Variations]"
Change component parameters: Designator = "C15" ("C15"); Footprint = "CAPC3225"; UniqueID = "\QHYYEVWO\NSXEBGNP" ("\QHYYEVWO\NSXEBGNP")
Change component parameters (AddParameter): Name = "Manufacturer"; Value = "TDK"; VariantName = "[No Variations]"
Change component parameters (AddParameter): Name = "Manufacturer Part Number"; Value = "C3225X7R1H106K250AC"; VariantName = "[No Variations]"
Change component parameters (AddParameter): Name = "Package/Case"; Value = "1210 (3225 Metric)"; VariantName = "[No Variations]"
Change component parameters (AddParameter): Name = "Supplier"; Value = "DigiKey"; VariantName = "[No Variations]"
Change component parameters (AddParameter): Name = "Supplier Part Number"; Value = "445-C3225X7R1H106K250ACCT-ND"; VariantName = "[No Variations]"
Change component parameters (AddParameter): Name = "Value"; Value = "10µF"; VariantName = "[No Variations]"
Change component parameters: Designator = "C17" ("C17"); Footprint = "CAPC3225"; UniqueID = "\QHYYEVWO\SVZOEXIK" ("\QHYYEVWO\SVZOEXIK")
Change component parameters (AddParameter): Name = "Manufacturer"; Value = "TDK"; VariantName = "[No Variations]"
Change component parameters (AddParameter): Name = "Manufacturer Part Number"; Value = "C3225X7R1H106K250AC"; VariantName = "[No Variations]"
Change component parameters (AddParameter): Name = "Package/Case"; Value = "1210 (3225 Metric)"; VariantName = "[No Variations]"
Change component parameters (AddParameter): Name = "Supplier"; Value = "DigiKey"; VariantName = "[No Variations]"
Change component parameters (AddParameter): Name = "Supplier Part Number"; Value = "445-C3225X7R1H106K250ACCT-ND"; VariantName = "[No Variations]"
Change component parameters (AddParameter): Name = "Value"; Value = "10µF"; VariantName = "[No Variations]"
Change component parameters: Designator = "C20" ("C20"); Footprint = "CAPC3225"; UniqueID = "\QHYYEVWO\HXJBNGIJ" ("\QHYYEVWO\HXJBNGIJ")
Change component parameters (AddParameter): Name = "Manufacturer"; Value = "TDK"; VariantName = "[No Variations]"
Change component parameters (AddParameter): Name = "Manufacturer Part Number"; Value = "C3225X7R1H106K250AC"; VariantName = "[No Variations]"
Change component parameters (AddParameter): Name = "Package/Case"; Value = "1210 (3225 Metric)"; VariantName = "[No Variations]"
Change component parameters (AddParameter): Name = "Supplier"; Value = "DigiKey"; VariantName = "[No Variations]"
Change component parameters (AddParameter): Name = "Supplier Part Number"; Value = "445-C3225X7R1H106K250ACCT-ND"; VariantName = "[No Variations]"
Change component parameters (AddParameter): Name = "Value"; Value = "10µF"; VariantName = "[No Variations]"
Change component parameters: Designator = "C22" ("C22"); Footprint = "CAPC3225"; UniqueID = "\QHYYEVWO\QFMLFRAF" ("\QHYYEVWO\QFMLFRAF")
Change component parameters (AddParameter): Name = "Manufacturer"; Value = "TDK"; VariantName = "[No Variations]"
Change component parameters (AddParameter): Name = "Manufacturer Part Number"; Value = "C3225X7R1H106K250AC"; VariantName = "[No Variations]"
Change component parameters (AddParameter): Name = "Package/Case"; Value = "1210 (3225 Metric)"; VariantName = "[No Variations]"
Change component parameters (AddParameter): Name = "Supplier"; Value = "DigiKey"; VariantName = "[No Variations]"
Change component parameters (AddParameter): Name = "Supplier Part Number"; Value = "445-C3225X7R1H106K250ACCT-ND"; VariantName = "[No Variations]"
Change component parameters (AddParameter): Name = "Value"; Value = "10µF"; VariantName = "[No Variations]"
Change component parameters: Designator = "C24" ("C24"); Footprint = "CAPPRD500W60D800H1150"; UniqueID = "\QHYYEVWO\TLCPNHWJ" ("\QHYYEVWO\TLCPNHWJ")
Change component parameters (AddParameter): Name = "Manufacturer"; Value = "Panasonic"; VariantName = "[No Variations]"
Change component parameters (AddParameter): Name = "Manufacturer Part Number"; Value = "EEU-FR1E221B"; VariantName = "[No Variations]"
Change component parameters (AddParameter): Name = "Package/Case"; Value = "Radial, Can"; VariantName = "[No Variations]"
Change component parameters (AddParameter): Name = "Supplier"; Value = "DigiKey"; VariantName = "[No Variations]"
Change component parameters (AddParameter): Name = "Supplier Part Number"; Value = "P124224TB-ND"; VariantName = "[No Variations]"
Change component parameters (AddParameter): Name = "Value"; Value = "220µF"; VariantName = "[No Variations]"
Change component parameters: Designator = "C25" ("C25"); Footprint = "CAPPRD500W60D800H1150"; UniqueID = "\QHYYEVWO\FTWRZTDF" ("\QHYYEVWO\FTWRZTDF")
Change component parameters (AddParameter): Name = "Manufacturer"; Value = "Panasonic"; VariantName = "[No Variations]"
Change component parameters (AddParameter): Name = "Manufacturer Part Number"; Value = "EEU-FR1E221B"; VariantName = "[No Variations]"
Change component parameters (AddParameter): Name = "Package/Case"; Value = "Radial, Can"; VariantName = "[No Variations]"
Change component parameters (AddParameter): Name = "Supplier"; Value = "DigiKey"; VariantName = "[No Variations]"
Change component parameters (AddParameter): Name = "Supplier Part Number"; Value = "P124224TB-ND"; VariantName = "[No Variations]"
Change component parameters (AddParameter): Name = "Value"; Value = "220µF"; VariantName = "[No Variations]"
Change component parameters: Designator = "C30" ("C30"); Footprint = "CAPPRD500W60D800H1150"; UniqueID = "\QHYYEVWO\DLPABTFK" ("\QHYYEVWO\DLPABTFK")
Change component parameters (AddParameter): Name = "Manufacturer"; Value = "Panasonic"; VariantName = "[No Variations]"
Change component parameters (AddParameter): Name = "Manufacturer Part Number"; Value = "EEU-FR1E221B"; VariantName = "[No Variations]"
Change component parameters (AddParameter): Name = "Package/Case"; Value = "Radial, Can"; VariantName = "[No Variations]"
Change component parameters (AddParameter): Name = "Supplier"; Value = "DigiKey"; VariantName = "[No Variations]"
Change component parameters (AddParameter): Name = "Supplier Part Number"; Value = "P124224TB-ND"; VariantName = "[No Variations]"
Change component parameters (AddParameter): Name = "Value"; Value = "220µF"; VariantName = "[No Variations]"
Change component parameters: Designator = "C31" ("C31"); Footprint = "CAPPRD500W60D800H1150"; UniqueID = "\QHYYEVWO\GFOLUPJG" ("\QHYYEVWO\GFOLUPJG")
Change component parameters (AddParameter): Name = "Manufacturer"; Value = "Panasonic"; VariantName = "[No Variations]"
Change component parameters (AddParameter): Name = "Manufacturer Part Number"; Value = "EEU-FR1E221B"; VariantName = "[No Variations]"
Change component parameters (AddParameter): Name = "Package/Case"; Value = "Radial, Can"; VariantName = "[No Variations]"
Change component parameters (AddParameter): Name = "Supplier"; Value = "DigiKey"; VariantName = "[No Variations]"
Change component parameters (AddParameter): Name = "Supplier Part Number"; Value = "P124224TB-ND"; VariantName = "[No Variations]"
Change component parameters (AddParameter): Name = "Value"; Value = "220µF"; VariantName = "[No Variations]"
Change component parameters: Designator = "C32" ("C32"); Footprint = "CAPPRD500W60D800H1150"; UniqueID = "\QHYYEVWO\MXPUAEOU" ("\QHYYEVWO\MXPUAEOU")
Change component parameters (AddParameter): Name = "Manufacturer"; Value = "Panasonic"; VariantName = "[No Variations]"
Change component parameters (AddParameter): Name = "Manufacturer Part Number"; Value = "EEU-FR1E221B"; VariantName = "[No Variations]"
Change component parameters (AddParameter): Name = "Package/Case"; Value = "Radial, Can"; VariantName = "[No Variations]"
Change component parameters (AddParameter): Name = "Supplier"; Value = "DigiKey"; VariantName = "[No Variations]"
Change component parameters (AddParameter): Name = "Supplier Part Number"; Value = "P124224TB-ND"; VariantName = "[No Variations]"
Change component parameters (AddParameter): Name = "Value"; Value = "220µF"; VariantName = "[No Variations]"
Change component parameters: Designator = "C33" ("C33"); Footprint = "CAPPRD500W60D800H1150"; UniqueID = "\QHYYEVWO\DASMXPCE" ("\QHYYEVWO\DASMXPCE")
Change component parameters (AddParameter): Name = "Manufacturer"; Value = "Panasonic"; VariantName = "[No Variations]"
Change component parameters (AddParameter): Name = "Manufacturer Part Number"; Value = "EEU-FR1E221B"; VariantName = "[No Variations]"
Change component parameters (AddParameter): Name = "Package/Case"; Value = "Radial, Can"; VariantName = "[No Variations]"
Change component parameters (AddParameter): Name = "Supplier"; Value = "DigiKey"; VariantName = "[No Variations]"
Change component parameters (AddParameter): Name = "Supplier Part Number"; Value = "P124224TB-ND"; VariantName = "[No Variations]"
Change component parameters (AddParameter): Name = "Value"; Value = "220µF"; VariantName = "[No Variations]"
Change component parameters: Designator = "CN1" ("CN1"); Footprint = "SAMTEC_TSW-110-07-G-D"; UniqueID = "\WOAHCTIQ" ("\WOAHCTIQ")
Change component parameters (AddParameter): Name = "Manufacturer"; Value = "Samtec Inc."; VariantName = "[No Variations]"
Change component parameters (AddParameter): Name = "Manufacturer Part Number"; Value = "TSW-110-07-G-D"; VariantName = "[No Variations]"
Change component parameters (AddParameter): Name = "Package/Case"; Value = "Bulk"; VariantName = "[No Variations]"
Change component parameters (AddParameter): Name = "Supplier"; Value = "DigiKey"; VariantName = "[No Variations]"
Change component parameters (AddParameter): Name = "Supplier Part Number"; Value = "SAM1028-10-ND"; VariantName = "[No Variations]"
Change component parameters (AddParameter): Name = "Value"; Value = ""; VariantName = "[No Variations]"
Change component parameters: Designator = "CN4" ("CN4"); Footprint = "SAMTEC_TSW-108-07-G-D"; UniqueID = "\CJOIFJJQ" ("\CJOIFJJQ")
Change component parameters (AddParameter): Name = "Manufacturer"; Value = "Samtec Inc."; VariantName = "[No Variations]"
Change component parameters (AddParameter): Name = "Manufacturer Part Number"; Value = "TSW-108-07-G-D"; VariantName = "[No Variations]"
Change component parameters (AddParameter): Name = "Package/Case"; Value = "Bulk"; VariantName = "[No Variations]"
Change component parameters (AddParameter): Name = "Supplier"; Value = "DigiKey"; VariantName = "[No Variations]"
Change component parameters (AddParameter): Name = "Supplier Part Number"; Value = "SAM1028-08-ND"; VariantName = "[No Variations]"
Change component parameters (AddParameter): Name = "Value"; Value = ""; VariantName = "[No Variations]"
Change component parameters: Designator = "CN5" ("CN5"); Footprint = "SAMTEC_HTSW-102-XX-X-S"; UniqueID = "\NZBTWKPN" ("\NZBTWKPN")
Change component parameters (AddParameter): Name = "Manufacturer"; Value = "Samtec Inc."; VariantName = "[No Variations]"
Change component parameters (AddParameter): Name = "Manufacturer Part Number"; Value = "HTSW-102-07-G-S"; VariantName = "[No Variations]"
Change component parameters (AddParameter): Name = "Package/Case"; Value = "Bag"; VariantName = "[No Variations]"
Change component parameters (AddParameter): Name = "Supplier"; Value = "DigiKey"; VariantName = "[No Variations]"
Change component parameters (AddParameter): Name = "Supplier Part Number"; Value = "SAM8736-ND"; VariantName = "[No Variations]"
Change component parameters (AddParameter): Name = "Value"; Value = ""; VariantName = "[No Variations]"
Change component parameters: Designator = "CN6" ("CN6"); Footprint = "SAMTEC_HTSW-102-XX-X-S"; UniqueID = "\DUZDQRDB" ("\DUZDQRDB")
Change component parameters (AddParameter): Name = "Manufacturer"; Value = "Samtec Inc."; VariantName = "[No Variations]"
Change component parameters (AddParameter): Name = "Manufacturer Part Number"; Value = "HTSW-102-07-G-S"; VariantName = "[No Variations]"
Change component parameters (AddParameter): Name = "Package/Case"; Value = "Bag"; VariantName = "[No Variations]"
Change component parameters (AddParameter): Name = "Supplier"; Value = "DigiKey"; VariantName = "[No Variations]"
Change component parameters (AddParameter): Name = "Supplier Part Number"; Value = "SAM8736-ND"; VariantName = "[No Variations]"
Change component parameters (AddParameter): Name = "Value"; Value = ""; VariantName = "[No Variations]"
Change component parameters: Designator = "FB1" ("FB1"); Footprint = "FP-BLM21-0_2-t0_85-e0_5-MFG"; UniqueID = "\LZDJSHXW\SWSIFXLH" ("\LZDJSHXW\SWSIFXLH")
Change component parameters (AddParameter): Name = "Manufacturer"; Value = "Murata Electronics"; VariantName = "[No Variations]"
Change component parameters (AddParameter): Name = "Manufacturer Part Number"; Value = "BLM21PG221SN1D"; VariantName = "[No Variations]"
Change component parameters (AddParameter): Name = "Package/Case"; Value = "0805 (2012 Metric)"; VariantName = "[No Variations]"
Change component parameters (AddParameter): Name = "Supplier"; Value = "DigiKey"; VariantName = "[No Variations]"
Change component parameters (AddParameter): Name = "Supplier Part Number"; Value = "490-1054-1-ND"; VariantName = "[No Variations]"
Change component parameters (AddParameter): Name = "Value"; Value = ""; VariantName = "[No Variations]"
Change component parameters: Designator = "J1" ("J1"); Footprint = "HARWIN_M20-9990346"; UniqueID = "\QHYYEVWO\XZGXNRER" ("\QHYYEVWO\XZGXNRER")
Change component parameters (AddParameter): Name = "Manufacturer"; Value = "Harwin Inc."; VariantName = "[No Variations]"
Change component parameters (AddParameter): Name = "Manufacturer Part Number"; Value = "M20-9990346"; VariantName = "[No Variations]"
Change component parameters (AddParameter): Name = "Package/Case"; Value = "Bulk"; VariantName = "[No Variations]"
Change component parameters (AddParameter): Name = "Supplier"; Value = "DigiKey"; VariantName = "[No Variations]"
Change component parameters (AddParameter): Name = "Supplier Part Number"; Value = "952-2264-ND"; VariantName = "[No Variations]"
Change component parameters (AddParameter): Name = "Value"; Value = ""; VariantName = "[No Variations]"
Change component parameters: Designator = "J2" ("J2"); Footprint = "SAMESKY_SJ1-3515-SMT"; UniqueID = "\QHYYEVWO\SPLSLNQP" ("\QHYYEVWO\SPLSLNQP")
Change component parameters (AddParameter): Name = "Manufacturer"; Value = "Same Sky (Formerly CUI Devices)"; VariantName = "[No Variations]"
Change component parameters (AddParameter): Name = "Manufacturer Part Number"; Value = "SJ1-3515-SMT-TR"; VariantName = "[No Variations]"
Change component parameters (AddParameter): Name = "Package/Case"; Value = "CT"; VariantName = "[No Variations]"
Change component parameters (AddParameter): Name = "Supplier"; Value = "DigiKey"; VariantName = "[No Variations]"
Change component parameters (AddParameter): Name = "Supplier Part Number"; Value = "CP1-3515SJCT-ND"; VariantName = "[No Variations]"
Change component parameters (AddParameter): Name = "Value"; Value = ""; VariantName = "[No Variations]"
Change component parameters: Designator = "J5" ("J5"); Footprint = "SAMTEC_HTSW-102-XX-X-S"; UniqueID = "\QHYYEVWO\KIHXMUZH" ("\QHYYEVWO\KIHXMUZH")
Change component parameters (AddParameter): Name = "Manufacturer"; Value = "Samtec Inc."; VariantName = "[No Variations]"
Change component parameters (AddParameter): Name = "Manufacturer Part Number"; Value = "HTSW-102-07-G-S"; VariantName = "[No Variations]"
Change component parameters (AddParameter): Name = "Package/Case"; Value = "Bag"; VariantName = "[No Variations]"
Change component parameters (AddParameter): Name = "Supplier"; Value = "DigiKey"; VariantName = "[No Variations]"
Change component parameters (AddParameter): Name = "Supplier Part Number"; Value = "SAM8736-ND"; VariantName = "[No Variations]"
Change component parameters (AddParameter): Name = "Value"; Value = ""; VariantName = "[No Variations]"
Change component parameters: Designator = "J6" ("J6"); Footprint = "SAMTEC_HTSW-102-XX-X-S"; UniqueID = "\QHYYEVWO\QIUJJMNA" ("\QHYYEVWO\QIUJJMNA")
Change component parameters (AddParameter): Name = "Manufacturer"; Value = "Samtec Inc."; VariantName = "[No Variations]"
Change component parameters (AddParameter): Name = "Manufacturer Part Number"; Value = "HTSW-102-07-G-S"; VariantName = "[No Variations]"
Change component parameters (AddParameter): Name = "Package/Case"; Value = "Bag"; VariantName = "[No Variations]"
Change component parameters (AddParameter): Name = "Supplier"; Value = "DigiKey"; VariantName = "[No Variations]"
Change component parameters (AddParameter): Name = "Supplier Part Number"; Value = "SAM8736-ND"; VariantName = "[No Variations]"
Change component parameters (AddParameter): Name = "Value"; Value = ""; VariantName = "[No Variations]"
Change component parameters: Designator = "J8" ("J8"); Footprint = "SAMTEC_HTSW-102-XX-X-S"; UniqueID = "\QHYYEVWO\FFPUEPJK" ("\QHYYEVWO\FFPUEPJK")
Change component parameters (AddParameter): Name = "Manufacturer"; Value = "Samtec Inc."; VariantName = "[No Variations]"
Change component parameters (AddParameter): Name = "Manufacturer Part Number"; Value = "HTSW-102-07-G-S"; VariantName = "[No Variations]"
Change component parameters (AddParameter): Name = "Package/Case"; Value = "Bag"; VariantName = "[No Variations]"
Change component parameters (AddParameter): Name = "Supplier"; Value = "DigiKey"; VariantName = "[No Variations]"
Change component parameters (AddParameter): Name = "Supplier Part Number"; Value = "SAM8736-ND"; VariantName = "[No Variations]"
Change component parameters (AddParameter): Name = "Value"; Value = ""; VariantName = "[No Variations]"
Change component parameters: Designator = "J9" ("J9"); Footprint = "SAMTEC_HTSW-102-XX-X-S"; UniqueID = "\QHYYEVWO\JKRQNZND" ("\QHYYEVWO\JKRQNZND")
Change component parameters (AddParameter): Name = "Manufacturer"; Value = "Samtec Inc."; VariantName = "[No Variations]"
Change component parameters (AddParameter): Name = "Manufacturer Part Number"; Value = "HTSW-102-07-G-S"; VariantName = "[No Variations]"
Change component parameters (AddParameter): Name = "Package/Case"; Value = "Bag"; VariantName = "[No Variations]"
Change component parameters (AddParameter): Name = "Supplier"; Value = "DigiKey"; VariantName = "[No Variations]"
Change component parameters (AddParameter): Name = "Supplier Part Number"; Value = "SAM8736-ND"; VariantName = "[No Variations]"
Change component parameters (AddParameter): Name = "Value"; Value = ""; VariantName = "[No Variations]"
Change component parameters: Designator = "J10" ("J10"); Footprint = "SAMTEC_HTSW-102-XX-X-S"; UniqueID = "\QHYYEVWO\VJSAVIEC" ("\QHYYEVWO\VJSAVIEC")
Change component parameters (AddParameter): Name = "Manufacturer"; Value = "Samtec Inc."; VariantName = "[No Variations]"
Change component parameters (AddParameter): Name = "Manufacturer Part Number"; Value = "HTSW-102-07-G-S"; VariantName = "[No Variations]"
Change component parameters (AddParameter): Name = "Package/Case"; Value = "Bag"; VariantName = "[No Variations]"
Change component parameters (AddParameter): Name = "Supplier"; Value = "DigiKey"; VariantName = "[No Variations]"
Change component parameters (AddParameter): Name = "Supplier Part Number"; Value = "SAM8736-ND"; VariantName = "[No Variations]"
Change component parameters (AddParameter): Name = "Value"; Value = ""; VariantName = "[No Variations]"
Change component parameters: Designator = "J11" ("J11"); Footprint = "SAMTEC_HTSW-102-XX-X-S"; UniqueID = "\QHYYEVWO\SCDQIBON" ("\QHYYEVWO\SCDQIBON")
Change component parameters (AddParameter): Name = "Manufacturer"; Value = "Samtec Inc."; VariantName = "[No Variations]"
Change component parameters (AddParameter): Name = "Manufacturer Part Number"; Value = "HTSW-102-07-G-S"; VariantName = "[No Variations]"
Change component parameters (AddParameter): Name = "Package/Case"; Value = "Bag"; VariantName = "[No Variations]"
Change component parameters (AddParameter): Name = "Supplier"; Value = "DigiKey"; VariantName = "[No Variations]"
Change component parameters (AddParameter): Name = "Supplier Part Number"; Value = "SAM8736-ND"; VariantName = "[No Variations]"
Change component parameters (AddParameter): Name = "Value"; Value = ""; VariantName = "[No Variations]"
Change component parameters: Designator = "J12" ("J12"); Footprint = "SAMTEC_HTSW-102-XX-X-S"; UniqueID = "\QHYYEVWO\SGCFTOPK" ("\QHYYEVWO\SGCFTOPK")
Change component parameters (AddParameter): Name = "Manufacturer"; Value = "Samtec Inc."; VariantName = "[No Variations]"
Change component parameters (AddParameter): Name = "Manufacturer Part Number"; Value = "HTSW-102-07-G-S"; VariantName = "[No Variations]"
Change component parameters (AddParameter): Name = "Package/Case"; Value = "Bag"; VariantName = "[No Variations]"
Change component parameters (AddParameter): Name = "Supplier"; Value = "DigiKey"; VariantName = "[No Variations]"
Change component parameters (AddParameter): Name = "Supplier Part Number"; Value = "SAM8736-ND"; VariantName = "[No Variations]"
Change component parameters (AddParameter): Name = "Value"; Value = ""; VariantName = "[No Variations]"
Change component parameters: Designator = "J13" ("J13"); Footprint = "SAMESKY_SJ1-3515-SMT"; UniqueID = "\QHYYEVWO\GVXMLVIN" ("\QHYYEVWO\GVXMLVIN")
Change component parameters (AddParameter): Name = "Manufacturer"; Value = "Same Sky (Formerly CUI Devices)"; VariantName = "[No Variations]"
Change component parameters (AddParameter): Name = "Manufacturer Part Number"; Value = "SJ1-3515-SMT-TR"; VariantName = "[No Variations]"
Change component parameters (AddParameter): Name = "Package/Case"; Value = "CT"; VariantName = "[No Variations]"
Change component parameters (AddParameter): Name = "Supplier"; Value = "DigiKey"; VariantName = "[No Variations]"
Change component parameters (AddParameter): Name = "Supplier Part Number"; Value = "CP1-3515SJCT-ND"; VariantName = "[No Variations]"
Change component parameters (AddParameter): Name = "Value"; Value = ""; VariantName = "[No Variations]"
Change component parameters: Designator = "J14" ("J14"); Footprint = "SAMTEC_HTSW-102-XX-X-S"; UniqueID = "\QHYYEVWO\SYHISOCN" ("\QHYYEVWO\SYHISOCN")
Change component parameters (AddParameter): Name = "Manufacturer"; Value = "Samtec Inc."; VariantName = "[No Variations]"
Change component parameters (AddParameter): Name = "Manufacturer Part Number"; Value = "HTSW-102-07-G-S"; VariantName = "[No Variations]"
Change component parameters (AddParameter): Name = "Package/Case"; Value = "Bag"; VariantName = "[No Variations]"
Change component parameters (AddParameter): Name = "Supplier"; Value = "DigiKey"; VariantName = "[No Variations]"
Change component parameters (AddParameter): Name = "Supplier Part Number"; Value = "SAM8736-ND"; VariantName = "[No Variations]"
Change component parameters (AddParameter): Name = "Value"; Value = ""; VariantName = "[No Variations]"
Change component parameters: Designator = "J15" ("J15"); Footprint = "SAMTEC_HTSW-102-XX-X-S"; UniqueID = "\QHYYEVWO\BZMROSHG" ("\QHYYEVWO\BZMROSHG")
Change component parameters (AddParameter): Name = "Manufacturer"; Value = "Samtec Inc."; VariantName = "[No Variations]"
Change component parameters (AddParameter): Name = "Manufacturer Part Number"; Value = "HTSW-102-07-G-S"; VariantName = "[No Variations]"
Change component parameters (AddParameter): Name = "Package/Case"; Value = "Bag"; VariantName = "[No Variations]"
Change component parameters (AddParameter): Name = "Supplier"; Value = "DigiKey"; VariantName = "[No Variations]"
Change component parameters (AddParameter): Name = "Supplier Part Number"; Value = "SAM8736-ND"; VariantName = "[No Variations]"
Change component parameters (AddParameter): Name = "Value"; Value = ""; VariantName = "[No Variations]"
Change component parameters: Designator = "J20" ("J20"); Footprint = "SAMTEC_HTSW-102-XX-X-S"; UniqueID = "\QHYYEVWO\QTDKGMHC" ("\QHYYEVWO\QTDKGMHC")
Change component parameters (AddParameter): Name = "Manufacturer"; Value = "Samtec Inc."; VariantName = "[No Variations]"
Change component parameters (AddParameter): Name = "Manufacturer Part Number"; Value = "HTSW-102-07-G-S"; VariantName = "[No Variations]"
Change component parameters (AddParameter): Name = "Package/Case"; Value = "Bag"; VariantName = "[No Variations]"
Change component parameters (AddParameter): Name = "Supplier"; Value = "DigiKey"; VariantName = "[No Variations]"
Change component parameters (AddParameter): Name = "Supplier Part Number"; Value = "SAM8736-ND"; VariantName = "[No Variations]"
Change component parameters (AddParameter): Name = "Value"; Value = ""; VariantName = "[No Variations]"
Change component parameters: Designator = "J21" ("J21"); Footprint = "SAMTEC_HTSW-102-XX-X-S"; UniqueID = "\QHYYEVWO\WCZKYPTC" ("\QHYYEVWO\WCZKYPTC")
Change component parameters (AddParameter): Name = "Manufacturer"; Value = "Samtec Inc."; VariantName = "[No Variations]"
Change component parameters (AddParameter): Name = "Manufacturer Part Number"; Value = "HTSW-102-07-G-S"; VariantName = "[No Variations]"
Change component parameters (AddParameter): Name = "Package/Case"; Value = "Bag"; VariantName = "[No Variations]"
Change component parameters (AddParameter): Name = "Supplier"; Value = "DigiKey"; VariantName = "[No Variations]"
Change component parameters (AddParameter): Name = "Supplier Part Number"; Value = "SAM8736-ND"; VariantName = "[No Variations]"
Change component parameters (AddParameter): Name = "Value"; Value = ""; VariantName = "[No Variations]"
Change component parameters: Designator = "J22" ("J22"); Footprint = "GCT_USB4105-GF-A-120"; UniqueID = "\LZDJSHXW\SYBCYOZI" ("\LZDJSHXW\SYBCYOZI")
Change component parameters (AddParameter): Name = "Manufacturer"; Value = "GCT"; VariantName = "[No Variations]"
Change component parameters (AddParameter): Name = "Manufacturer Part Number"; Value = "USB4105-GF-A-120"; VariantName = "[No Variations]"
Change component parameters (AddParameter): Name = "Package/Case"; Value = "CT"; VariantName = "[No Variations]"
Change component parameters (AddParameter): Name = "Supplier"; Value = "DigiKey"; VariantName = "[No Variations]"
Change component parameters (AddParameter): Name = "Supplier Part Number"; Value = "2073-USB4105-GF-A-120CT-ND"; VariantName = "[No Variations]"
Change component parameters (AddParameter): Name = "Value"; Value = ""; VariantName = "[No Variations]"
Change component parameters: Designator = "MIC1" ("MIC1"); Footprint = "MIC_PUIAUDIO_AOM-4544P-2-R"; UniqueID = "\QHYYEVWO\PDFTRDNS" ("\QHYYEVWO\PDFTRDNS")
Change component parameters (AddParameter): Name = "Manufacturer"; Value = "PUI Audio, Inc."; VariantName = "[No Variations]"
Change component parameters (AddParameter): Name = "Manufacturer Part Number"; Value = "AOM-4544P-2-R"; VariantName = "[No Variations]"
Change component parameters (AddParameter): Name = "Package/Case"; Value = "Bulk"; VariantName = "[No Variations]"
Change component parameters (AddParameter): Name = "Supplier"; Value = "DigiKey"; VariantName = "[No Variations]"
Change component parameters (AddParameter): Name = "Supplier Part Number"; Value = "668-1197-ND"; VariantName = "[No Variations]"
Change component parameters (AddParameter): Name = "Value"; Value = ""; VariantName = "[No Variations]"
Change component parameters: Designator = "TP1" ("TP1"); Footprint = "KEYSTONE_5000"; UniqueID = "\QHYYEVWO\NBLMDDSN" ("\QHYYEVWO\NBLMDDSN")
Change component parameters (AddParameter): Name = "Manufacturer"; Value = "Keystone Electronics"; VariantName = "[No Variations]"
Change component parameters (AddParameter): Name = "Manufacturer Part Number"; Value = "5000"; VariantName = "[No Variations]"
Change component parameters (AddParameter): Name = "Package/Case"; Value = "Bulk"; VariantName = "[No Variations]"
Change component parameters (AddParameter): Name = "Supplier"; Value = "DigiKey"; VariantName = "[No Variations]"
Change component parameters (AddParameter): Name = "Supplier Part Number"; Value = "36-5000-ND"; VariantName = "[No Variations]"
Change component parameters (AddParameter): Name = "Value"; Value = ""; VariantName = "[No Variations]"
Change component parameters: Designator = "TP2" ("TP2"); Footprint = "KEYSTONE_5000"; UniqueID = "\QHYYEVWO\VNEJILLG" ("\QHYYEVWO\VNEJILLG")
Change component parameters (AddParameter): Name = "Manufacturer"; Value = "Keystone Electronics"; VariantName = "[No Variations]"
Change component parameters (AddParameter): Name = "Manufacturer Part Number"; Value = "5000"; VariantName = "[No Variations]"
Change component parameters (AddParameter): Name = "Package/Case"; Value = "Bulk"; VariantName = "[No Variations]"
Change component parameters (AddParameter): Name = "Supplier"; Value = "DigiKey"; VariantName = "[No Variations]"
Change component parameters (AddParameter): Name = "Supplier Part Number"; Value = "36-5000-ND"; VariantName = "[No Variations]"
Change component parameters (AddParameter): Name = "Value"; Value = ""; VariantName = "[No Variations]"
Change component parameters: Designator = "TP3" ("TP3"); Footprint = "KEYSTONE_5000"; UniqueID = "\QHYYEVWO\RIKMRSIF" ("\QHYYEVWO\RIKMRSIF")
Change component parameters (AddParameter): Name = "Manufacturer"; Value = "Keystone Electronics"; VariantName = "[No Variations]"
Change component parameters (AddParameter): Name = "Manufacturer Part Number"; Value = "5000"; VariantName = "[No Variations]"
Change component parameters (AddParameter): Name = "Package/Case"; Value = "Bulk"; VariantName = "[No Variations]"
Change component parameters (AddParameter): Name = "Supplier"; Value = "DigiKey"; VariantName = "[No Variations]"
Change component parameters (AddParameter): Name = "Supplier Part Number"; Value = "36-5000-ND"; VariantName = "[No Variations]"
Change component parameters (AddParameter): Name = "Value"; Value = ""; VariantName = "[No Variations]"
Change component parameters: Designator = "TP4" ("TP4"); Footprint = "KEYSTONE_5000"; UniqueID = "\QHYYEVWO\GJUPIOAO" ("\QHYYEVWO\GJUPIOAO")
Change component parameters (AddParameter): Name = "Manufacturer"; Value = "Keystone Electronics"; VariantName = "[No Variations]"
Change component parameters (AddParameter): Name = "Manufacturer Part Number"; Value = "5000"; VariantName = "[No Variations]"
Change component parameters (AddParameter): Name = "Package/Case"; Value = "Bulk"; VariantName = "[No Variations]"
Change component parameters (AddParameter): Name = "Supplier"; Value = "DigiKey"; VariantName = "[No Variations]"
Change component parameters (AddParameter): Name = "Supplier Part Number"; Value = "36-5000-ND"; VariantName = "[No Variations]"
Change component parameters (AddParameter): Name = "Value"; Value = ""; VariantName = "[No Variations]"
Change component parameters: Designator = "TP5" ("TP5"); Footprint = "KEYSTONE_5000"; UniqueID = "\QHYYEVWO\KPRVSOVQ" ("\QHYYEVWO\KPRVSOVQ")
Change component parameters (AddParameter): Name = "Manufacturer"; Value = "Keystone Electronics"; VariantName = "[No Variations]"
Change component parameters (AddParameter): Name = "Manufacturer Part Number"; Value = "5000"; VariantName = "[No Variations]"
Change component parameters (AddParameter): Name = "Package/Case"; Value = "Bulk"; VariantName = "[No Variations]"
Change component parameters (AddParameter): Name = "Supplier"; Value = "DigiKey"; VariantName = "[No Variations]"
Change component parameters (AddParameter): Name = "Supplier Part Number"; Value = "36-5000-ND"; VariantName = "[No Variations]"
Change component parameters (AddParameter): Name = "Value"; Value = ""; VariantName = "[No Variations]"
Change component parameters: Designator = "TP6" ("TP6"); Footprint = "KEYSTONE_5000"; UniqueID = "\QHYYEVWO\XPAJLDRV" ("\QHYYEVWO\XPAJLDRV")
Change component parameters (AddParameter): Name = "Manufacturer"; Value = "Keystone Electronics"; VariantName = "[No Variations]"
Change component parameters (AddParameter): Name = "Manufacturer Part Number"; Value = "5000"; VariantName = "[No Variations]"
Change component parameters (AddParameter): Name = "Package/Case"; Value = "Bulk"; VariantName = "[No Variations]"
Change component parameters (AddParameter): Name = "Supplier"; Value = "DigiKey"; VariantName = "[No Variations]"
Change component parameters (AddParameter): Name = "Supplier Part Number"; Value = "36-5000-ND"; VariantName = "[No Variations]"
Change component parameters (AddParameter): Name = "Value"; Value = ""; VariantName = "[No Variations]"
Change component parameters: Designator = "TP7" ("TP7"); Footprint = "KEYSTONE_5000"; UniqueID = "\QHYYEVWO\ZUSEIBNT" ("\QHYYEVWO\ZUSEIBNT")
Change component parameters (AddParameter): Name = "Manufacturer"; Value = "Keystone Electronics"; VariantName = "[No Variations]"
Change component parameters (AddParameter): Name = "Manufacturer Part Number"; Value = "5000"; VariantName = "[No Variations]"
Change component parameters (AddParameter): Name = "Package/Case"; Value = "Bulk"; VariantName = "[No Variations]"
Change component parameters (AddParameter): Name = "Supplier"; Value = "DigiKey"; VariantName = "[No Variations]"
Change component parameters (AddParameter): Name = "Supplier Part Number"; Value = "36-5000-ND"; VariantName = "[No Variations]"
Change component parameters (AddParameter): Name = "Value"; Value = ""; VariantName = "[No Variations]"
Change component parameters: Designator = "TP8" ("TP8"); Footprint = "KEYSTONE_5000"; UniqueID = "\QHYYEVWO\SYWORRWG" ("\QHYYEVWO\SYWORRWG")
Change component parameters (AddParameter): Name = "Manufacturer"; Value = "Keystone Electronics"; VariantName = "[No Variations]"
Change component parameters (AddParameter): Name = "Manufacturer Part Number"; Value = "5000"; VariantName = "[No Variations]"
Change component parameters (AddParameter): Name = "Package/Case"; Value = "Bulk"; VariantName = "[No Variations]"
Change component parameters (AddParameter): Name = "Supplier"; Value = "DigiKey"; VariantName = "[No Variations]"
Change component parameters (AddParameter): Name = "Supplier Part Number"; Value = "36-5000-ND"; VariantName = "[No Variations]"
Change component parameters (AddParameter): Name = "Value"; Value = ""; VariantName = "[No Variations]"
Change component parameters: Designator = "TP9" ("TP9"); Footprint = "KEYSTONE_5000"; UniqueID = "\QHYYEVWO\MWOVOIZS" ("\QHYYEVWO\MWOVOIZS")
Change component parameters (AddParameter): Name = "Manufacturer"; Value = "Keystone Electronics"; VariantName = "[No Variations]"
Change component parameters (AddParameter): Name = "Manufacturer Part Number"; Value = "5000"; VariantName = "[No Variations]"
Change component parameters (AddParameter): Name = "Package/Case"; Value = "Bulk"; VariantName = "[No Variations]"
Change component parameters (AddParameter): Name = "Supplier"; Value = "DigiKey"; VariantName = "[No Variations]"
Change component parameters (AddParameter): Name = "Supplier Part Number"; Value = "36-5000-ND"; VariantName = "[No Variations]"
Change component parameters (AddParameter): Name = "Value"; Value = ""; VariantName = "[No Variations]"
Change component parameters: Designator = "TP10" ("TP10"); Footprint = "KEYSTONE_5000"; UniqueID = "\QHYYEVWO\YWISJKBP" ("\QHYYEVWO\YWISJKBP")
Change component parameters (AddParameter): Name = "Manufacturer"; Value = "Keystone Electronics"; VariantName = "[No Variations]"
Change component parameters (AddParameter): Name = "Manufacturer Part Number"; Value = "5000"; VariantName = "[No Variations]"
Change component parameters (AddParameter): Name = "Package/Case"; Value = "Bulk"; VariantName = "[No Variations]"
Change component parameters (AddParameter): Name = "Supplier"; Value = "DigiKey"; VariantName = "[No Variations]"
Change component parameters (AddParameter): Name = "Supplier Part Number"; Value = "36-5000-ND"; VariantName = "[No Variations]"
Change component parameters (AddParameter): Name = "Value"; Value = ""; VariantName = "[No Variations]"
Change component parameters: Designator = "TP11" ("TP11"); Footprint = "KEYSTONE_5000"; UniqueID = "\QHYYEVWO\SZYCWFEP" ("\QHYYEVWO\SZYCWFEP")
Change component parameters (AddParameter): Name = "Manufacturer"; Value = "Keystone Electronics"; VariantName = "[No Variations]"
Change component parameters (AddParameter): Name = "Manufacturer Part Number"; Value = "5000"; VariantName = "[No Variations]"
Change component parameters (AddParameter): Name = "Package/Case"; Value = "Bulk"; VariantName = "[No Variations]"
Change component parameters (AddParameter): Name = "Supplier"; Value = "DigiKey"; VariantName = "[No Variations]"
Change component parameters (AddParameter): Name = "Supplier Part Number"; Value = "36-5000-ND"; VariantName = "[No Variations]"
Change component parameters (AddParameter): Name = "Value"; Value = ""; VariantName = "[No Variations]"
Change component parameters: Designator = "TP12" ("TP12"); Footprint = "KEYSTONE_5000"; UniqueID = "\QHYYEVWO\UUGUSJGO" ("\QHYYEVWO\UUGUSJGO")
Change component parameters (AddParameter): Name = "Manufacturer"; Value = "Keystone Electronics"; VariantName = "[No Variations]"
Change component parameters (AddParameter): Name = "Manufacturer Part Number"; Value = "5000"; VariantName = "[No Variations]"
Change component parameters (AddParameter): Name = "Package/Case"; Value = "Bulk"; VariantName = "[No Variations]"
Change component parameters (AddParameter): Name = "Supplier"; Value = "DigiKey"; VariantName = "[No Variations]"
Change component parameters (AddParameter): Name = "Supplier Part Number"; Value = "36-5000-ND"; VariantName = "[No Variations]"
Change component parameters (AddParameter): Name = "Value"; Value = ""; VariantName = "[No Variations]"
Change component parameters: Designator = "TP13" ("TP13"); Footprint = "KEYSTONE_5000"; UniqueID = "\QHYYEVWO\PGAHASXB" ("\QHYYEVWO\PGAHASXB")
Change component parameters (AddParameter): Name = "Manufacturer"; Value = "Keystone Electronics"; VariantName = "[No Variations]"
Change component parameters (AddParameter): Name = "Manufacturer Part Number"; Value = "5000"; VariantName = "[No Variations]"
Change component parameters (AddParameter): Name = "Package/Case"; Value = "Bulk"; VariantName = "[No Variations]"
Change component parameters (AddParameter): Name = "Supplier"; Value = "DigiKey"; VariantName = "[No Variations]"
Change component parameters (AddParameter): Name = "Supplier Part Number"; Value = "36-5000-ND"; VariantName = "[No Variations]"
Change component parameters (AddParameter): Name = "Value"; Value = ""; VariantName = "[No Variations]"
Change component parameters: Designator = "TP14" ("TP14"); Footprint = "KEYSTONE_5000"; UniqueID = "\QHYYEVWO\NOVVYOUW" ("\QHYYEVWO\NOVVYOUW")
Change component parameters (AddParameter): Name = "Manufacturer"; Value = "Keystone Electronics"; VariantName = "[No Variations]"
Change component parameters (AddParameter): Name = "Manufacturer Part Number"; Value = "5000"; VariantName = "[No Variations]"
Change component parameters (AddParameter): Name = "Package/Case"; Value = "Bulk"; VariantName = "[No Variations]"
Change component parameters (AddParameter): Name = "Supplier"; Value = "DigiKey"; VariantName = "[No Variations]"
Change component parameters (AddParameter): Name = "Supplier Part Number"; Value = "36-5000-ND"; VariantName = "[No Variations]"
Change component parameters (AddParameter): Name = "Value"; Value = ""; VariantName = "[No Variations]"
Change component parameters: Designator = "TP15" ("TP15"); Footprint = "KEYSTONE_5000"; UniqueID = "\QHYYEVWO\QEXXLJCT" ("\QHYYEVWO\QEXXLJCT")
Change component parameters (AddParameter): Name = "Manufacturer"; Value = "Keystone Electronics"; VariantName = "[No Variations]"
Change component parameters (AddParameter): Name = "Manufacturer Part Number"; Value = "5000"; VariantName = "[No Variations]"
Change component parameters (AddParameter): Name = "Package/Case"; Value = "Bulk"; VariantName = "[No Variations]"
Change component parameters (AddParameter): Name = "Supplier"; Value = "DigiKey"; VariantName = "[No Variations]"
Change component parameters (AddParameter): Name = "Supplier Part Number"; Value = "36-5000-ND"; VariantName = "[No Variations]"
Change component parameters (AddParameter): Name = "Value"; Value = ""; VariantName = "[No Variations]"
Change component parameters: Designator = "TP16" ("TP16"); Footprint = "KEYSTONE_5000"; UniqueID = "\QHYYEVWO\TVJBIVEW" ("\QHYYEVWO\TVJBIVEW")
Change component parameters (AddParameter): Name = "Manufacturer"; Value = "Keystone Electronics"; VariantName = "[No Variations]"
Change component parameters (AddParameter): Name = "Manufacturer Part Number"; Value = "5000"; VariantName = "[No Variations]"
Change component parameters (AddParameter): Name = "Package/Case"; Value = "Bulk"; VariantName = "[No Variations]"
Change component parameters (AddParameter): Name = "Supplier"; Value = "DigiKey"; VariantName = "[No Variations]"
Change component parameters (AddParameter): Name = "Supplier Part Number"; Value = "36-5000-ND"; VariantName = "[No Variations]"
Change component parameters (AddParameter): Name = "Value"; Value = ""; VariantName = "[No Variations]"
Change component parameters: Designator = "TP17" ("TP17"); Footprint = "KEYSTONE_5000"; UniqueID = "\QHYYEVWO\JIOUBYZX" ("\QHYYEVWO\JIOUBYZX")
Change component parameters (AddParameter): Name = "Manufacturer"; Value = "Keystone Electronics"; VariantName = "[No Variations]"
Change component parameters (AddParameter): Name = "Manufacturer Part Number"; Value = "5000"; VariantName = "[No Variations]"
Change component parameters (AddParameter): Name = "Package/Case"; Value = "Bulk"; VariantName = "[No Variations]"
Change component parameters (AddParameter): Name = "Supplier"; Value = "DigiKey"; VariantName = "[No Variations]"
Change component parameters (AddParameter): Name = "Supplier Part Number"; Value = "36-5000-ND"; VariantName = "[No Variations]"
Change component parameters (AddParameter): Name = "Value"; Value = ""; VariantName = "[No Variations]"
Change component parameters: Designator = "TP18" ("TP18"); Footprint = "KEYSTONE_5000"; UniqueID = "\QHYYEVWO\RLFIYCXR" ("\QHYYEVWO\RLFIYCXR")
Change component parameters (AddParameter): Name = "Manufacturer"; Value = "Keystone Electronics"; VariantName = "[No Variations]"
Change component parameters (AddParameter): Name = "Manufacturer Part Number"; Value = "5000"; VariantName = "[No Variations]"
Change component parameters (AddParameter): Name = "Package/Case"; Value = "Bulk"; VariantName = "[No Variations]"
Change component parameters (AddParameter): Name = "Supplier"; Value = "DigiKey"; VariantName = "[No Variations]"
Change component parameters (AddParameter): Name = "Supplier Part Number"; Value = "36-5000-ND"; VariantName = "[No Variations]"
Change component parameters (AddParameter): Name = "Value"; Value = ""; VariantName = "[No Variations]"
Change component parameters: Designator = "U2" ("U2"); Footprint = "SOT50P160X60-6N"; UniqueID = "\LZDJSHXW\JAUYNBVB" ("\LZDJSHXW\JAUYNBVB")
Change component parameters (AddParameter): Name = "Manufacturer"; Value = "STMicroelectronics"; VariantName = "[No Variations]"
Change component parameters (AddParameter): Name = "Manufacturer Part Number"; Value = "USBLC6-2P6"; VariantName = "[No Variations]"
Change component parameters (AddParameter): Name = "Package/Case"; Value = "SOT-666"; VariantName = "[No Variations]"
Change component parameters (AddParameter): Name = "Supplier"; Value = "DigiKey"; VariantName = "[No Variations]"
Change component parameters (AddParameter): Name = "Supplier Part Number"; Value = "497-5026-1-ND"; VariantName = "[No Variations]"
Change component parameters (AddParameter): Name = "Value"; Value = ""; VariantName = "[No Variations]"
Change component parameters: Designator = "U3" ("U3"); Footprint = "SOT95P280X110-5N"; UniqueID = "\LZDJSHXW\LFGKYKSZ" ("\LZDJSHXW\LFGKYKSZ")
Change component parameters (AddParameter): Name = "Manufacturer"; Value = "Texas Instruments"; VariantName = "[No Variations]"
Change component parameters (AddParameter): Name = "Manufacturer Part Number"; Value = "TLV75533PDBVR"; VariantName = "[No Variations]"
Change component parameters (AddParameter): Name = "Package/Case"; Value = "SOT-23-5"; VariantName = "[No Variations]"
Change component parameters (AddParameter): Name = "Supplier"; Value = "DigiKey"; VariantName = "[No Variations]"
Change component parameters (AddParameter): Name = "Supplier Part Number"; Value = "296-50411-1-ND"; VariantName = "[No Variations]"
Change component parameters (AddParameter): Name = "Value"; Value = ""; VariantName = "[No Variations]"
Change component parameters: Designator = "U4" ("U4"); Footprint = "SOT95P280X110-5N"; UniqueID = "\LZDJSHXW\LCDALCFZ" ("\LZDJSHXW\LCDALCFZ")
Change component parameters (AddParameter): Name = "Manufacturer"; Value = "Texas Instruments"; VariantName = "[No Variations]"
Change component parameters (AddParameter): Name = "Manufacturer Part Number"; Value = "TLV70018DDCR"; VariantName = "[No Variations]"
Change component parameters (AddParameter): Name = "Package/Case"; Value = "SOT-23-5"; VariantName = "[No Variations]"
Change component parameters (AddParameter): Name = "Supplier"; Value = "DigiKey"; VariantName = "[No Variations]"
Change component parameters (AddParameter): Name = "Supplier Part Number"; Value = "296-32410-1-ND"; VariantName = "[No Variations]"
Change component parameters (AddParameter): Name = "Value"; Value = ""; VariantName = "[No Variations]"
Change component parameters: Designator = "S1" ("S1"); Footprint = "SW_EG4208"; UniqueID = "\QHYYEVWO\ZUITQIPQ" ("\QHYYEVWO\ZUITQIPQ")
Change component parameters (AddParameter): Name = "Manufacturer"; Value = "E-Switch"; VariantName = "[No Variations]"
Change component parameters (AddParameter): Name = "Manufacturer Part Number"; Value = "EG4208"; VariantName = "[No Variations]"
Change component parameters (AddParameter): Name = "Package/Case"; Value = "Bulk"; VariantName = "[No Variations]"
Change component parameters (AddParameter): Name = "Supplier"; Value = "DigiKey"; VariantName = "[No Variations]"
Change component parameters (AddParameter): Name = "Supplier Part Number"; Value = "EG1914-ND"; VariantName = "[No Variations]"
Change component parameters (AddParameter): Name = "Value"; Value = ""; VariantName = "[No Variations]"
