Change Component Description : Designator=CN9 Old Description=Conn, Header, 30Pos, 2Row, 2.54Mm Rohs Compliant: Yes New Description=Conn, Header, 30Pos, 2Row, 2.54Mm Rohs Compliant: Yes |Samtec, Inc. TSW-115-07-G-D
Change Component Description : Designator=S1 Old Description=Slide Switch, EG Series, 4PDT, ON-ON, 4mm Actuator, 200mA DC, 30VDC, R/A PC New Description=Slide Switch, EG Series, 4PDT, ON-ON, 4mm Actuator, 200mA DC, 30VDC, R/A PC | E-Switch EG4208
Change Component Description : Designator=TP1 Old Description=Test Point Miniature THM H .300 Nylon 46 Insulated Red PhosBronze/Silver New Description=Test Point Miniature THM H .300 Nylon 46 Insulated Red PhosBronze/Silver | Keystone Electronics 5000
Change Component Description : Designator=TP2 Old Description=Test Point Miniature THM H .300 Nylon 46 Insulated Red PhosBronze/Silver New Description=Test Point Miniature THM H .300 Nylon 46 Insulated Red PhosBronze/Silver | Keystone Electronics 5000
Change Component Description : Designator=TP3 Old Description=Test Point Miniature THM H .300 Nylon 46 Insulated Red PhosBronze/Silver New Description=Test Point Miniature THM H .300 Nylon 46 Insulated Red PhosBronze/Silver | Keystone Electronics 5000
Change Component Description : Designator=TP4 Old Description=Test Point Miniature THM H .300 Nylon 46 Insulated Red PhosBronze/Silver New Description=Test Point Miniature THM H .300 Nylon 46 Insulated Red PhosBronze/Silver | Keystone Electronics 5000
Change Component Description : Designator=TP5 Old Description=Test Point Miniature THM H .300 Nylon 46 Insulated Red PhosBronze/Silver New Description=Test Point Miniature THM H .300 Nylon 46 Insulated Red PhosBronze/Silver | Keystone Electronics 5000
Change Component Description : Designator=TP6 Old Description=Test Point Miniature THM H .300 Nylon 46 Insulated Red PhosBronze/Silver New Description=Test Point Miniature THM H .300 Nylon 46 Insulated Red PhosBronze/Silver | Keystone Electronics 5000
Change Component Description : Designator=TP7 Old Description=Test Point Miniature THM H .300 Nylon 46 Insulated Red PhosBronze/Silver New Description=Test Point Miniature THM H .300 Nylon 46 Insulated Red PhosBronze/Silver | Keystone Electronics 5000
Change Component Description : Designator=TP8 Old Description=Test Point Miniature THM H .300 Nylon 46 Insulated Red PhosBronze/Silver New Description=Test Point Miniature THM H .300 Nylon 46 Insulated Red PhosBronze/Silver | Keystone Electronics 5000
Change Component Description : Designator=TP9 Old Description=Test Point Miniature THM H .300 Nylon 46 Insulated Red PhosBronze/Silver New Description=Test Point Miniature THM H .300 Nylon 46 Insulated Red PhosBronze/Silver | Keystone Electronics 5000
Change Component Description : Designator=TP10 Old Description=Test Point Miniature THM H .300 Nylon 46 Insulated Red PhosBronze/Silver New Description=Test Point Miniature THM H .300 Nylon 46 Insulated Red PhosBronze/Silver | Keystone Electronics 5000
Change Component Description : Designator=TP11 Old Description=Test Point Miniature THM H .300 Nylon 46 Insulated Red PhosBronze/Silver New Description=Test Point Miniature THM H .300 Nylon 46 Insulated Red PhosBronze/Silver | Keystone Electronics 5000
Change Component Description : Designator=TP12 Old Description=Test Point Miniature THM H .300 Nylon 46 Insulated Red PhosBronze/Silver New Description=Test Point Miniature THM H .300 Nylon 46 Insulated Red PhosBronze/Silver | Keystone Electronics 5000
Change Component Description : Designator=TP13 Old Description=Test Point Miniature THM H .300 Nylon 46 Insulated Red PhosBronze/Silver New Description=Test Point Miniature THM H .300 Nylon 46 Insulated Red PhosBronze/Silver | Keystone Electronics 5000
Change Component Description : Designator=TP14 Old Description=Test Point Miniature THM H .300 Nylon 46 Insulated Red PhosBronze/Silver New Description=Test Point Miniature THM H .300 Nylon 46 Insulated Red PhosBronze/Silver | Keystone Electronics 5000
Change Component Description : Designator=TP15 Old Description=Test Point Miniature THM H .300 Nylon 46 Insulated Red PhosBronze/Silver New Description=Test Point Miniature THM H .300 Nylon 46 Insulated Red PhosBronze/Silver | Keystone Electronics 5000
Change Component Description : Designator=TP16 Old Description=Test Point Miniature THM H .300 Nylon 46 Insulated Red PhosBronze/Silver New Description=Test Point Miniature THM H .300 Nylon 46 Insulated Red PhosBronze/Silver | Keystone Electronics 5000
Change Component Description : Designator=TP17 Old Description=Test Point Miniature THM H .300 Nylon 46 Insulated Red PhosBronze/Silver New Description=Test Point Miniature THM H .300 Nylon 46 Insulated Red PhosBronze/Silver | Keystone Electronics 5000
Change Component Description : Designator=TP18 Old Description=Test Point Miniature THM H .300 Nylon 46 Insulated Red PhosBronze/Silver New Description=Test Point Miniature THM H .300 Nylon 46 Insulated Red PhosBronze/Silver | Keystone Electronics 5000
Change Component Description : Designator=TP19 Old Description=Test Point Miniature THM H .300 Nylon 46 Insulated Red PhosBronze/Silver New Description=Test Point Miniature THM H .300 Nylon 46 Insulated Red PhosBronze/Silver | Keystone Electronics 5000
Change Component Description : Designator=TP20 Old Description=Test Point Miniature THM H .300 Nylon 46 Insulated Red PhosBronze/Silver New Description=Test Point Miniature THM H .300 Nylon 46 Insulated Red PhosBronze/Silver | Keystone Electronics 5000
Change Component Description : Designator=TP21 Old Description=Test Point Miniature THM H .300 Nylon 46 Insulated Red PhosBronze/Silver New Description=Test Point Miniature THM H .300 Nylon 46 Insulated Red PhosBronze/Silver | Keystone Electronics 5000
Change Component Description : Designator=TP22 Old Description=Test Point Miniature THM H .300 Nylon 46 Insulated Red PhosBronze/Silver New Description=Test Point Miniature THM H .300 Nylon 46 Insulated Red PhosBronze/Silver | Keystone Electronics 5000
Change Component Description : Designator=TP23 Old Description=Test Point Miniature THM H .300 Nylon 46 Insulated Red PhosBronze/Silver New Description=Test Point Miniature THM H .300 Nylon 46 Insulated Red PhosBronze/Silver | Keystone Electronics 5000
Change Component Description : Designator=TP24 Old Description=Test Point Miniature THM H .300 Nylon 46 Insulated Red PhosBronze/Silver New Description=Test Point Miniature THM H .300 Nylon 46 Insulated Red PhosBronze/Silver | Keystone Electronics 5000
Change Component Description : Designator=TP25 Old Description=Test Point Miniature THM H .300 Nylon 46 Insulated Red PhosBronze/Silver New Description=Test Point Miniature THM H .300 Nylon 46 Insulated Red PhosBronze/Silver | Keystone Electronics 5000
Change Component Description : Designator=TP26 Old Description=Test Point Miniature THM H .300 Nylon 46 Insulated Red PhosBronze/Silver New Description=Test Point Miniature THM H .300 Nylon 46 Insulated Red PhosBronze/Silver | Keystone Electronics 5000
Added Pin To Net: NetName=GND Pin=C1-1
Added Pin To Net: NetName=MICBIAS Pin=C1-2
Added Pin To Net: NetName=EXT_IN1LP Pin=C2-1
Added Pin To Net: NetName=CODEC_IN1LP Pin=C2-2
Added Pin To Net: NetName=EXT_IN1RP Pin=C3-1
Added Pin To Net: NetName=CODEC_IN1RP Pin=C3-2
Added Pin To Net: NetName=GND Pin=C4-1
Added Pin To Net: NetName=CODEC_IN1LP Pin=C4-2
Added Pin To Net: NetName=GND Pin=C5-1
Added Pin To Net: NetName=CODEC_IN1RP Pin=C5-2
Added Pin To Net: NetName=EXT_IN2L Pin=C6-1
Added Pin To Net: NetName=CODEC_IN2L Pin=C6-2
Added Pin To Net: NetName=GND Pin=C7-1
Added Pin To Net: NetName=NetC7_2 Pin=C7-2
Added Pin To Net: NetName=GND Pin=C8-1
Added Pin To Net: NetName=CODEC_IN2L Pin=C8-2
Added Pin To Net: NetName=EXT_IN1LM Pin=C9-1
Added Pin To Net: NetName=CODEC_IN1LM Pin=C9-2
Added Pin To Net: NetName=EXT_IN1RM Pin=C10-1
Added Pin To Net: NetName=CODEC_IN1RM Pin=C10-2
Added Pin To Net: NetName=GND Pin=C11-1
Added Pin To Net: NetName=CODEC_IN1LM Pin=C11-2
Added Pin To Net: NetName=GND Pin=C12-1
Added Pin To Net: NetName=CODEC_IN1RM Pin=C12-2
Added Pin To Net: NetName=EXT_IN2R Pin=C13-1
Added Pin To Net: NetName=CODEC_IN2R Pin=C13-2
Added Pin To Net: NetName=GND Pin=C14-1
Added Pin To Net: NetName=CODEC_IN2R Pin=C14-2
Added Pin To Net: NetName=GND Pin=C15-1
Added Pin To Net: NetName=AVDD Pin=C15-2
Added Pin To Net: NetName=AVDD Pin=C16-1
Added Pin To Net: NetName=GND Pin=C16-2
Added Pin To Net: NetName=GND Pin=C17-1
Added Pin To Net: NetName=DRVDD Pin=C17-2
Added Pin To Net: NetName=DRVDD Pin=C18-1
Added Pin To Net: NetName=GND Pin=C18-2
Added Pin To Net: NetName=DGND Pin=C19-1
Added Pin To Net: NetName=RESET_N Pin=C19-2
Added Pin To Net: NetName=DGND Pin=C20-1
Added Pin To Net: NetName=IOVDD Pin=C20-2
Added Pin To Net: NetName=IOVDD Pin=C21-1
Added Pin To Net: NetName=DGND Pin=C21-2
Added Pin To Net: NetName=DGND Pin=C22-1
Added Pin To Net: NetName=DVDD Pin=C22-2
Added Pin To Net: NetName=DVDD Pin=C23-1
Added Pin To Net: NetName=DGND Pin=C23-2
Added Pin To Net: NetName=NetC24_N Pin=C24-N
Added Pin To Net: NetName=CODEC_HPLOUT Pin=C24-P
Added Pin To Net: NetName=NetC25_N Pin=C25-N
Added Pin To Net: NetName=CODEC_HPROUT Pin=C25-P
Added Pin To Net: NetName=LEFT_LOP Pin=C26-1
Added Pin To Net: NetName=GND Pin=C26-2
Added Pin To Net: NetName=RIGHT_LOP Pin=C27-1
Added Pin To Net: NetName=GND Pin=C27-2
Added Pin To Net: NetName=GND Pin=C28-1
Added Pin To Net: NetName=NetC24_N Pin=C28-2
Added Pin To Net: NetName=GND Pin=C29-1
Added Pin To Net: NetName=NetC25_N Pin=C29-2
Added Pin To Net: NetName=NetC30_N Pin=C30-N
Added Pin To Net: NetName=CODEC_HPROUT Pin=C30-P
Added Pin To Net: NetName=NetC31_N Pin=C31-N
Added Pin To Net: NetName=CODEC_HPLOUT Pin=C31-P
Added Pin To Net: NetName=NetC32_N Pin=C32-N
Added Pin To Net: NetName=CODEC_HPLCOM Pin=C32-P
Added Pin To Net: NetName=NetC33_N Pin=C33-N
Added Pin To Net: NetName=CODEC_HPRCOM Pin=C33-P
Added Pin To Net: NetName=GND Pin=C34-1
Added Pin To Net: NetName=NetC32_N Pin=C34-2
Added Pin To Net: NetName=GND Pin=C35-1
Added Pin To Net: NetName=NetC33_N Pin=C35-2
Added Pin To Net: NetName=LEFT_LOM Pin=C36-1
Added Pin To Net: NetName=GND Pin=C36-2
Added Pin To Net: NetName=RIGHT_LOM Pin=C37-1
Added Pin To Net: NetName=GND Pin=C37-2
Added Pin To Net: NetName=GND Pin=C38-1
Added Pin To Net: NetName=NetC38_2 Pin=C38-2
Added Pin To Net: NetName=GND Pin=C39-1
Added Pin To Net: NetName=VBUS Pin=C39-2
Added Pin To Net: NetName=5V Pin=C40-1
Added Pin To Net: NetName=GND Pin=C40-2
Added Pin To Net: NetName=5V Pin=C41-1
Added Pin To Net: NetName=GND Pin=C41-2
Added Pin To Net: NetName=5V Pin=C42-1
Added Pin To Net: NetName=GND Pin=C42-2
Added Pin To Net: NetName=3V3 Pin=C43-1
Added Pin To Net: NetName=GND Pin=C43-2
Added Pin To Net: NetName=5V Pin=C44-1
Added Pin To Net: NetName=GND Pin=C44-2
Added Pin To Net: NetName=1V8 Pin=C45-1
Added Pin To Net: NetName=GND Pin=C45-2
Added Pin To Net: NetName=I2C_SCL Pin=CN7-01
Added Pin To Net: NetName=I2C_SDA Pin=CN7-03
Added Pin To Net: NetName=GND Pin=CN7-07
Added Pin To Net: NetName=WCLK Pin=CN7-10
Added Pin To Net: NetName=MCLK Pin=CN7-12
Added Pin To Net: NetName=DIN Pin=CN7-14
Added Pin To Net: NetName=BCLK Pin=CN7-16
Added Pin To Net: NetName=DOUT Pin=CN7-20
Added Pin To Net: NetName=GND Pin=CN8-12
Added Pin To Net: NetName=GND Pin=CN8-14
Added Pin To Net: NetName=GND Pin=CN9-11
Added Pin To Net: NetName=GND Pin=CN9-24
Added Pin To Net: NetName=GND Pin=CN10-06
Added Pin To Net: NetName=RESET_N Pin=CN10-14
Added Pin To Net: NetName=GND Pin=CN10-18
Added Pin To Net: NetName=GND Pin=CN10-21
Added Pin To Net: NetName=GND Pin=CN10-28
Added Pin To Net: NetName=5V Pin=CN11-05
Added Pin To Net: NetName=GND Pin=CN11-07
Added Pin To Net: NetName=GND Pin=CN11-19
Added Pin To Net: NetName=GND Pin=CN11-20
Added Pin To Net: NetName=GND Pin=CN11-21
Added Pin To Net: NetName=GND Pin=CN11-50
Added Pin To Net: NetName=GND Pin=CN11-59
Added Pin To Net: NetName=GND Pin=CN12-10
Added Pin To Net: NetName=DP Pin=CN12-11
Added Pin To Net: NetName=DM Pin=CN12-13
Added Pin To Net: NetName=GND Pin=CN12-19
Added Pin To Net: NetName=GND Pin=CN12-40
Added Pin To Net: NetName=GND Pin=CN12-53
Added Pin To Net: NetName=GND Pin=CN12-64
Added Pin To Net: NetName=NetF1_1 Pin=F1-1
Added Pin To Net: NetName=VBUS Pin=F1-2
Added Pin To Net: NetName=NetF1_1 Pin=FB1-1
Added Pin To Net: NetName=5V Pin=FB1-2
Added Pin To Net: NetName=NetC7_2 Pin=J1-01
Added Pin To Net: NetName=NetJ1_02 Pin=J1-02
Added Pin To Net: NetName=MICBIAS Pin=J1-03
Added Pin To Net: NetName=GND Pin=J2-1
Added Pin To Net: NetName=SEL_IN2L Pin=J2-2
Added Pin To Net: NetName=SEL_IN2R Pin=J2-3
Added Pin To Net: NetName=NetJ2_10 Pin=J2-10
Added Pin To Net: NetName=NetJ2_11 Pin=J2-11
Added Pin To Net: NetName=EXT_IN1LP Pin=J3-1
Added Pin To Net: NetName=EXT_IN1LM Pin=J3-2
Added Pin To Net: NetName=GND Pin=J3-3
Added Pin To Net: NetName=EXT_IN1RP Pin=J4-1
Added Pin To Net: NetName=EXT_IN1RM Pin=J4-2
Added Pin To Net: NetName=GND Pin=J4-3
Added Pin To Net: NetName=NetJ5_01 Pin=J5-01
Added Pin To Net: NetName=NetJ2_11 Pin=J5-02
Added Pin To Net: NetName=NetJ5_01 Pin=J6-01
Added Pin To Net: NetName=NetJ2_10 Pin=J6-02
Added Pin To Net: NetName=EXT_IN2L Pin=J7-1
Added Pin To Net: NetName=EXT_IN2R Pin=J7-2
Added Pin To Net: NetName=GND Pin=J7-3
Added Pin To Net: NetName=AVDD Pin=J8-01
Added Pin To Net: NetName=3V3 Pin=J8-02
Added Pin To Net: NetName=DRVDD Pin=J9-01
Added Pin To Net: NetName=3V3 Pin=J9-02
Added Pin To Net: NetName=IOVDD Pin=J10-01
Added Pin To Net: NetName=3V3 Pin=J10-02
Added Pin To Net: NetName=DVDD Pin=J11-01
Added Pin To Net: NetName=1V8 Pin=J11-02
Added Pin To Net: NetName=CODEC_HPRCOM Pin=J12-01
Added Pin To Net: NetName=CODEC_HPLCOM Pin=J12-02
Added Pin To Net: NetName=NetJ13_1 Pin=J13-1
Added Pin To Net: NetName=NetJ13_2 Pin=J13-2
Added Pin To Net: NetName=NetJ13_3 Pin=J13-3
Added Pin To Net: NetName=CODEC_HPLOUT Pin=J14-01
Added Pin To Net: NetName=NetC24_N Pin=J14-02
Added Pin To Net: NetName=CODEC_HPROUT Pin=J15-01
Added Pin To Net: NetName=NetC25_N Pin=J15-02
Added Pin To Net: NetName=LEFT_LOM Pin=J16-1
Added Pin To Net: NetName=LEFT_LOP Pin=J16-2
Added Pin To Net: NetName=RIGHT_LOM Pin=J17-1
Added Pin To Net: NetName=RIGHT_LOP Pin=J17-2
Added Pin To Net: NetName=HPLOUT Pin=J18-1
Added Pin To Net: NetName=HPLCOM Pin=J18-2
Added Pin To Net: NetName=GND Pin=J18-3
Added Pin To Net: NetName=HPROUT Pin=J19-1
Added Pin To Net: NetName=HPRCOM Pin=J19-2
Added Pin To Net: NetName=GND Pin=J19-3
Added Pin To Net: NetName=CODEC_HPLCOM Pin=J20-01
Added Pin To Net: NetName=NetC32_N Pin=J20-02
Added Pin To Net: NetName=CODEC_HPRCOM Pin=J21-01
Added Pin To Net: NetName=NetC33_N Pin=J21-02
Added Pin To Net: NetName=GND Pin=J22-A1_B12
Added Pin To Net: NetName=VBUS Pin=J22-A4_B9
Added Pin To Net: NetName=NetJ22_A5 Pin=J22-A5
Added Pin To Net: NetName=USB_DP1 Pin=J22-A6
Added Pin To Net: NetName=USB_DM1 Pin=J22-A7
Added Pin To Net: NetName=GND Pin=J22-B1_A12
Added Pin To Net: NetName=VBUS Pin=J22-B4_A9
Added Pin To Net: NetName=NetJ22_B5 Pin=J22-B5
Added Pin To Net: NetName=USB_DP1 Pin=J22-B6
Added Pin To Net: NetName=USB_DM1 Pin=J22-B7
Added Pin To Net: NetName=NetC38_2 Pin=J22-SH
Added Pin To Net: NetName=NetC38_2 Pin=J22-SH
Added Pin To Net: NetName=NetC38_2 Pin=J22-SH
Added Pin To Net: NetName=NetC38_2 Pin=J22-SH
Added Pin To Net: NetName=GND Pin=MIC1-N
Added Pin To Net: NetName=NetJ5_01 Pin=MIC1-P
Added Pin To Net: NetName=NetJ1_02 Pin=R1-1
Added Pin To Net: NetName=SEL_IN2L Pin=R1-2
Added Pin To Net: NetName=NetJ1_02 Pin=R2-1
Added Pin To Net: NetName=SEL_IN2R Pin=R2-2
Added Pin To Net: NetName=NetC7_2 Pin=R3-1
Added Pin To Net: NetName=3V3 Pin=R3-2
Added Pin To Net: NetName=SEL_IN2L Pin=R4-1
Added Pin To Net: NetName=EXT_IN2L Pin=R4-2
Added Pin To Net: NetName=SEL_IN2R Pin=R5-1
Added Pin To Net: NetName=EXT_IN2R Pin=R5-2
Added Pin To Net: NetName=I2C_SDA Pin=R6-1
Added Pin To Net: NetName=IOVDD Pin=R6-2
Added Pin To Net: NetName=I2C_SCL Pin=R7-1
Added Pin To Net: NetName=IOVDD Pin=R7-2
Added Pin To Net: NetName=RESET_N Pin=R8-1
Added Pin To Net: NetName=IOVDD Pin=R8-2
Added Pin To Net: NetName=CODEC_LEFT_LOP Pin=R9-1
Added Pin To Net: NetName=LEFT_LOP Pin=R9-2
Added Pin To Net: NetName=CODEC_RIGHT_LOP Pin=R10-1
Added Pin To Net: NetName=RIGHT_LOP Pin=R10-2
Added Pin To Net: NetName=NetC24_N Pin=R11-1
Added Pin To Net: NetName=HPLOUT Pin=R11-2
Added Pin To Net: NetName=NetC25_N Pin=R12-1
Added Pin To Net: NetName=HPROUT Pin=R12-2
Added Pin To Net: NetName=NetC32_N Pin=R13-1
Added Pin To Net: NetName=HPLCOM Pin=R13-2
Added Pin To Net: NetName=NetC33_N Pin=R14-1
Added Pin To Net: NetName=HPRCOM Pin=R14-2
Added Pin To Net: NetName=CODEC_LEFT_LOM Pin=R15-1
Added Pin To Net: NetName=LEFT_LOM Pin=R15-2
Added Pin To Net: NetName=CODEC_RIGHT_LOM Pin=R16-1
Added Pin To Net: NetName=RIGHT_LOM Pin=R16-2
Added Pin To Net: NetName=GND Pin=R17-1
Added Pin To Net: NetName=NetJ22_A5 Pin=R17-2
Added Pin To Net: NetName=GND Pin=R18-1
Added Pin To Net: NetName=NetJ22_B5 Pin=R18-2
Added Pin To Net: NetName=CODEC_HPROUT Pin=S1-1
Added Pin To Net: NetName=NetJ13_2 Pin=S1-2
Added Pin To Net: NetName=NetC30_N Pin=S1-3
Added Pin To Net: NetName=CODEC_HPLOUT Pin=S1-4
Added Pin To Net: NetName=NetJ13_3 Pin=S1-5
Added Pin To Net: NetName=NetC31_N Pin=S1-6
Added Pin To Net: NetName=CODEC_HPRCOM Pin=S1-7
Added Pin To Net: NetName=NetJ13_1 Pin=S1-8
Added Pin To Net: NetName=GND Pin=S1-9
Added Pin To Net: NetName=MICBIAS Pin=TP1-TP
Added Pin To Net: NetName=CODEC_IN1LP Pin=TP2-TP
Added Pin To Net: NetName=CODEC_IN1RP Pin=TP3-TP
Added Pin To Net: NetName=CODEC_IN2L Pin=TP4-TP
Added Pin To Net: NetName=CODEC_IN1LM Pin=TP5-TP
Added Pin To Net: NetName=CODEC_IN1RM Pin=TP6-TP
Added Pin To Net: NetName=CODEC_IN2R Pin=TP7-TP
Added Pin To Net: NetName=RESET_N Pin=TP8-TP
Added Pin To Net: NetName=I2C_SCL Pin=TP9-TP
Added Pin To Net: NetName=I2C_SDA Pin=TP10-TP
Added Pin To Net: NetName=DIN Pin=TP11-TP
Added Pin To Net: NetName=DOUT Pin=TP12-TP
Added Pin To Net: NetName=BCLK Pin=TP13-TP
Added Pin To Net: NetName=WCLK Pin=TP14-TP
Added Pin To Net: NetName=MCLK Pin=TP15-TP
Added Pin To Net: NetName=LEFT_LOP Pin=TP16-TP
Added Pin To Net: NetName=RIGHT_LOP Pin=TP17-TP
Added Pin To Net: NetName=NetC24_N Pin=TP18-TP
Added Pin To Net: NetName=NetC25_N Pin=TP19-TP
Added Pin To Net: NetName=CODEC_HPROUT Pin=TP20-TP
Added Pin To Net: NetName=CODEC_HPLOUT Pin=TP21-TP
Added Pin To Net: NetName=NetC32_N Pin=TP22-TP
Added Pin To Net: NetName=NetC33_N Pin=TP23-TP
Added Pin To Net: NetName=LEFT_LOM Pin=TP24-TP
Added Pin To Net: NetName=RIGHT_LOM Pin=TP25-TP
Added Pin To Net: NetName=CODEC_HPRCOM Pin=TP26-TP
Added Pin To Net: NetName=MCLK Pin=U1-1
Added Pin To Net: NetName=BCLK Pin=U1-2
Added Pin To Net: NetName=WCLK Pin=U1-3
Added Pin To Net: NetName=DIN Pin=U1-4
Added Pin To Net: NetName=DOUT Pin=U1-5
Added Pin To Net: NetName=GND Pin=U1-6
Added Pin To Net: NetName=IOVDD Pin=U1-7
Added Pin To Net: NetName=I2C_SCL Pin=U1-8
Added Pin To Net: NetName=I2C_SDA Pin=U1-9
Added Pin To Net: NetName=CODEC_IN1LP Pin=U1-10
Added Pin To Net: NetName=CODEC_IN1LM Pin=U1-11
Added Pin To Net: NetName=CODEC_IN1RP Pin=U1-12
Added Pin To Net: NetName=CODEC_IN1RM Pin=U1-13
Added Pin To Net: NetName=CODEC_IN2L Pin=U1-14
Added Pin To Net: NetName=MICBIAS Pin=U1-15
Added Pin To Net: NetName=CODEC_IN2R Pin=U1-16
Added Pin To Net: NetName=GND Pin=U1-17
Added Pin To Net: NetName=DRVDD Pin=U1-18
Added Pin To Net: NetName=CODEC_HPLOUT Pin=U1-19
Added Pin To Net: NetName=CODEC_HPLCOM Pin=U1-20
Added Pin To Net: NetName=GND Pin=U1-21
Added Pin To Net: NetName=CODEC_HPRCOM Pin=U1-22
Added Pin To Net: NetName=CODEC_HPROUT Pin=U1-23
Added Pin To Net: NetName=DRVDD Pin=U1-24
Added Pin To Net: NetName=AVDD Pin=U1-25
Added Pin To Net: NetName=GND Pin=U1-26
Added Pin To Net: NetName=CODEC_LEFT_LOP Pin=U1-27
Added Pin To Net: NetName=CODEC_LEFT_LOM Pin=U1-28
Added Pin To Net: NetName=CODEC_RIGHT_LOP Pin=U1-29
Added Pin To Net: NetName=CODEC_RIGHT_LOM Pin=U1-30
Added Pin To Net: NetName=RESET_N Pin=U1-31
Added Pin To Net: NetName=DVDD Pin=U1-32
Added Pin To Net: NetName=GND Pin=U1-33
Added Pin To Net: NetName=USB_DP1 Pin=U2-1
Added Pin To Net: NetName=GND Pin=U2-2
Added Pin To Net: NetName=USB_DM1 Pin=U2-3
Added Pin To Net: NetName=DM Pin=U2-4
Added Pin To Net: NetName=VBUS Pin=U2-5
Added Pin To Net: NetName=DP Pin=U2-6
Added Pin To Net: NetName=5V Pin=U3-1
Added Pin To Net: NetName=GND Pin=U3-2
Added Pin To Net: NetName=5V Pin=U3-3
Added Pin To Net: NetName=GND Pin=U3-4
Added Pin To Net: NetName=3V3 Pin=U3-5
Added Pin To Net: NetName=5V Pin=U4-1
Added Pin To Net: NetName=GND Pin=U4-2
Added Pin To Net: NetName=5V Pin=U4-3
Added Pin To Net: NetName=GND Pin=U4-4
Added Pin To Net: NetName=1V8 Pin=U4-5
Added Member To Class: ClassName=CODEC Member=Component C1 DNP_1206
Added Member To Class: ClassName=CODEC Member=Component C2 C3216X7R2A104K160AA
Added Member To Class: ClassName=CODEC Member=Component C3 C3216X7R2A104K160AA
Added Member To Class: ClassName=CODEC Member=Component C4 DNP_1206
Added Member To Class: ClassName=CODEC Member=Component C5 DNP_1206
Added Member To Class: ClassName=CODEC Member=Component C6 C3216X7R2A104K160AA
Added Member To Class: ClassName=CODEC Member=Component C7 C3225X7R1H106K250AC
Added Member To Class: ClassName=CODEC Member=Component C8 DNP_1206
Added Member To Class: ClassName=CODEC Member=Component C9 C3216X7R2A104K160AA
Added Member To Class: ClassName=CODEC Member=Component C10 C3216X7R2A104K160AA
Added Member To Class: ClassName=CODEC Member=Component C11 DNP_1206
Added Member To Class: ClassName=CODEC Member=Component C12 DNP_1206
Added Member To Class: ClassName=CODEC Member=Component C13 C3216X7R2A104K160AA
Added Member To Class: ClassName=CODEC Member=Component C14 DNP_1206
Added Member To Class: ClassName=CODEC Member=Component C15 C3225X7R1H106K250AC
Added Member To Class: ClassName=CODEC Member=Component C16 C0603G104K5RACT500
Added Member To Class: ClassName=CODEC Member=Component C17 C3225X7R1H106K250AC
Added Member To Class: ClassName=CODEC Member=Component C18 C0603G104K5RACT500
Added Member To Class: ClassName=CODEC Member=Component C19 C0603G104K5RACT500
Added Member To Class: ClassName=CODEC Member=Component C20 C3225X7R1H106K250AC
Added Member To Class: ClassName=CODEC Member=Component C21 C0603G104K5RACT500
Added Member To Class: ClassName=CODEC Member=Component C22 C3225X7R1H106K250AC
Added Member To Class: ClassName=CODEC Member=Component C23 C0603G104K5RACT500
Added Member To Class: ClassName=CODEC Member=Component C24 EEU-FR1E221B
Added Member To Class: ClassName=CODEC Member=Component C25 EEU-FR1E221B
Added Member To Class: ClassName=CODEC Member=Component C26 C1608X7R1H473K080AE
Added Member To Class: ClassName=CODEC Member=Component C27 C1608X7R1H473K080AE
Added Member To Class: ClassName=CODEC Member=Component C28 DNP_1206
Added Member To Class: ClassName=CODEC Member=Component C29 DNP_1206
Added Member To Class: ClassName=CODEC Member=Component C30 EEU-FR1E221B
Added Member To Class: ClassName=CODEC Member=Component C31 EEU-FR1E221B
Added Member To Class: ClassName=CODEC Member=Component C32 EEU-FR1E221B
Added Member To Class: ClassName=CODEC Member=Component C33 EEU-FR1E221B
Added Member To Class: ClassName=CODEC Member=Component C34 DNP_1206
Added Member To Class: ClassName=CODEC Member=Component C35 DNP_1206
Added Member To Class: ClassName=CODEC Member=Component C36 C1608X7R1H473K080AE
Added Member To Class: ClassName=CODEC Member=Component C37 C1608X7R1H473K080AE
Added Member To Class: ClassName=PS Member=Component C38 CC0805KRX7R9BB104
Added Member To Class: ClassName=PS Member=Component C39 CC0805KRX7R9BB104
Added Member To Class: ClassName=PS Member=Component C40 CL21B105KBFNNNE
Added Member To Class: ClassName=PS Member=Component C41 C3216X5R1C106K160AA
Added Member To Class: ClassName=PS Member=Component C42 CL21B105KBFNNNE
Added Member To Class: ClassName=PS Member=Component C43 CL21B105KBFNNNE
Added Member To Class: ClassName=PS Member=Component C44 CL21B105KBFNNNE
Added Member To Class: ClassName=PS Member=Component C45 CL21B105KBFNNNE
Added Member To Class: ClassName=AudioLab Member=Component CN7 TSW-110-07-G-D
Added Member To Class: ClassName=AudioLab Member=Component CN8 TSW-108-07-G-D
Added Member To Class: ClassName=AudioLab Member=Component CN9 TSW-115-07-G-D
Added Member To Class: ClassName=AudioLab Member=Component CN10 TSW-117-07-G-D-LL
Added Member To Class: ClassName=AudioLab Member=Component CN11 SSW-135-01-F-D
Added Member To Class: ClassName=AudioLab Member=Component CN12 SSW-135-01-F-D
Added Member To Class: ClassName=PS Member=Component F1 0467002.NR
Added Member To Class: ClassName=PS Member=Component FB1 BLM21PG221SN1D
Added Member To Class: ClassName=CODEC Member=Component J1 M20-9990346
Added Member To Class: ClassName=CODEC Member=Component J2 SJ1-3515-SMT-TR
Added Member To Class: ClassName=CODEC Member=Component J3 397730003
Added Member To Class: ClassName=CODEC Member=Component J4 397730003
Added Member To Class: ClassName=CODEC Member=Component J5 HTSW-102-07-G-S
Added Member To Class: ClassName=CODEC Member=Component J6 HTSW-102-07-G-S
Added Member To Class: ClassName=CODEC Member=Component J7 397730003
Added Member To Class: ClassName=CODEC Member=Component J8 HTSW-102-07-G-S
Added Member To Class: ClassName=CODEC Member=Component J9 HTSW-102-07-G-S
Added Member To Class: ClassName=CODEC Member=Component J10 HTSW-102-07-G-S
Added Member To Class: ClassName=CODEC Member=Component J11 HTSW-102-07-G-S
Added Member To Class: ClassName=CODEC Member=Component J12 HTSW-102-07-G-S
Added Member To Class: ClassName=CODEC Member=Component J13 SJ1-3515-SMT-TR
Added Member To Class: ClassName=CODEC Member=Component J14 HTSW-102-07-G-S
Added Member To Class: ClassName=CODEC Member=Component J15 HTSW-102-07-G-S
Added Member To Class: ClassName=CODEC Member=Component J16 0397730002
Added Member To Class: ClassName=CODEC Member=Component J17 0397730002
Added Member To Class: ClassName=CODEC Member=Component J18 397730003
Added Member To Class: ClassName=CODEC Member=Component J19 397730003
Added Member To Class: ClassName=CODEC Member=Component J20 HTSW-102-07-G-S
Added Member To Class: ClassName=CODEC Member=Component J21 HTSW-102-07-G-S
Added Member To Class: ClassName=PS Member=Component J22 USB4105-GF-A-120
Added Member To Class: ClassName=CODEC Member=Component MIC1 AOM-4544P-2-R
Added Member To Class: ClassName=CODEC Member=Component R1 ERJ-8GEYJ222V
Added Member To Class: ClassName=CODEC Member=Component R2 ERJ-8GEYJ222V
Added Member To Class: ClassName=CODEC Member=Component R3 DNP_1206
Added Member To Class: ClassName=CODEC Member=Component R4 ERJ-8GEY0R00V
Added Member To Class: ClassName=CODEC Member=Component R5 ERJ-8GEY0R00V
Added Member To Class: ClassName=CODEC Member=Component R6 ERJ-3GEYJ272V
Added Member To Class: ClassName=CODEC Member=Component R7 ERJ-3GEYJ272V
Added Member To Class: ClassName=CODEC Member=Component R8 RC0603FR-07100KL
Added Member To Class: ClassName=CODEC Member=Component R9 RC0603FR-07100RL
Added Member To Class: ClassName=CODEC Member=Component R10 RC0603FR-07100RL
Added Member To Class: ClassName=CODEC Member=Component R11 ERJ-8GEY0R00V
Added Member To Class: ClassName=CODEC Member=Component R12 ERJ-8GEY0R00V
Added Member To Class: ClassName=CODEC Member=Component R13 ERJ-8GEY0R00V
Added Member To Class: ClassName=CODEC Member=Component R14 ERJ-8GEY0R00V
Added Member To Class: ClassName=CODEC Member=Component R15 RC0603FR-07100RL
Added Member To Class: ClassName=CODEC Member=Component R16 RC0603FR-07100RL
Added Member To Class: ClassName=PS Member=Component R17 RC0603FR-075K1L
Added Member To Class: ClassName=PS Member=Component R18 RC0603FR-075K1L
Added Member To Class: ClassName=CODEC Member=Component S1 EG4208
Added Member To Class: ClassName=CODEC Member=Component TP1 5000
Added Member To Class: ClassName=CODEC Member=Component TP2 5000
Added Member To Class: ClassName=CODEC Member=Component TP3 5000
Added Member To Class: ClassName=CODEC Member=Component TP4 5000
Added Member To Class: ClassName=CODEC Member=Component TP5 5000
Added Member To Class: ClassName=CODEC Member=Component TP6 5000
Added Member To Class: ClassName=CODEC Member=Component TP7 5000
Added Member To Class: ClassName=CODEC Member=Component TP8 5000
Added Member To Class: ClassName=CODEC Member=Component TP9 5000
Added Member To Class: ClassName=CODEC Member=Component TP10 5000
Added Member To Class: ClassName=CODEC Member=Component TP11 5000
Added Member To Class: ClassName=CODEC Member=Component TP12 5000
Added Member To Class: ClassName=CODEC Member=Component TP13 5000
Added Member To Class: ClassName=CODEC Member=Component TP14 5000
Added Member To Class: ClassName=CODEC Member=Component TP15 5000
Added Member To Class: ClassName=CODEC Member=Component TP16 5000
Added Member To Class: ClassName=CODEC Member=Component TP17 5000
Added Member To Class: ClassName=CODEC Member=Component TP18 5000
Added Member To Class: ClassName=CODEC Member=Component TP19 5000
Added Member To Class: ClassName=CODEC Member=Component TP20 5000
Added Member To Class: ClassName=CODEC Member=Component TP21 5000
Added Member To Class: ClassName=CODEC Member=Component TP22 5000
Added Member To Class: ClassName=CODEC Member=Component TP23 5000
Added Member To Class: ClassName=CODEC Member=Component TP24 5000
Added Member To Class: ClassName=CODEC Member=Component TP25 5000
Added Member To Class: ClassName=CODEC Member=Component TP26 5000
Added Member To Class: ClassName=CODEC Member=Component U1 TLV320AIC3104IRHBR
Added Member To Class: ClassName=PS Member=Component U2 USBLC6-2P6
Added Member To Class: ClassName=PS Member=Component U3 TLV75533PDBVR
Added Member To Class: ClassName=PS Member=Component U4 TLV70018DDCR
