Replace Part C1 DNP_1206 in C:\Users\marti\gh\audiolab\hardware\altium\project\Codec.SchDoc with DNP_1206 from Capacitors.IntLib
Replace Part C2 C3216X7R2A104K160AA in C:\Users\marti\gh\audiolab\hardware\altium\project\Codec.SchDoc with C3216X7R2A104K160AA from Capacitors.IntLib
Replace Part C3 C3216X7R2A104K160AA in C:\Users\marti\gh\audiolab\hardware\altium\project\Codec.SchDoc with C3216X7R2A104K160AA from Capacitors.IntLib
Replace Part C4 DNP_1206 in C:\Users\marti\gh\audiolab\hardware\altium\project\Codec.SchDoc with DNP_1206 from Capacitors.IntLib
Replace Part C5 DNP_1206 in C:\Users\marti\gh\audiolab\hardware\altium\project\Codec.SchDoc with DNP_1206 from Capacitors.IntLib
Replace Part C6 C3216X7R2A104K160AA in C:\Users\marti\gh\audiolab\hardware\altium\project\Codec.SchDoc with C3216X7R2A104K160AA from Capacitors.IntLib
Replace Part C7 C3225X7R1H106K250AC in C:\Users\marti\gh\audiolab\hardware\altium\project\Codec.SchDoc with C3225X7R1H106K250AC from Capacitors.IntLib
Replace Part C8 DNP_1206 in C:\Users\marti\gh\audiolab\hardware\altium\project\Codec.SchDoc with DNP_1206 from Capacitors.IntLib
Replace Part C9 C3216X7R2A104K160AA in C:\Users\marti\gh\audiolab\hardware\altium\project\Codec.SchDoc with C3216X7R2A104K160AA from Capacitors.IntLib
Replace Part C10 C3216X7R2A104K160AA in C:\Users\marti\gh\audiolab\hardware\altium\project\Codec.SchDoc with C3216X7R2A104K160AA from Capacitors.IntLib
Replace Part C11 DNP_1206 in C:\Users\marti\gh\audiolab\hardware\altium\project\Codec.SchDoc with DNP_1206 from Capacitors.IntLib
Replace Part C12 DNP_1206 in C:\Users\marti\gh\audiolab\hardware\altium\project\Codec.SchDoc with DNP_1206 from Capacitors.IntLib
Replace Part C13 C3216X7R2A104K160AA in C:\Users\marti\gh\audiolab\hardware\altium\project\Codec.SchDoc with C3216X7R2A104K160AA from Capacitors.IntLib
Replace Part C14 DNP_1206 in C:\Users\marti\gh\audiolab\hardware\altium\project\Codec.SchDoc with DNP_1206 from Capacitors.IntLib
Replace Part C15 C3225X7R1H106K250AC in C:\Users\marti\gh\audiolab\hardware\altium\project\Codec.SchDoc with C3225X7R1H106K250AC from Capacitors.IntLib
Replace Part C16 C0603G104K5RACT500 in C:\Users\marti\gh\audiolab\hardware\altium\project\Codec.SchDoc with C0603G104K5RACT500 from Capacitors.IntLib
Replace Part C17 C3225X7R1H106K250AC in C:\Users\marti\gh\audiolab\hardware\altium\project\Codec.SchDoc with C3225X7R1H106K250AC from Capacitors.IntLib
Replace Part C18 C0603G104K5RACT500 in C:\Users\marti\gh\audiolab\hardware\altium\project\Codec.SchDoc with C0603G104K5RACT500 from Capacitors.IntLib
Replace Part C19 C0603G104K5RACT500 in C:\Users\marti\gh\audiolab\hardware\altium\project\Codec.SchDoc with C0603G104K5RACT500 from Capacitors.IntLib
Replace Part C20 C3225X7R1H106K250AC in C:\Users\marti\gh\audiolab\hardware\altium\project\Codec.SchDoc with C3225X7R1H106K250AC from Capacitors.IntLib
Replace Part C21 C0603G104K5RACT500 in C:\Users\marti\gh\audiolab\hardware\altium\project\Codec.SchDoc with C0603G104K5RACT500 from Capacitors.IntLib
Replace Part C22 C3225X7R1H106K250AC in C:\Users\marti\gh\audiolab\hardware\altium\project\Codec.SchDoc with C3225X7R1H106K250AC from Capacitors.IntLib
Replace Part C23 C0603G104K5RACT500 in C:\Users\marti\gh\audiolab\hardware\altium\project\Codec.SchDoc with C0603G104K5RACT500 from Capacitors.IntLib
Replace Part C24 EEU-FR1E221B in C:\Users\marti\gh\audiolab\hardware\altium\project\Codec.SchDoc with EEU-FR1E221B from Capacitors.IntLib
Replace Part C25 EEU-FR1E221B in C:\Users\marti\gh\audiolab\hardware\altium\project\Codec.SchDoc with EEU-FR1E221B from Capacitors.IntLib
Replace Part C26 C1608X7R1H473K080AE in C:\Users\marti\gh\audiolab\hardware\altium\project\Codec.SchDoc with C1608X7R1H473K080AE from Capacitors.IntLib
Replace Part C27 C1608X7R1H473K080AE in C:\Users\marti\gh\audiolab\hardware\altium\project\Codec.SchDoc with C1608X7R1H473K080AE from Capacitors.IntLib
Replace Part C28 DNP_1206 in C:\Users\marti\gh\audiolab\hardware\altium\project\Codec.SchDoc with DNP_1206 from Capacitors.IntLib
Replace Part C29 DNP_1206 in C:\Users\marti\gh\audiolab\hardware\altium\project\Codec.SchDoc with DNP_1206 from Capacitors.IntLib
Replace Part C30 EEU-FR1E221B in C:\Users\marti\gh\audiolab\hardware\altium\project\Codec.SchDoc with EEU-FR1E221B from Capacitors.IntLib
Replace Part C31 EEU-FR1E221B in C:\Users\marti\gh\audiolab\hardware\altium\project\Codec.SchDoc with EEU-FR1E221B from Capacitors.IntLib
Replace Part C32 EEU-FR1E221B in C:\Users\marti\gh\audiolab\hardware\altium\project\Codec.SchDoc with EEU-FR1E221B from Capacitors.IntLib
Replace Part C33 EEU-FR1E221B in C:\Users\marti\gh\audiolab\hardware\altium\project\Codec.SchDoc with EEU-FR1E221B from Capacitors.IntLib
Replace Part C34 DNP_1206 in C:\Users\marti\gh\audiolab\hardware\altium\project\Codec.SchDoc with DNP_1206 from Capacitors.IntLib
Replace Part C35 DNP_1206 in C:\Users\marti\gh\audiolab\hardware\altium\project\Codec.SchDoc with DNP_1206 from Capacitors.IntLib
Replace Part C36 C1608X7R1H473K080AE in C:\Users\marti\gh\audiolab\hardware\altium\project\Codec.SchDoc with C1608X7R1H473K080AE from Capacitors.IntLib
Replace Part C37 C1608X7R1H473K080AE in C:\Users\marti\gh\audiolab\hardware\altium\project\Codec.SchDoc with C1608X7R1H473K080AE from Capacitors.IntLib
Replace Part J1 M20-9990346 in C:\Users\marti\gh\audiolab\hardware\altium\project\Codec.SchDoc with M20-9990346 from Connectors.IntLib
Replace Part J2 SJ1-3515-SMT-TR in C:\Users\marti\gh\audiolab\hardware\altium\project\Codec.SchDoc with SJ1-3515-SMT-TR from Connectors.IntLib
Replace Part J3 397730003 in C:\Users\marti\gh\audiolab\hardware\altium\project\Codec.SchDoc with 397730003 from Connectors.IntLib
Replace Part J4 397730003 in C:\Users\marti\gh\audiolab\hardware\altium\project\Codec.SchDoc with 397730003 from Connectors.IntLib
Replace Part J5 HTSW-102-07-G-S in C:\Users\marti\gh\audiolab\hardware\altium\project\Codec.SchDoc with HTSW-102-07-G-S from Connectors.IntLib
Replace Part J6 HTSW-102-07-G-S in C:\Users\marti\gh\audiolab\hardware\altium\project\Codec.SchDoc with HTSW-102-07-G-S from Connectors.IntLib
Replace Part J7 397730003 in C:\Users\marti\gh\audiolab\hardware\altium\project\Codec.SchDoc with 397730003 from Connectors.IntLib
Replace Part J8 HTSW-102-07-G-S in C:\Users\marti\gh\audiolab\hardware\altium\project\Codec.SchDoc with HTSW-102-07-G-S from Connectors.IntLib
Replace Part J9 HTSW-102-07-G-S in C:\Users\marti\gh\audiolab\hardware\altium\project\Codec.SchDoc with HTSW-102-07-G-S from Connectors.IntLib
Replace Part J10 HTSW-102-07-G-S in C:\Users\marti\gh\audiolab\hardware\altium\project\Codec.SchDoc with HTSW-102-07-G-S from Connectors.IntLib
Replace Part J11 HTSW-102-07-G-S in C:\Users\marti\gh\audiolab\hardware\altium\project\Codec.SchDoc with HTSW-102-07-G-S from Connectors.IntLib
Replace Part J12 HTSW-102-07-G-S in C:\Users\marti\gh\audiolab\hardware\altium\project\Codec.SchDoc with HTSW-102-07-G-S from Connectors.IntLib
Replace Part J13 SJ1-3515-SMT-TR in C:\Users\marti\gh\audiolab\hardware\altium\project\Codec.SchDoc with SJ1-3515-SMT-TR from Connectors.IntLib
Replace Part J14 HTSW-102-07-G-S in C:\Users\marti\gh\audiolab\hardware\altium\project\Codec.SchDoc with HTSW-102-07-G-S from Connectors.IntLib
Replace Part J15 HTSW-102-07-G-S in C:\Users\marti\gh\audiolab\hardware\altium\project\Codec.SchDoc with HTSW-102-07-G-S from Connectors.IntLib
Replace Part J16 0397730002 in C:\Users\marti\gh\audiolab\hardware\altium\project\Codec.SchDoc with 0397730002 from Connectors.IntLib
Replace Part J17 0397730002 in C:\Users\marti\gh\audiolab\hardware\altium\project\Codec.SchDoc with 0397730002 from Connectors.IntLib
Replace Part J18 397730003 in C:\Users\marti\gh\audiolab\hardware\altium\project\Codec.SchDoc with 397730003 from Connectors.IntLib
Replace Part J19 397730003 in C:\Users\marti\gh\audiolab\hardware\altium\project\Codec.SchDoc with 397730003 from Connectors.IntLib
Replace Part J20 HTSW-102-07-G-S in C:\Users\marti\gh\audiolab\hardware\altium\project\Codec.SchDoc with HTSW-102-07-G-S from Connectors.IntLib
Replace Part J21 HTSW-102-07-G-S in C:\Users\marti\gh\audiolab\hardware\altium\project\Codec.SchDoc with HTSW-102-07-G-S from Connectors.IntLib
Replace Part MIC1 AOM-4544P-2-R in C:\Users\marti\gh\audiolab\hardware\altium\project\Codec.SchDoc with AOM-4544P-2-R from Microphones.IntLib
Replace Part R1 ERJ-8GEYJ222V in C:\Users\marti\gh\audiolab\hardware\altium\project\Codec.SchDoc with ERJ-8GEYJ222V from Resistors.IntLib
Replace Part R2 ERJ-8GEYJ222V in C:\Users\marti\gh\audiolab\hardware\altium\project\Codec.SchDoc with ERJ-8GEYJ222V from Resistors.IntLib
Replace Part R3 DNP_1206 in C:\Users\marti\gh\audiolab\hardware\altium\project\Codec.SchDoc with DNP_1206 from Resistors.IntLib
Replace Part R4 ERJ-8GEY0R00V in C:\Users\marti\gh\audiolab\hardware\altium\project\Codec.SchDoc with ERJ-8GEY0R00V from Resistors.IntLib
Replace Part R5 ERJ-8GEY0R00V in C:\Users\marti\gh\audiolab\hardware\altium\project\Codec.SchDoc with ERJ-8GEY0R00V from Resistors.IntLib
Replace Part R6 ERJ-3GEYJ272V in C:\Users\marti\gh\audiolab\hardware\altium\project\Codec.SchDoc with ERJ-3GEYJ272V from Resistors.IntLib
Replace Part R7 ERJ-3GEYJ272V in C:\Users\marti\gh\audiolab\hardware\altium\project\Codec.SchDoc with ERJ-3GEYJ272V from Resistors.IntLib
Replace Part R8 RC0603FR-07100KL in C:\Users\marti\gh\audiolab\hardware\altium\project\Codec.SchDoc with RC0603FR-07100KL from Resistors.IntLib
Replace Part R9 RC0603FR-07100RL in C:\Users\marti\gh\audiolab\hardware\altium\project\Codec.SchDoc with RC0603FR-07100RL from Resistors.IntLib
Replace Part R10 RC0603FR-07100RL in C:\Users\marti\gh\audiolab\hardware\altium\project\Codec.SchDoc with RC0603FR-07100RL from Resistors.IntLib
Replace Part R11 ERJ-8GEY0R00V in C:\Users\marti\gh\audiolab\hardware\altium\project\Codec.SchDoc with ERJ-8GEY0R00V from Resistors.IntLib
Replace Part R12 ERJ-8GEY0R00V in C:\Users\marti\gh\audiolab\hardware\altium\project\Codec.SchDoc with ERJ-8GEY0R00V from Resistors.IntLib
Replace Part R13 ERJ-8GEY0R00V in C:\Users\marti\gh\audiolab\hardware\altium\project\Codec.SchDoc with ERJ-8GEY0R00V from Resistors.IntLib
Replace Part R14 ERJ-8GEY0R00V in C:\Users\marti\gh\audiolab\hardware\altium\project\Codec.SchDoc with ERJ-8GEY0R00V from Resistors.IntLib
Replace Part R15 RC0603FR-07100RL in C:\Users\marti\gh\audiolab\hardware\altium\project\Codec.SchDoc with RC0603FR-07100RL from Resistors.IntLib
Replace Part R16 RC0603FR-07100RL in C:\Users\marti\gh\audiolab\hardware\altium\project\Codec.SchDoc with RC0603FR-07100RL from Resistors.IntLib
Replace Part S1 EG4208 in C:\Users\marti\gh\audiolab\hardware\altium\project\Codec.SchDoc with EG4208 from Switches.IntLib
Replace Part S1 EG4208 in C:\Users\marti\gh\audiolab\hardware\altium\project\Codec.SchDoc with EG4208 from Switches.IntLib
Replace Part S1 EG4208 in C:\Users\marti\gh\audiolab\hardware\altium\project\Codec.SchDoc with EG4208 from Switches.IntLib
Replace Part S1 EG4208 in C:\Users\marti\gh\audiolab\hardware\altium\project\Codec.SchDoc with EG4208 from Switches.IntLib
Replace Part TP1 5000 in C:\Users\marti\gh\audiolab\hardware\altium\project\Codec.SchDoc with 5000 from Connectors.IntLib
Replace Part TP2 5000 in C:\Users\marti\gh\audiolab\hardware\altium\project\Codec.SchDoc with 5000 from Connectors.IntLib
Replace Part TP3 5000 in C:\Users\marti\gh\audiolab\hardware\altium\project\Codec.SchDoc with 5000 from Connectors.IntLib
Replace Part TP4 5000 in C:\Users\marti\gh\audiolab\hardware\altium\project\Codec.SchDoc with 5000 from Connectors.IntLib
Replace Part TP5 5000 in C:\Users\marti\gh\audiolab\hardware\altium\project\Codec.SchDoc with 5000 from Connectors.IntLib
Replace Part TP6 5000 in C:\Users\marti\gh\audiolab\hardware\altium\project\Codec.SchDoc with 5000 from Connectors.IntLib
Replace Part TP7 5000 in C:\Users\marti\gh\audiolab\hardware\altium\project\Codec.SchDoc with 5000 from Connectors.IntLib
Replace Part TP8 5000 in C:\Users\marti\gh\audiolab\hardware\altium\project\Codec.SchDoc with 5000 from Connectors.IntLib
Replace Part TP9 5000 in C:\Users\marti\gh\audiolab\hardware\altium\project\Codec.SchDoc with 5000 from Connectors.IntLib
Replace Part TP10 5000 in C:\Users\marti\gh\audiolab\hardware\altium\project\Codec.SchDoc with 5000 from Connectors.IntLib
Replace Part TP11 5000 in C:\Users\marti\gh\audiolab\hardware\altium\project\Codec.SchDoc with 5000 from Connectors.IntLib
Replace Part TP12 5000 in C:\Users\marti\gh\audiolab\hardware\altium\project\Codec.SchDoc with 5000 from Connectors.IntLib
Replace Part TP13 5000 in C:\Users\marti\gh\audiolab\hardware\altium\project\Codec.SchDoc with 5000 from Connectors.IntLib
Replace Part TP14 5000 in C:\Users\marti\gh\audiolab\hardware\altium\project\Codec.SchDoc with 5000 from Connectors.IntLib
Replace Part TP15 5000 in C:\Users\marti\gh\audiolab\hardware\altium\project\Codec.SchDoc with 5000 from Connectors.IntLib
Replace Part TP16 5000 in C:\Users\marti\gh\audiolab\hardware\altium\project\Codec.SchDoc with 5000 from Connectors.IntLib
Replace Part TP17 5000 in C:\Users\marti\gh\audiolab\hardware\altium\project\Codec.SchDoc with 5000 from Connectors.IntLib
Replace Part TP18 5000 in C:\Users\marti\gh\audiolab\hardware\altium\project\Codec.SchDoc with 5000 from Connectors.IntLib
Replace Part U1 TLV320AIC3104IRHBR in C:\Users\marti\gh\audiolab\hardware\altium\project\Codec.SchDoc with TLV320AIC3104IRHBR from ICs.IntLib
Replace Part U1 TLV320AIC3104IRHBR in C:\Users\marti\gh\audiolab\hardware\altium\project\Codec.SchDoc with TLV320AIC3104IRHBR from ICs.IntLib
Replace Part U1 TLV320AIC3104IRHBR in C:\Users\marti\gh\audiolab\hardware\altium\project\Codec.SchDoc with TLV320AIC3104IRHBR from ICs.IntLib
